ACTION START 1200 0 START
ACTION QUERY 1200 10 importance of capstone project
ACTION SERP 1200 15 EXAMINE_SERP
ACTION SNIPPET 1200 18 SNIPPET_NOT_RELEVANT 67529347
ACTION SNIPPET 1200 21 SNIPPET_NOT_RELEVANT 41651838
ACTION SNIPPET 1200 24 SNIPPET_NOT_RELEVANT 68416578
ACTION SNIPPET 1200 27 SNIPPET_NOT_RELEVANT 40565597
ACTION SNIPPET 1200 30 SNIPPET_NOT_RELEVANT 131103510
ACTION SNIPPET 1200 33 SNIPPET_NOT_RELEVANT 149969227
ACTION SNIPPET 1200 36 SNIPPET_NOT_RELEVANT 126942524
ACTION SNIPPET 1200 39 SNIPPET_NOT_RELEVANT 68603656
ACTION SNIPPET 1200 42 SNIPPET_NOT_RELEVANT 67529709
ACTION SNIPPET 1200 45 SNIPPET_NOT_RELEVANT 67529577
ACTION SNIPPET 1200 48 SNIPPET_NOT_RELEVANT 67529326
ACTION SNIPPET 1200 51 SNIPPET_NOT_RELEVANT 158023107
ACTION SNIPPET 1200 54 SNIPPET_NOT_RELEVANT 103694884
ACTION SNIPPET 1200 57 SNIPPET_NOT_RELEVANT 68614523
ACTION SNIPPET 1200 60 SNIPPET_NOT_RELEVANT 41653165
ACTION SNIPPET 1200 63 SNIPPET_NOT_RELEVANT 41651635
ACTION SNIPPET 1200 66 SNIPPET_NOT_RELEVANT 43891637
ACTION SNIPPET 1200 69 SNIPPET_NOT_RELEVANT 42982005
ACTION SNIPPET 1200 72 SNIPPET_NOT_RELEVANT 125933120
ACTION SNIPPET 1200 75 SNIPPET_NOT_RELEVANT 68627933
ACTION SNIPPET 1200 78 SNIPPET_NOT_RELEVANT 132719098
ACTION SNIPPET 1200 81 SNIPPET_NOT_RELEVANT 99621952
ACTION SNIPPET 1200 84 SNIPPET_NOT_RELEVANT 68553239
ACTION SNIPPET 1200 87 SNIPPET_NOT_RELEVANT 84517250
ACTION SNIPPET 1200 90 SNIPPET_NOT_RELEVANT 154629506
ACTION SNIPPET 1200 93 SNIPPET_NOT_RELEVANT 74705754
ACTION SNIPPET 1200 96 SNIPPET_NOT_RELEVANT 121373089
ACTION SNIPPET 1200 99 SNIPPET_NOT_RELEVANT 17618224
ACTION SNIPPET 1200 102 SNIPPET_NOT_RELEVANT 67237604
ACTION SNIPPET 1200 105 SNIPPET_NOT_RELEVANT 145271404
ACTION SNIPPET 1200 108 SNIPPET_NOT_RELEVANT 155460332
ACTION SNIPPET 1200 111 SNIPPET_NOT_RELEVANT 156846622
ACTION QUERY 1200 121 importance of capstone project to STEM students
ACTION SERP 1200 126 EXAMINE_SERP
ACTION SNIPPET 1200 129 SNIPPET_NOT_RELEVANT 135568125
ACTION SNIPPET 1200 132 SNIPPET_NOT_RELEVANT 67529347
ACTION SNIPPET 1200 135 SNIPPET_NOT_RELEVANT 99348179
ACTION SNIPPET 1200 138 SNIPPET_NOT_RELEVANT 157883960
ACTION SNIPPET 1200 141 SNIPPET_NOT_RELEVANT 74873103
ACTION SNIPPET 1200 144 SNIPPET_NOT_RELEVANT 41651838
ACTION SNIPPET 1200 147 SNIPPET_NOT_RELEVANT 67529709
ACTION SNIPPET 1200 150 SNIPPET_NOT_RELEVANT 149969227
ACTION SNIPPET 1200 153 SNIPPET_NOT_RELEVANT 67529326
ACTION SNIPPET 1200 156 SNIPPET_NOT_RELEVANT 126942524
ACTION SNIPPET 1200 159 SNIPPET_NOT_RELEVANT 68603656
ACTION SNIPPET 1200 162 SNIPPET_NOT_RELEVANT 40565597
ACTION SNIPPET 1200 165 SNIPPET_NOT_RELEVANT 67529577
ACTION SNIPPET 1200 168 SNIPPET_NOT_RELEVANT 68416578
ACTION SNIPPET 1200 171 SNIPPET_NOT_RELEVANT 68614523
ACTION SNIPPET 1200 174 SNIPPET_NOT_RELEVANT 125933120
ACTION SNIPPET 1200 177 SNIPPET_NOT_RELEVANT 43891637
ACTION SNIPPET 1200 180 SNIPPET_NOT_RELEVANT 162796435
ACTION SNIPPET 1200 183 SNIPPET_NOT_RELEVANT 68627933
ACTION SNIPPET 1200 186 SNIPPET_NOT_RELEVANT 158023107
ACTION SNIPPET 1200 189 SNIPPET_NOT_RELEVANT 41651635
ACTION SNIPPET 1200 192 SNIPPET_NOT_RELEVANT 41653165
ACTION SNIPPET 1200 195 SNIPPET_NOT_RELEVANT 38145476
ACTION SNIPPET 1200 198 SNIPPET_NOT_RELEVANT 132719098
ACTION SNIPPET 1200 201 SNIPPET_NOT_RELEVANT 131103510
ACTION SNIPPET 1200 204 SNIPPET_NOT_RELEVANT 121373089
ACTION SNIPPET 1200 207 SNIPPET_NOT_RELEVANT 17618224
ACTION SNIPPET 1200 210 SNIPPET_NOT_RELEVANT 68553239
ACTION SNIPPET 1200 213 SNIPPET_NOT_RELEVANT 156846622
ACTION SNIPPET 1200 216 SNIPPET_NOT_RELEVANT 84517250
ACTION SNIPPET 1200 219 SNIPPET_NOT_RELEVANT 155460332
ACTION SNIPPET 1200 222 SNIPPET_NOT_RELEVANT 125859889
ACTION QUERY 1200 232 capstone project for students
ACTION SERP 1200 237 EXAMINE_SERP
ACTION SNIPPET 1200 240 SNIPPET_NOT_RELEVANT 67529347
ACTION SNIPPET 1200 243 SNIPPET_NOT_RELEVANT 67529709
ACTION SNIPPET 1200 246 SNIPPET_NOT_RELEVANT 149969227
ACTION SNIPPET 1200 249 SNIPPET_NOT_RELEVANT 67529326
ACTION SNIPPET 1200 252 SNIPPET_NOT_RELEVANT 126942524
ACTION SNIPPET 1200 255 SNIPPET_NOT_RELEVANT 68603656
ACTION SNIPPET 1200 258 SNIPPET_NOT_RELEVANT 40565597
ACTION SNIPPET 1200 261 SNIPPET_NOT_RELEVANT 67529577
ACTION SNIPPET 1200 264 SNIPPET_NOT_RELEVANT 68416578
ACTION SNIPPET 1200 267 SNIPPET_NOT_RELEVANT 68614523
ACTION SNIPPET 1200 270 SNIPPET_NOT_RELEVANT 125933120
ACTION SNIPPET 1200 273 SNIPPET_NOT_RELEVANT 68627933
ACTION SNIPPET 1200 276 SNIPPET_NOT_RELEVANT 41651838
ACTION SNIPPET 1200 279 SNIPPET_NOT_RELEVANT 158023107
ACTION SNIPPET 1200 282 SNIPPET_NOT_RELEVANT 41653165
ACTION SNIPPET 1200 285 SNIPPET_NOT_RELEVANT 41651635
ACTION SNIPPET 1200 288 SNIPPET_NOT_RELEVANT 131103510
ACTION SNIPPET 1200 291 SNIPPET_NOT_RELEVANT 17618224
ACTION SNIPPET 1200 294 SNIPPET_NOT_RELEVANT 68553239
ACTION SNIPPET 1200 297 SNIPPET_NOT_RELEVANT 156846622
ACTION SNIPPET 1200 300 SNIPPET_NOT_RELEVANT 43891637
ACTION SNIPPET 1200 303 SNIPPET_NOT_RELEVANT 125859889
ACTION SNIPPET 1200 306 SNIPPET_NOT_RELEVANT 74705754
ACTION SNIPPET 1200 309 SNIPPET_NOT_RELEVANT 41644408
ACTION SNIPPET 1200 312 SNIPPET_NOT_RELEVANT 67237604
ACTION SNIPPET 1200 315 SNIPPET_NOT_RELEVANT 85641100
ACTION SNIPPET 1200 318 SNIPPET_NOT_RELEVANT 135568121
ACTION SNIPPET 1200 321 SNIPPET_NOT_RELEVANT 68561993
ACTION SNIPPET 1200 324 SNIPPET_NOT_RELEVANT 41652400
ACTION SNIPPET 1200 327 SNIPPET_NOT_RELEVANT 50752679
ACTION SNIPPET 1200 330 SNIPPET_NOT_RELEVANT 157147056
ACTION SNIPPET 1200 333 SNIPPET_NOT_RELEVANT 84517250
ACTION QUERY 1200 343 What can governments do about capstone project for students
ACTION SERP 1200 348 EXAMINE_SERP
ACTION SNIPPET 1200 351 SNIPPET_NOT_RELEVANT 40565597
ACTION SNIPPET 1200 354 SNIPPET_NOT_RELEVANT 67529709
ACTION SNIPPET 1200 357 SNIPPET_NOT_RELEVANT 67529577
ACTION SNIPPET 1200 360 SNIPPET_NOT_RELEVANT 67529347
ACTION SNIPPET 1200 363 SNIPPET_NOT_RELEVANT 41651635
ACTION SNIPPET 1200 366 SNIPPET_NOT_RELEVANT 41653165
ACTION SNIPPET 1200 369 SNIPPET_NOT_RELEVANT 41651838
ACTION SNIPPET 1200 372 SNIPPET_NOT_RELEVANT 149969227
ACTION SNIPPET 1200 375 SNIPPET_NOT_RELEVANT 67529326
ACTION SNIPPET 1200 378 SNIPPET_NOT_RELEVANT 126942524
ACTION SNIPPET 1200 381 SNIPPET_NOT_RELEVANT 68603656
ACTION SNIPPET 1200 384 SNIPPET_NOT_RELEVANT 43891637
ACTION SNIPPET 1200 387 SNIPPET_NOT_RELEVANT 68416578
ACTION SNIPPET 1200 390 SNIPPET_NOT_RELEVANT 17618224
ACTION SNIPPET 1200 393 SNIPPET_NOT_RELEVANT 68614523
ACTION SNIPPET 1200 396 SNIPPET_NOT_RELEVANT 125933120
ACTION SNIPPET 1200 399 SNIPPET_NOT_RELEVANT 68627933
ACTION SNIPPET 1200 402 SNIPPET_NOT_RELEVANT 158023107
ACTION SNIPPET 1200 405 SNIPPET_NOT_RELEVANT 135568121
ACTION SNIPPET 1200 408 SNIPPET_NOT_RELEVANT 157147056
ACTION SNIPPET 1200 411 SNIPPET_NOT_RELEVANT 131103510
ACTION SNIPPET 1200 414 SNIPPET_NOT_RELEVANT 132719098
ACTION SNIPPET 1200 417 SNIPPET_NOT_RELEVANT 50752679
ACTION SNIPPET 1200 420 SNIPPET_NOT_RELEVANT 68553239
ACTION SNIPPET 1200 423 SNIPPET_NOT_RELEVANT 156846622
ACTION SNIPPET 1200 426 SNIPPET_NOT_RELEVANT 125859889
ACTION SNIPPET 1200 429 SNIPPET_NOT_RELEVANT 74705754
ACTION SNIPPET 1200 432 SNIPPET_NOT_RELEVANT 41644408
ACTION SNIPPET 1200 435 SNIPPET_NOT_RELEVANT 67237604
ACTION SNIPPET 1200 438 SNIPPET_NOT_RELEVANT 9138598
ACTION SNIPPET 1200 441 SNIPPET_NOT_RELEVANT 85641100
ACTION SNIPPET 1200 444 SNIPPET_NOT_RELEVANT 157883951
ACTION QUERY 1200 454 What does capstone project for students affect people in different regions
ACTION SERP 1200 459 EXAMINE_SERP
ACTION SNIPPET 1200 462 SNIPPET_NOT_RELEVANT 67529577
ACTION SNIPPET 1200 465 SNIPPET_NOT_RELEVANT 41653165
ACTION SNIPPET 1200 468 SNIPPET_NOT_RELEVANT 41651635
ACTION SNIPPET 1200 471 SNIPPET_NOT_RELEVANT 67529347
ACTION SNIPPET 1200 474 SNIPPET_NOT_RELEVANT 67529709
ACTION SNIPPET 1200 477 SNIPPET_NOT_RELEVANT 149969227
ACTION SNIPPET 1200 480 SNIPPET_NOT_RELEVANT 67529326
ACTION SNIPPET 1200 483 SNIPPET_NOT_RELEVANT 68603656
ACTION SNIPPET 1200 486 SNIPPET_NOT_RELEVANT 126942524
ACTION SNIPPET 1200 489 SNIPPET_NOT_RELEVANT 40565597
ACTION SNIPPET 1200 492 SNIPPET_NOT_RELEVANT 68416578
ACTION SNIPPET 1200 495 SNIPPET_NOT_RELEVANT 68614523
ACTION SNIPPET 1200 498 SNIPPET_NOT_RELEVANT 125933120
ACTION SNIPPET 1200 501 SNIPPET_NOT_RELEVANT 132719098
ACTION SNIPPET 1200 504 SNIPPET_NOT_RELEVANT 68627933
ACTION SNIPPET 1200 507 SNIPPET_NOT_RELEVANT 41651838
ACTION SNIPPET 1200 510 SNIPPET_NOT_RELEVANT 158023107
ACTION SNIPPET 1200 513 SNIPPET_NOT_RELEVANT 77886382
ACTION SNIPPET 1200 516 SNIPPET_NOT_RELEVANT 150257699
ACTION SNIPPET 1200 519 SNIPPET_NOT_RELEVANT 131103510
ACTION SNIPPET 1200 522 SNIPPET_NOT_RELEVANT 150256787
ACTION SNIPPET 1200 525 SNIPPET_NOT_RELEVANT 17618224
ACTION SNIPPET 1200 528 SNIPPET_NOT_RELEVANT 47800412
ACTION SNIPPET 1200 531 SNIPPET_NOT_RELEVANT 68553239
ACTION SNIPPET 1200 534 SNIPPET_NOT_RELEVANT 156846622
ACTION SNIPPET 1200 537 SNIPPET_NOT_RELEVANT 43891637
ACTION SNIPPET 1200 540 SNIPPET_NOT_RELEVANT 125859889
ACTION SNIPPET 1200 543 SNIPPET_NOT_RELEVANT 74705754
ACTION SNIPPET 1200 546 SNIPPET_NOT_RELEVANT 129310897
ACTION SNIPPET 1200 549 SNIPPET_NOT_RELEVANT 41644408
ACTION SNIPPET 1200 552 SNIPPET_NOT_RELEVANT 67237604
ACTION SNIPPET 1200 555 SNIPPET_NOT_RELEVANT 2910924
ACTION QUERY 1200 565 How is the cultural significance of capstone project for students
ACTION SERP 1200 570 EXAMINE_SERP
ACTION SNIPPET 1200 573 SNIPPET_NOT_RELEVANT 149969227
ACTION SNIPPET 1200 576 SNIPPET_NOT_RELEVANT 67529347
ACTION SNIPPET 1200 579 SNIPPET_NOT_RELEVANT 67529709
ACTION SNIPPET 1200 582 SNIPPET_NOT_RELEVANT 67529326
ACTION SNIPPET 1200 585 SNIPPET_NOT_RELEVANT 126942524
ACTION SNIPPET 1200 588 SNIPPET_NOT_RELEVANT 68603656
ACTION SNIPPET 1200 591 SNIPPET_NOT_RELEVANT 68553239
ACTION SNIPPET 1200 594 SNIPPET_NOT_RELEVANT 40565597
ACTION SNIPPET 1200 597 SNIPPET_NOT_RELEVANT 67529577
ACTION SNIPPET 1200 600 SNIPPET_NOT_RELEVANT 68416578
ACTION SNIPPET 1200 603 SNIPPET_NOT_RELEVANT 43891637
ACTION SNIPPET 1200 606 SNIPPET_NOT_RELEVANT 68614523
ACTION SNIPPET 1200 609 SNIPPET_NOT_RELEVANT 125933120
ACTION SNIPPET 1200 612 SNIPPET_NOT_RELEVANT 68627933
ACTION SNIPPET 1200 615 SNIPPET_NOT_RELEVANT 41651838
ACTION SNIPPET 1200 618 SNIPPET_NOT_RELEVANT 158023107
ACTION SNIPPET 1200 621 SNIPPET_NOT_RELEVANT 41653165
ACTION SNIPPET 1200 624 SNIPPET_NOT_RELEVANT 41651635
ACTION SNIPPET 1200 627 SNIPPET_NOT_RELEVANT 125759428
ACTION SNIPPET 1200 630 SNIPPET_NOT_RELEVANT 131103510
ACTION SNIPPET 1200 633 SNIPPET_NOT_RELEVANT 45470049
ACTION SNIPPET 1200 636 SNIPPET_NOT_RELEVANT 17618224
ACTION SNIPPET 1200 639 SNIPPET_NOT_RELEVANT 129310897
ACTION SNIPPET 1200 642 SNIPPET_NOT_RELEVANT 156846622
ACTION SNIPPET 1200 645 SNIPPET_NOT_RELEVANT 157883951
ACTION SNIPPET 1200 648 SNIPPET_NOT_RELEVANT 125859889
ACTION SNIPPET 1200 651 SNIPPET_NOT_RELEVANT 74705754
ACTION SNIPPET 1200 654 SNIPPET_NOT_RELEVANT 41644408
ACTION SNIPPET 1200 657 SNIPPET_NOT_RELEVANT 67237604
ACTION SNIPPET 1200 660 SNIPPET_NOT_RELEVANT 85641100
ACTION SNIPPET 1200 663 SNIPPET_NOT_RELEVANT 8435760
ACTION SNIPPET 1200 666 SNIPPET_NOT_RELEVANT 135568121
ACTION QUERY 1200 676 Does can we raise awareness about capstone project for students?
ACTION SERP 1200 681 EXAMINE_SERP
ACTION SNIPPET 1200 684 SNIPPET_NOT_RELEVANT 67529577
ACTION SNIPPET 1200 687 SNIPPET_NOT_RELEVANT 131103510
ACTION SNIPPET 1200 690 SNIPPET_NOT_RELEVANT 45470049
ACTION SNIPPET 1200 693 SNIPPET_NOT_RELEVANT 8435760
ACTION SNIPPET 1200 696 SNIPPET_NOT_RELEVANT 157923925
ACTION SNIPPET 1200 699 SNIPPET_NOT_RELEVANT 40565597
ACTION SNIPPET 1200 702 SNIPPET_NOT_RELEVANT 67529709
ACTION SNIPPET 1200 705 SNIPPET_NOT_RELEVANT 50752679
ACTION SNIPPET 1200 708 SNIPPET_NOT_RELEVANT 41652400
ACTION SNIPPET 1200 711 SNIPPET_NOT_RELEVANT 68561993
ACTION SNIPPET 1200 714 SNIPPET_NOT_RELEVANT 129310897
ACTION SNIPPET 1200 717 SNIPPET_NOT_RELEVANT 67529347
ACTION SNIPPET 1200 720 SNIPPET_NOT_RELEVANT 68629521
ACTION SNIPPET 1200 723 SNIPPET_NOT_RELEVANT 41651635
ACTION SNIPPET 1200 726 SNIPPET_NOT_RELEVANT 41653165
ACTION SNIPPET 1200 729 SNIPPET_NOT_RELEVANT 41651838
ACTION SNIPPET 1200 732 SNIPPET_NOT_RELEVANT 149969227
ACTION SNIPPET 1200 735 SNIPPET_NOT_RELEVANT 67529326
ACTION SNIPPET 1200 738 SNIPPET_NOT_RELEVANT 126942524
ACTION SNIPPET 1200 741 SNIPPET_NOT_RELEVANT 68603656
ACTION SNIPPET 1200 744 SNIPPET_NOT_RELEVANT 43891637
ACTION SNIPPET 1200 747 SNIPPET_NOT_RELEVANT 68416578
ACTION SNIPPET 1200 750 SNIPPET_NOT_RELEVANT 17618224
ACTION SNIPPET 1200 753 SNIPPET_NOT_RELEVANT 68614523
ACTION SNIPPET 1200 756 SNIPPET_NOT_RELEVANT 122633437
ACTION SNIPPET 1200 759 SNIPPET_NOT_RELEVANT 125933120
ACTION SNIPPET 1200 762 SNIPPET_NOT_RELEVANT 2629076
ACTION SNIPPET 1200 765 SNIPPET_NOT_RELEVANT 68627933
ACTION SNIPPET 1200 768 SNIPPET_NOT_RELEVANT 158023107
ACTION SNIPPET 1200 771 SNIPPET_NOT_RELEVANT 135568121
ACTION SNIPPET 1200 774 SNIPPET_NOT_RELEVANT 157147056
ACTION SNIPPET 1200 777 SNIPPET_NOT_RELEVANT 149867713
ACTION QUERY 1200 787 How can be done to prevent capstone project for students.
ACTION SERP 1200 792 EXAMINE_SERP
ACTION SNIPPET 1200 795 SNIPPET_NOT_RELEVANT 157147056
ACTION SNIPPET 1200 798 SNIPPET_NOT_RELEVANT 40565597
ACTION SNIPPET 1200 801 SNIPPET_NOT_RELEVANT 132719098
ACTION SNIPPET 1200 804 SNIPPET_NOT_RELEVANT 67529709
ACTION SNIPPET 1200 807 SNIPPET_NOT_RELEVANT 67529577
ACTION SNIPPET 1200 810 SNIPPET_NOT_RELEVANT 132719111
ACTION SNIPPET 1200 813 SNIPPET_NOT_RELEVANT 68416578
ACTION SNIPPET 1200 816 SNIPPET_NOT_RELEVANT 157883951
ACTION SNIPPET 1200 819 SNIPPET_NOT_RELEVANT 41651838
ACTION SNIPPET 1200 822 SNIPPET_NOT_RELEVANT 41651635
ACTION SNIPPET 1200 825 SNIPPET_NOT_RELEVANT 41653165
ACTION SNIPPET 1200 828 SNIPPET_NOT_RELEVANT 131103510
ACTION SNIPPET 1200 831 SNIPPET_NOT_RELEVANT 67529347
ACTION SNIPPET 1200 834 SNIPPET_NOT_RELEVANT 149969227
ACTION SNIPPET 1200 837 SNIPPET_NOT_RELEVANT 68603656
ACTION SNIPPET 1200 840 SNIPPET_NOT_RELEVANT 126942524
ACTION SNIPPET 1200 843 SNIPPET_NOT_RELEVANT 18976545
ACTION SNIPPET 1200 846 SNIPPET_NOT_RELEVANT 43891637
ACTION SNIPPET 1200 849 SNIPPET_NOT_RELEVANT 67529326
ACTION SNIPPET 1200 852 SNIPPET_NOT_RELEVANT 135124397
ACTION SNIPPET 1200 855 SNIPPET_NOT_RELEVANT 158023107
ACTION SNIPPET 1200 858 SNIPPET_NOT_RELEVANT 17618224
ACTION SNIPPET 1200 861 SNIPPET_NOT_RELEVANT 68614523
ACTION SNIPPET 1200 864 SNIPPET_NOT_RELEVANT 135568121
ACTION SNIPPET 1200 867 SNIPPET_NOT_RELEVANT 125933120
ACTION SNIPPET 1200 870 SNIPPET_NOT_RELEVANT 103694884
ACTION SNIPPET 1200 873 SNIPPET_NOT_RELEVANT 68627933
ACTION SNIPPET 1200 876 SNIPPET_NOT_RELEVANT 126326021
ACTION SNIPPET 1200 879 SNIPPET_NOT_RELEVANT 68553239
ACTION SNIPPET 1200 882 SNIPPET_NOT_RELEVANT 99621952
ACTION SNIPPET 1200 885 SNIPPET_NOT_RELEVANT 77815375
ACTION SNIPPET 1200 888 SNIPPET_NOT_RELEVANT 84351736
ACTION QUERY 1200 898 Why can governments do about capstone project for students
ACTION SERP 1200 903 EXAMINE_SERP
ACTION SNIPPET 1200 906 SNIPPET_NOT_RELEVANT 40565597
ACTION SNIPPET 1200 909 SNIPPET_NOT_RELEVANT 67529709
ACTION SNIPPET 1200 912 SNIPPET_NOT_RELEVANT 67529577
ACTION SNIPPET 1200 915 SNIPPET_NOT_RELEVANT 67529347
ACTION SNIPPET 1200 918 SNIPPET_NOT_RELEVANT 41651635
ACTION SNIPPET 1200 921 SNIPPET_NOT_RELEVANT 41653165
ACTION SNIPPET 1200 924 SNIPPET_NOT_RELEVANT 41651838
ACTION SNIPPET 1200 927 SNIPPET_NOT_RELEVANT 149969227
ACTION SNIPPET 1200 930 SNIPPET_NOT_RELEVANT 67529326
ACTION SNIPPET 1200 933 SNIPPET_NOT_RELEVANT 126942524
ACTION SNIPPET 1200 936 SNIPPET_NOT_RELEVANT 68603656
ACTION SNIPPET 1200 939 SNIPPET_NOT_RELEVANT 43891637
ACTION SNIPPET 1200 942 SNIPPET_NOT_RELEVANT 68416578
ACTION SNIPPET 1200 945 SNIPPET_NOT_RELEVANT 17618224
ACTION SNIPPET 1200 948 SNIPPET_NOT_RELEVANT 68614523
ACTION SNIPPET 1200 951 SNIPPET_NOT_RELEVANT 125933120
ACTION SNIPPET 1200 954 SNIPPET_NOT_RELEVANT 68627933
ACTION SNIPPET 1200 957 SNIPPET_NOT_RELEVANT 158023107
ACTION SNIPPET 1200 960 SNIPPET_NOT_RELEVANT 135568121
ACTION SNIPPET 1200 963 SNIPPET_NOT_RELEVANT 157147056
ACTION SNIPPET 1200 966 SNIPPET_NOT_RELEVANT 131103510
ACTION SNIPPET 1200 969 SNIPPET_NOT_RELEVANT 132719098
ACTION SNIPPET 1200 972 SNIPPET_NOT_RELEVANT 50752679
ACTION SNIPPET 1200 975 SNIPPET_NOT_RELEVANT 68553239
ACTION SNIPPET 1200 978 SNIPPET_NOT_RELEVANT 156846622
ACTION SNIPPET 1200 981 SNIPPET_NOT_RELEVANT 125859889
ACTION SNIPPET 1200 984 SNIPPET_NOT_RELEVANT 74705754
ACTION SNIPPET 1200 987 SNIPPET_NOT_RELEVANT 41644408
ACTION SNIPPET 1200 990 SNIPPET_NOT_RELEVANT 67237604
ACTION SNIPPET 1200 993 SNIPPET_NOT_RELEVANT 9138598
ACTION SNIPPET 1200 996 SNIPPET_NOT_RELEVANT 85641100
ACTION SNIPPET 1200 999 SNIPPET_NOT_RELEVANT 157883951
ACTION QUERY 1200 1009 Do does How is the cultural significance of capstone project for students affect people in different regions.
ACTION SERP 1200 1014 EXAMINE_SERP
ACTION SNIPPET 1200 1017 SNIPPET_NOT_RELEVANT 67529577
ACTION SNIPPET 1200 1020 SNIPPET_NOT_RELEVANT 149969227
ACTION SNIPPET 1200 1023 SNIPPET_NOT_RELEVANT 41653165
ACTION SNIPPET 1200 1026 SNIPPET_NOT_RELEVANT 41651635
ACTION SNIPPET 1200 1029 SNIPPET_NOT_RELEVANT 129310897
ACTION SNIPPET 1200 1032 SNIPPET_NOT_RELEVANT 67529347
ACTION SNIPPET 1200 1035 SNIPPET_NOT_RELEVANT 67529709
ACTION SNIPPET 1200 1038 SNIPPET_NOT_RELEVANT 67529326
ACTION SNIPPET 1200 1041 SNIPPET_NOT_RELEVANT 126942524
ACTION SNIPPET 1200 1044 SNIPPET_NOT_RELEVANT 68603656
ACTION SNIPPET 1200 1047 SNIPPET_NOT_RELEVANT 68553239
ACTION SNIPPET 1200 1050 SNIPPET_NOT_RELEVANT 40565597
ACTION SNIPPET 1200 1053 SNIPPET_NOT_RELEVANT 68416578
ACTION SNIPPET 1200 1056 SNIPPET_NOT_RELEVANT 43891637
ACTION SNIPPET 1200 1059 SNIPPET_NOT_RELEVANT 68614523
ACTION SNIPPET 1200 1062 SNIPPET_NOT_RELEVANT 125933120
ACTION SNIPPET 1200 1065 SNIPPET_NOT_RELEVANT 132719098
ACTION SNIPPET 1200 1068 SNIPPET_NOT_RELEVANT 68627933
ACTION SNIPPET 1200 1071 SNIPPET_NOT_RELEVANT 41651838
ACTION SNIPPET 1200 1074 SNIPPET_NOT_RELEVANT 158023107
ACTION SNIPPET 1200 1077 SNIPPET_NOT_RELEVANT 77886382
ACTION SNIPPET 1200 1080 SNIPPET_NOT_RELEVANT 150257699
ACTION SNIPPET 1200 1083 SNIPPET_NOT_RELEVANT 125759428
ACTION SNIPPET 1200 1086 SNIPPET_NOT_RELEVANT 131103510
ACTION SNIPPET 1200 1089 SNIPPET_NOT_RELEVANT 45470049
ACTION SNIPPET 1200 1092 SNIPPET_NOT_RELEVANT 150256787
ACTION SNIPPET 1200 1095 SNIPPET_NOT_RELEVANT 17618224
ACTION SNIPPET 1200 1098 SNIPPET_NOT_RELEVANT 47800412
ACTION SNIPPET 1200 1101 SNIPPET_NOT_RELEVANT 156846622
ACTION SNIPPET 1200 1104 SNIPPET_NOT_RELEVANT 157883951
ACTION SNIPPET 1200 1107 SNIPPET_NOT_RELEVANT 125859889
ACTION SNIPPET 1200 1110 SNIPPET_NOT_RELEVANT 74705754
ACTION QUERY 1200 1120 How can governments do about capstone project for students.
ACTION SERP 1200 1125 EXAMINE_SERP
ACTION SNIPPET 1200 1128 SNIPPET_NOT_RELEVANT 40565597
ACTION SNIPPET 1200 1131 SNIPPET_NOT_RELEVANT 67529709
ACTION SNIPPET 1200 1134 SNIPPET_NOT_RELEVANT 67529577
ACTION SNIPPET 1200 1137 SNIPPET_NOT_RELEVANT 68416578
ACTION SNIPPET 1200 1140 SNIPPET_NOT_RELEVANT 41651838
ACTION SNIPPET 1200 1143 SNIPPET_NOT_RELEVANT 41653165
ACTION SNIPPET 1200 1146 SNIPPET_NOT_RELEVANT 41651635
ACTION SNIPPET 1200 1149 SNIPPET_NOT_RELEVANT 131103510
ACTION SNIPPET 1200 1152 SNIPPET_NOT_RELEVANT 67529347
ACTION SNIPPET 1200 1155 SNIPPET_NOT_RELEVANT 149969227
ACTION SNIPPET 1200 1158 SNIPPET_NOT_RELEVANT 68603656
ACTION SNIPPET 1200 1161 SNIPPET_NOT_RELEVANT 126942524
ACTION SNIPPET 1200 1164 SNIPPET_NOT_RELEVANT 43891637
ACTION SNIPPET 1200 1167 SNIPPET_NOT_RELEVANT 67529326
ACTION SNIPPET 1200 1170 SNIPPET_NOT_RELEVANT 122622681
ACTION SNIPPET 1200 1173 SNIPPET_NOT_RELEVANT 158023107
ACTION SNIPPET 1200 1176 SNIPPET_NOT_RELEVANT 17618224
ACTION SNIPPET 1200 1179 SNIPPET_NOT_RELEVANT 68614523
ACTION SNIPPET 1200 1182 SNIPPET_NOT_RELEVANT 157147056
ACTION SNIPPET 1200 1185 SNIPPET_NOT_RELEVANT 135568121
ACTION SNIPPET 1200 1188 SNIPPET_NOT_RELEVANT 125933120
ACTION SNIPPET 1200 1191 SNIPPET_NOT_RELEVANT 120235946
ACTION SNIPPET 1200 1194 SNIPPET_NOT_RELEVANT 103694884
ACTION SNIPPET 1200 1197 SNIPPET_NOT_RELEVANT 68627933
ACTION SNIPPET 1200 1200 SNIPPET_NOT_RELEVANT 101011220
INFO SUMMARY 
INFO TOTAL_QUERIES_ISSUED 11
INFO TOTAL_SNIPPETS_EXAMINED 345
INFO TOTAL_DOCUMENTS_EXAMINED 0
INFO TOTAL_DOCUMENTS_MARKED_RELEVANT 0
INFO TOTAL_ATTRACTIVE_SERP_IMPRESSIONS 11
INFO TOTAL_UNATTRACTIVE_SERP_IMPRESSIONS 0
