ACTION START 1200 0 START
ACTION QUERY 1200 10 Badjao survival 
ACTION SERP 1200 15 EXAMINE_SERP
ACTION SNIPPET 1200 18 SNIPPET_NOT_RELEVANT 6808323
ACTION SNIPPET 1200 21 SNIPPET_NOT_RELEVANT 49326120
ACTION SNIPPET 1200 24 SNIPPET_NOT_RELEVANT 153530953
ACTION SNIPPET 1200 27 SNIPPET_NOT_RELEVANT 5700983
ACTION SNIPPET 1200 30 SNIPPET_NOT_RELEVANT 159932220
ACTION SNIPPET 1200 33 SNIPPET_NOT_RELEVANT 46003170
ACTION SNIPPET 1200 36 SNIPPET_NOT_RELEVANT 159314638
ACTION SNIPPET 1200 39 SNIPPET_NOT_RELEVANT 48577570
ACTION SNIPPET 1200 42 SNIPPET_NOT_RELEVANT 11476815
ACTION SNIPPET 1200 45 SNIPPET_NOT_RELEVANT 29939183
ACTION SNIPPET 1200 48 SNIPPET_NOT_RELEVANT 36378993
ACTION SNIPPET 1200 51 SNIPPET_NOT_RELEVANT 127468609
ACTION SNIPPET 1200 54 SNIPPET_NOT_RELEVANT 19007755
ACTION SNIPPET 1200 57 SNIPPET_NOT_RELEVANT 77855830
ACTION SNIPPET 1200 60 SNIPPET_NOT_RELEVANT 115386051
ACTION SNIPPET 1200 63 SNIPPET_NOT_RELEVANT 69348957
ACTION SNIPPET 1200 66 SNIPPET_NOT_RELEVANT 3560717
ACTION SNIPPET 1200 69 SNIPPET_NOT_RELEVANT 2528021
ACTION SNIPPET 1200 72 SNIPPET_NOT_RELEVANT 149205378
ACTION SNIPPET 1200 75 SNIPPET_NOT_RELEVANT 4845691
ACTION SNIPPET 1200 78 SNIPPET_NOT_RELEVANT 63908991
ACTION SNIPPET 1200 81 SNIPPET_NOT_RELEVANT 54741090
ACTION SNIPPET 1200 84 SNIPPET_NOT_RELEVANT 6806599
ACTION SNIPPET 1200 87 SNIPPET_NOT_RELEVANT 67048758
ACTION SNIPPET 1200 90 SNIPPET_NOT_RELEVANT 123084353
ACTION SNIPPET 1200 93 SNIPPET_NOT_RELEVANT 20536925
ACTION SNIPPET 1200 96 SNIPPET_NOT_RELEVANT 3706120
ACTION SNIPPET 1200 99 SNIPPET_NOT_RELEVANT 48121756
ACTION SNIPPET 1200 102 SNIPPET_NOT_RELEVANT 29947254
ACTION SNIPPET 1200 105 SNIPPET_NOT_RELEVANT 2658089
ACTION SNIPPET 1200 108 SNIPPET_NOT_RELEVANT 50716357
ACTION SNIPPET 1200 111 SNIPPET_NOT_RELEVANT 5237547
ACTION QUERY 1200 121 Badjao survival strategies 
ACTION SERP 1200 126 EXAMINE_SERP
ACTION SNIPPET 1200 129 SNIPPET_NOT_RELEVANT 41401977
ACTION SNIPPET 1200 132 SNIPPET_NOT_RELEVANT 149988810
ACTION SNIPPET 1200 135 SNIPPET_NOT_RELEVANT 136883217
ACTION SNIPPET 1200 138 SNIPPET_NOT_RELEVANT 6806599
ACTION SNIPPET 1200 141 SNIPPET_NOT_RELEVANT 144254173
ACTION SNIPPET 1200 144 SNIPPET_NOT_RELEVANT 2661836
ACTION SNIPPET 1200 147 SNIPPET_NOT_RELEVANT 126774476
ACTION SNIPPET 1200 150 SNIPPET_NOT_RELEVANT 145727839
ACTION SNIPPET 1200 153 SNIPPET_NOT_RELEVANT 46816239
ACTION SNIPPET 1200 156 SNIPPET_NOT_RELEVANT 25091162
ACTION SNIPPET 1200 159 SNIPPET_NOT_RELEVANT 43156071
ACTION SNIPPET 1200 162 SNIPPET_NOT_RELEVANT 14179459
ACTION SNIPPET 1200 165 SNIPPET_NOT_RELEVANT 9007038
ACTION SNIPPET 1200 168 SNIPPET_NOT_RELEVANT 19938715
ACTION SNIPPET 1200 171 SNIPPET_NOT_RELEVANT 84776013
ACTION SNIPPET 1200 174 SNIPPET_NOT_RELEVANT 40440034
ACTION SNIPPET 1200 177 SNIPPET_NOT_RELEVANT 3031918
ACTION SNIPPET 1200 180 SNIPPET_NOT_RELEVANT 5695495
ACTION SNIPPET 1200 183 SNIPPET_NOT_RELEVANT 140244724
ACTION SNIPPET 1200 186 SNIPPET_NOT_RELEVANT 46133160
ACTION SNIPPET 1200 189 SNIPPET_NOT_RELEVANT 77729426
ACTION SNIPPET 1200 192 SNIPPET_NOT_RELEVANT 15160487
ACTION SNIPPET 1200 195 SNIPPET_NOT_RELEVANT 142348994
ACTION SNIPPET 1200 198 SNIPPET_NOT_RELEVANT 83948326
ACTION SNIPPET 1200 201 SNIPPET_NOT_RELEVANT 5672026
ACTION SNIPPET 1200 204 SNIPPET_NOT_RELEVANT 137195600
ACTION SNIPPET 1200 207 SNIPPET_NOT_RELEVANT 160672029
ACTION SNIPPET 1200 210 SNIPPET_NOT_RELEVANT 164925494
ACTION SNIPPET 1200 213 SNIPPET_NOT_RELEVANT 145890215
ACTION SNIPPET 1200 216 SNIPPET_NOT_RELEVANT 65458096
ACTION SNIPPET 1200 219 SNIPPET_NOT_RELEVANT 164900844
ACTION SNIPPET 1200 222 SNIPPET_NOT_RELEVANT 12170161
ACTION QUERY 1200 232 Badjao migrant
ACTION SERP 1200 237 EXAMINE_SERP
ACTION SNIPPET 1200 240 SNIPPET_NOT_RELEVANT 140273172
ACTION SNIPPET 1200 243 SNIPPET_NOT_RELEVANT 63718130
ACTION SNIPPET 1200 246 SNIPPET_NOT_RELEVANT 48034051
ACTION SNIPPET 1200 249 SNIPPET_NOT_RELEVANT 23080109
ACTION SNIPPET 1200 252 SNIPPET_NOT_RELEVANT 46012768
ACTION SNIPPET 1200 255 SNIPPET_NOT_RELEVANT 2456257
ACTION SNIPPET 1200 258 SNIPPET_NOT_RELEVANT 44160523
ACTION SNIPPET 1200 261 SNIPPET_NOT_RELEVANT 136674482
ACTION SNIPPET 1200 264 SNIPPET_NOT_RELEVANT 46799601
ACTION SNIPPET 1200 267 SNIPPET_NOT_RELEVANT 137938372
ACTION SNIPPET 1200 270 SNIPPET_NOT_RELEVANT 78291083
ACTION SNIPPET 1200 273 SNIPPET_NOT_RELEVANT 4073987
ACTION SNIPPET 1200 276 SNIPPET_NOT_RELEVANT 61229911
ACTION SNIPPET 1200 279 SNIPPET_NOT_RELEVANT 138227842
ACTION SNIPPET 1200 282 SNIPPET_NOT_RELEVANT 4403036
ACTION SNIPPET 1200 285 SNIPPET_NOT_RELEVANT 138404679
ACTION SNIPPET 1200 288 SNIPPET_NOT_RELEVANT 150896262
ACTION SNIPPET 1200 291 SNIPPET_NOT_RELEVANT 2828266
ACTION SNIPPET 1200 294 SNIPPET_NOT_RELEVANT 120444759
ACTION SNIPPET 1200 297 SNIPPET_NOT_RELEVANT 15109160
ACTION SNIPPET 1200 300 SNIPPET_NOT_RELEVANT 39737654
ACTION SNIPPET 1200 303 SNIPPET_NOT_RELEVANT 158278674
ACTION SNIPPET 1200 306 SNIPPET_NOT_RELEVANT 19213427
ACTION SNIPPET 1200 309 SNIPPET_NOT_RELEVANT 8363986
ACTION SNIPPET 1200 312 SNIPPET_NOT_RELEVANT 127301334
ACTION SNIPPET 1200 315 SNIPPET_NOT_RELEVANT 10992740
ACTION SNIPPET 1200 318 SNIPPET_NOT_RELEVANT 142207066
ACTION SNIPPET 1200 321 SNIPPET_NOT_RELEVANT 121821721
ACTION SNIPPET 1200 324 SNIPPET_NOT_RELEVANT 58929793
ACTION SNIPPET 1200 327 SNIPPET_NOT_RELEVANT 160980076
ACTION SNIPPET 1200 330 SNIPPET_NOT_RELEVANT 135766866
ACTION SNIPPET 1200 333 SNIPPET_NOT_RELEVANT 138571041
ACTION QUERY 1200 343 Identity of badjao'
ACTION SERP 1200 348 EXAMINE_SERP
ACTION SNIPPET 1200 351 SNIPPET_NOT_RELEVANT 71867265
ACTION SNIPPET 1200 354 SNIPPET_NOT_RELEVANT 69989862
ACTION SNIPPET 1200 357 SNIPPET_NOT_RELEVANT 122120234
ACTION SNIPPET 1200 360 SNIPPET_NOT_RELEVANT 65337377
ACTION SNIPPET 1200 363 SNIPPET_NOT_RELEVANT 162185692
ACTION SNIPPET 1200 366 SNIPPET_NOT_RELEVANT 10712626
ACTION SNIPPET 1200 369 SNIPPET_NOT_RELEVANT 156023009
ACTION SNIPPET 1200 372 SNIPPET_NOT_RELEVANT 83880009
ACTION SNIPPET 1200 375 SNIPPET_NOT_RELEVANT 140724254
ACTION SNIPPET 1200 378 SNIPPET_NOT_RELEVANT 10127543
ACTION SNIPPET 1200 381 SNIPPET_NOT_RELEVANT 127111147
ACTION SNIPPET 1200 384 SNIPPET_NOT_RELEVANT 158380847
ACTION SNIPPET 1200 387 SNIPPET_NOT_RELEVANT 267422
ACTION SNIPPET 1200 390 SNIPPET_NOT_RELEVANT 26712407
ACTION SNIPPET 1200 393 SNIPPET_NOT_RELEVANT 37264338
ACTION SNIPPET 1200 396 SNIPPET_NOT_RELEVANT 58575322
ACTION SNIPPET 1200 399 SNIPPET_NOT_RELEVANT 257503
ACTION SNIPPET 1200 402 SNIPPET_NOT_RELEVANT 123447891
ACTION SNIPPET 1200 405 SNIPPET_NOT_RELEVANT 3146822
ACTION SNIPPET 1200 408 SNIPPET_NOT_RELEVANT 63286160
ACTION SNIPPET 1200 411 SNIPPET_NOT_RELEVANT 41646900
ACTION SNIPPET 1200 414 SNIPPET_NOT_RELEVANT 146000583
ACTION SNIPPET 1200 417 SNIPPET_NOT_RELEVANT 68789848
ACTION SNIPPET 1200 420 SNIPPET_NOT_RELEVANT 5692302
ACTION SNIPPET 1200 423 SNIPPET_NOT_RELEVANT 121318224
ACTION SNIPPET 1200 426 SNIPPET_NOT_RELEVANT 19584907
ACTION SNIPPET 1200 429 SNIPPET_NOT_RELEVANT 112005321
ACTION SNIPPET 1200 432 SNIPPET_NOT_RELEVANT 4351936
ACTION SNIPPET 1200 435 SNIPPET_NOT_RELEVANT 136328986
ACTION SNIPPET 1200 438 SNIPPET_NOT_RELEVANT 128791055
ACTION SNIPPET 1200 441 SNIPPET_NOT_RELEVANT 155647679
ACTION SNIPPET 1200 444 SNIPPET_NOT_RELEVANT 44798289
ACTION QUERY 1200 454 Identity of badjao'
ACTION SERP 1200 459 EXAMINE_SERP
ACTION SNIPPET 1200 462 SNIPPET_NOT_RELEVANT 71867265
ACTION SNIPPET 1200 465 SNIPPET_NOT_RELEVANT 69989862
ACTION SNIPPET 1200 468 SNIPPET_NOT_RELEVANT 122120234
ACTION SNIPPET 1200 471 SNIPPET_NOT_RELEVANT 65337377
ACTION SNIPPET 1200 474 SNIPPET_NOT_RELEVANT 162185692
ACTION SNIPPET 1200 477 SNIPPET_NOT_RELEVANT 10712626
ACTION SNIPPET 1200 480 SNIPPET_NOT_RELEVANT 156023009
ACTION SNIPPET 1200 483 SNIPPET_NOT_RELEVANT 83880009
ACTION SNIPPET 1200 486 SNIPPET_NOT_RELEVANT 140724254
ACTION SNIPPET 1200 489 SNIPPET_NOT_RELEVANT 10127543
ACTION SNIPPET 1200 492 SNIPPET_NOT_RELEVANT 127111147
ACTION SNIPPET 1200 495 SNIPPET_NOT_RELEVANT 158380847
ACTION SNIPPET 1200 498 SNIPPET_NOT_RELEVANT 267422
ACTION SNIPPET 1200 501 SNIPPET_NOT_RELEVANT 26712407
ACTION SNIPPET 1200 504 SNIPPET_NOT_RELEVANT 37264338
ACTION SNIPPET 1200 507 SNIPPET_NOT_RELEVANT 58575322
ACTION SNIPPET 1200 510 SNIPPET_NOT_RELEVANT 257503
ACTION SNIPPET 1200 513 SNIPPET_NOT_RELEVANT 123447891
ACTION SNIPPET 1200 516 SNIPPET_NOT_RELEVANT 3146822
ACTION SNIPPET 1200 519 SNIPPET_NOT_RELEVANT 63286160
ACTION SNIPPET 1200 522 SNIPPET_NOT_RELEVANT 41646900
ACTION SNIPPET 1200 525 SNIPPET_NOT_RELEVANT 146000583
ACTION SNIPPET 1200 528 SNIPPET_NOT_RELEVANT 68789848
ACTION SNIPPET 1200 531 SNIPPET_NOT_RELEVANT 5692302
ACTION SNIPPET 1200 534 SNIPPET_NOT_RELEVANT 121318224
ACTION SNIPPET 1200 537 SNIPPET_NOT_RELEVANT 19584907
ACTION SNIPPET 1200 540 SNIPPET_NOT_RELEVANT 112005321
ACTION SNIPPET 1200 543 SNIPPET_NOT_RELEVANT 4351936
ACTION SNIPPET 1200 546 SNIPPET_NOT_RELEVANT 136328986
ACTION SNIPPET 1200 549 SNIPPET_NOT_RELEVANT 128791055
ACTION SNIPPET 1200 552 SNIPPET_NOT_RELEVANT 155647679
ACTION SNIPPET 1200 555 SNIPPET_NOT_RELEVANT 44798289
ACTION QUERY 1200 565 Identity of badjao'
ACTION SERP 1200 570 EXAMINE_SERP
ACTION SNIPPET 1200 573 SNIPPET_NOT_RELEVANT 71867265
ACTION SNIPPET 1200 576 SNIPPET_NOT_RELEVANT 69989862
ACTION SNIPPET 1200 579 SNIPPET_NOT_RELEVANT 122120234
ACTION SNIPPET 1200 582 SNIPPET_NOT_RELEVANT 65337377
ACTION SNIPPET 1200 585 SNIPPET_NOT_RELEVANT 162185692
ACTION SNIPPET 1200 588 SNIPPET_NOT_RELEVANT 10712626
ACTION SNIPPET 1200 591 SNIPPET_NOT_RELEVANT 156023009
ACTION SNIPPET 1200 594 SNIPPET_NOT_RELEVANT 83880009
ACTION SNIPPET 1200 597 SNIPPET_NOT_RELEVANT 140724254
ACTION SNIPPET 1200 600 SNIPPET_NOT_RELEVANT 10127543
ACTION SNIPPET 1200 603 SNIPPET_NOT_RELEVANT 127111147
ACTION SNIPPET 1200 606 SNIPPET_NOT_RELEVANT 158380847
ACTION SNIPPET 1200 609 SNIPPET_NOT_RELEVANT 267422
ACTION SNIPPET 1200 612 SNIPPET_NOT_RELEVANT 26712407
ACTION SNIPPET 1200 615 SNIPPET_NOT_RELEVANT 37264338
ACTION SNIPPET 1200 618 SNIPPET_NOT_RELEVANT 58575322
ACTION SNIPPET 1200 621 SNIPPET_NOT_RELEVANT 257503
ACTION SNIPPET 1200 624 SNIPPET_NOT_RELEVANT 123447891
ACTION SNIPPET 1200 627 SNIPPET_NOT_RELEVANT 3146822
ACTION SNIPPET 1200 630 SNIPPET_NOT_RELEVANT 63286160
ACTION SNIPPET 1200 633 SNIPPET_NOT_RELEVANT 41646900
ACTION SNIPPET 1200 636 SNIPPET_NOT_RELEVANT 146000583
ACTION SNIPPET 1200 639 SNIPPET_NOT_RELEVANT 68789848
ACTION SNIPPET 1200 642 SNIPPET_NOT_RELEVANT 5692302
ACTION SNIPPET 1200 645 SNIPPET_NOT_RELEVANT 121318224
ACTION SNIPPET 1200 648 SNIPPET_NOT_RELEVANT 19584907
ACTION SNIPPET 1200 651 SNIPPET_NOT_RELEVANT 112005321
ACTION SNIPPET 1200 654 SNIPPET_NOT_RELEVANT 4351936
ACTION SNIPPET 1200 657 SNIPPET_NOT_RELEVANT 136328986
ACTION SNIPPET 1200 660 SNIPPET_NOT_RELEVANT 128791055
ACTION SNIPPET 1200 663 SNIPPET_NOT_RELEVANT 155647679
ACTION SNIPPET 1200 666 SNIPPET_NOT_RELEVANT 44798289
ACTION QUERY 1200 676 Identity of badjao'
ACTION SERP 1200 681 EXAMINE_SERP
ACTION SNIPPET 1200 684 SNIPPET_NOT_RELEVANT 71867265
ACTION SNIPPET 1200 687 SNIPPET_NOT_RELEVANT 69989862
ACTION SNIPPET 1200 690 SNIPPET_NOT_RELEVANT 122120234
ACTION SNIPPET 1200 693 SNIPPET_NOT_RELEVANT 65337377
ACTION SNIPPET 1200 696 SNIPPET_NOT_RELEVANT 162185692
ACTION SNIPPET 1200 699 SNIPPET_NOT_RELEVANT 10712626
ACTION SNIPPET 1200 702 SNIPPET_NOT_RELEVANT 156023009
ACTION SNIPPET 1200 705 SNIPPET_NOT_RELEVANT 83880009
ACTION SNIPPET 1200 708 SNIPPET_NOT_RELEVANT 140724254
ACTION SNIPPET 1200 711 SNIPPET_NOT_RELEVANT 10127543
ACTION SNIPPET 1200 714 SNIPPET_NOT_RELEVANT 127111147
ACTION SNIPPET 1200 717 SNIPPET_NOT_RELEVANT 158380847
ACTION SNIPPET 1200 720 SNIPPET_NOT_RELEVANT 267422
ACTION SNIPPET 1200 723 SNIPPET_NOT_RELEVANT 26712407
ACTION SNIPPET 1200 726 SNIPPET_NOT_RELEVANT 37264338
ACTION SNIPPET 1200 729 SNIPPET_NOT_RELEVANT 58575322
ACTION SNIPPET 1200 732 SNIPPET_NOT_RELEVANT 257503
ACTION SNIPPET 1200 735 SNIPPET_NOT_RELEVANT 123447891
ACTION SNIPPET 1200 738 SNIPPET_NOT_RELEVANT 3146822
ACTION SNIPPET 1200 741 SNIPPET_NOT_RELEVANT 63286160
ACTION SNIPPET 1200 744 SNIPPET_NOT_RELEVANT 41646900
ACTION SNIPPET 1200 747 SNIPPET_NOT_RELEVANT 146000583
ACTION SNIPPET 1200 750 SNIPPET_NOT_RELEVANT 68789848
ACTION SNIPPET 1200 753 SNIPPET_NOT_RELEVANT 5692302
ACTION SNIPPET 1200 756 SNIPPET_NOT_RELEVANT 121318224
ACTION SNIPPET 1200 759 SNIPPET_NOT_RELEVANT 19584907
ACTION SNIPPET 1200 762 SNIPPET_NOT_RELEVANT 112005321
ACTION SNIPPET 1200 765 SNIPPET_NOT_RELEVANT 4351936
ACTION SNIPPET 1200 768 SNIPPET_NOT_RELEVANT 136328986
ACTION SNIPPET 1200 771 SNIPPET_NOT_RELEVANT 128791055
ACTION SNIPPET 1200 774 SNIPPET_NOT_RELEVANT 155647679
ACTION SNIPPET 1200 777 SNIPPET_NOT_RELEVANT 44798289
ACTION QUERY 1200 787 Identity of badjao'
ACTION SERP 1200 792 EXAMINE_SERP
ACTION SNIPPET 1200 795 SNIPPET_NOT_RELEVANT 71867265
ACTION SNIPPET 1200 798 SNIPPET_NOT_RELEVANT 69989862
ACTION SNIPPET 1200 801 SNIPPET_NOT_RELEVANT 122120234
ACTION SNIPPET 1200 804 SNIPPET_NOT_RELEVANT 65337377
ACTION SNIPPET 1200 807 SNIPPET_NOT_RELEVANT 162185692
ACTION SNIPPET 1200 810 SNIPPET_NOT_RELEVANT 10712626
ACTION SNIPPET 1200 813 SNIPPET_NOT_RELEVANT 156023009
ACTION SNIPPET 1200 816 SNIPPET_NOT_RELEVANT 83880009
ACTION SNIPPET 1200 819 SNIPPET_NOT_RELEVANT 140724254
ACTION SNIPPET 1200 822 SNIPPET_NOT_RELEVANT 10127543
ACTION SNIPPET 1200 825 SNIPPET_NOT_RELEVANT 127111147
ACTION SNIPPET 1200 828 SNIPPET_NOT_RELEVANT 158380847
ACTION SNIPPET 1200 831 SNIPPET_NOT_RELEVANT 267422
ACTION SNIPPET 1200 834 SNIPPET_NOT_RELEVANT 26712407
ACTION SNIPPET 1200 837 SNIPPET_NOT_RELEVANT 37264338
ACTION SNIPPET 1200 840 SNIPPET_NOT_RELEVANT 58575322
ACTION SNIPPET 1200 843 SNIPPET_NOT_RELEVANT 257503
ACTION SNIPPET 1200 846 SNIPPET_NOT_RELEVANT 123447891
ACTION SNIPPET 1200 849 SNIPPET_NOT_RELEVANT 3146822
ACTION SNIPPET 1200 852 SNIPPET_NOT_RELEVANT 63286160
ACTION SNIPPET 1200 855 SNIPPET_NOT_RELEVANT 41646900
ACTION SNIPPET 1200 858 SNIPPET_NOT_RELEVANT 146000583
ACTION SNIPPET 1200 861 SNIPPET_NOT_RELEVANT 68789848
ACTION SNIPPET 1200 864 SNIPPET_NOT_RELEVANT 5692302
ACTION SNIPPET 1200 867 SNIPPET_NOT_RELEVANT 121318224
ACTION SNIPPET 1200 870 SNIPPET_NOT_RELEVANT 19584907
ACTION SNIPPET 1200 873 SNIPPET_NOT_RELEVANT 112005321
ACTION SNIPPET 1200 876 SNIPPET_NOT_RELEVANT 4351936
ACTION SNIPPET 1200 879 SNIPPET_NOT_RELEVANT 136328986
ACTION SNIPPET 1200 882 SNIPPET_NOT_RELEVANT 128791055
ACTION SNIPPET 1200 885 SNIPPET_NOT_RELEVANT 155647679
ACTION SNIPPET 1200 888 SNIPPET_NOT_RELEVANT 44798289
ACTION QUERY 1200 898 Identity of badjao'
ACTION SERP 1200 903 EXAMINE_SERP
ACTION SNIPPET 1200 906 SNIPPET_NOT_RELEVANT 71867265
ACTION SNIPPET 1200 909 SNIPPET_NOT_RELEVANT 69989862
ACTION SNIPPET 1200 912 SNIPPET_NOT_RELEVANT 122120234
ACTION SNIPPET 1200 915 SNIPPET_NOT_RELEVANT 65337377
ACTION SNIPPET 1200 918 SNIPPET_NOT_RELEVANT 162185692
ACTION SNIPPET 1200 921 SNIPPET_NOT_RELEVANT 10712626
ACTION SNIPPET 1200 924 SNIPPET_NOT_RELEVANT 156023009
ACTION SNIPPET 1200 927 SNIPPET_NOT_RELEVANT 83880009
ACTION SNIPPET 1200 930 SNIPPET_NOT_RELEVANT 140724254
ACTION SNIPPET 1200 933 SNIPPET_NOT_RELEVANT 10127543
ACTION SNIPPET 1200 936 SNIPPET_NOT_RELEVANT 127111147
ACTION SNIPPET 1200 939 SNIPPET_NOT_RELEVANT 158380847
ACTION SNIPPET 1200 942 SNIPPET_NOT_RELEVANT 267422
ACTION SNIPPET 1200 945 SNIPPET_NOT_RELEVANT 26712407
ACTION SNIPPET 1200 948 SNIPPET_NOT_RELEVANT 37264338
ACTION SNIPPET 1200 951 SNIPPET_NOT_RELEVANT 58575322
ACTION SNIPPET 1200 954 SNIPPET_NOT_RELEVANT 257503
ACTION SNIPPET 1200 957 SNIPPET_NOT_RELEVANT 123447891
ACTION SNIPPET 1200 960 SNIPPET_NOT_RELEVANT 3146822
ACTION SNIPPET 1200 963 SNIPPET_NOT_RELEVANT 63286160
ACTION SNIPPET 1200 966 SNIPPET_NOT_RELEVANT 41646900
ACTION SNIPPET 1200 969 SNIPPET_NOT_RELEVANT 146000583
ACTION SNIPPET 1200 972 SNIPPET_NOT_RELEVANT 68789848
ACTION SNIPPET 1200 975 SNIPPET_NOT_RELEVANT 5692302
ACTION SNIPPET 1200 978 SNIPPET_NOT_RELEVANT 121318224
ACTION SNIPPET 1200 981 SNIPPET_NOT_RELEVANT 19584907
ACTION SNIPPET 1200 984 SNIPPET_NOT_RELEVANT 112005321
ACTION SNIPPET 1200 987 SNIPPET_NOT_RELEVANT 4351936
ACTION SNIPPET 1200 990 SNIPPET_NOT_RELEVANT 136328986
ACTION SNIPPET 1200 993 SNIPPET_NOT_RELEVANT 128791055
ACTION SNIPPET 1200 996 SNIPPET_NOT_RELEVANT 155647679
ACTION SNIPPET 1200 999 SNIPPET_NOT_RELEVANT 44798289
ACTION QUERY 1200 1009 Identity of badjao'
ACTION SERP 1200 1014 EXAMINE_SERP
ACTION SNIPPET 1200 1017 SNIPPET_NOT_RELEVANT 71867265
ACTION SNIPPET 1200 1020 SNIPPET_NOT_RELEVANT 69989862
ACTION SNIPPET 1200 1023 SNIPPET_NOT_RELEVANT 122120234
ACTION SNIPPET 1200 1026 SNIPPET_NOT_RELEVANT 65337377
ACTION SNIPPET 1200 1029 SNIPPET_NOT_RELEVANT 162185692
ACTION SNIPPET 1200 1032 SNIPPET_NOT_RELEVANT 10712626
ACTION SNIPPET 1200 1035 SNIPPET_NOT_RELEVANT 156023009
ACTION SNIPPET 1200 1038 SNIPPET_NOT_RELEVANT 83880009
ACTION SNIPPET 1200 1041 SNIPPET_NOT_RELEVANT 140724254
ACTION SNIPPET 1200 1044 SNIPPET_NOT_RELEVANT 10127543
ACTION SNIPPET 1200 1047 SNIPPET_NOT_RELEVANT 127111147
ACTION SNIPPET 1200 1050 SNIPPET_NOT_RELEVANT 158380847
ACTION SNIPPET 1200 1053 SNIPPET_NOT_RELEVANT 267422
ACTION SNIPPET 1200 1056 SNIPPET_NOT_RELEVANT 26712407
ACTION SNIPPET 1200 1059 SNIPPET_NOT_RELEVANT 37264338
ACTION SNIPPET 1200 1062 SNIPPET_NOT_RELEVANT 58575322
ACTION SNIPPET 1200 1065 SNIPPET_NOT_RELEVANT 257503
ACTION SNIPPET 1200 1068 SNIPPET_NOT_RELEVANT 123447891
ACTION SNIPPET 1200 1071 SNIPPET_NOT_RELEVANT 3146822
ACTION SNIPPET 1200 1074 SNIPPET_NOT_RELEVANT 63286160
ACTION SNIPPET 1200 1077 SNIPPET_NOT_RELEVANT 41646900
ACTION SNIPPET 1200 1080 SNIPPET_NOT_RELEVANT 146000583
ACTION SNIPPET 1200 1083 SNIPPET_NOT_RELEVANT 68789848
ACTION SNIPPET 1200 1086 SNIPPET_NOT_RELEVANT 5692302
ACTION SNIPPET 1200 1089 SNIPPET_NOT_RELEVANT 121318224
ACTION SNIPPET 1200 1092 SNIPPET_NOT_RELEVANT 19584907
ACTION SNIPPET 1200 1095 SNIPPET_NOT_RELEVANT 112005321
ACTION SNIPPET 1200 1098 SNIPPET_NOT_RELEVANT 4351936
ACTION SNIPPET 1200 1101 SNIPPET_NOT_RELEVANT 136328986
ACTION SNIPPET 1200 1104 SNIPPET_NOT_RELEVANT 128791055
ACTION SNIPPET 1200 1107 SNIPPET_NOT_RELEVANT 155647679
ACTION SNIPPET 1200 1110 SNIPPET_NOT_RELEVANT 44798289
ACTION QUERY 1200 1120 Identity of badjao'
ACTION SERP 1200 1125 EXAMINE_SERP
ACTION SNIPPET 1200 1128 SNIPPET_NOT_RELEVANT 71867265
ACTION SNIPPET 1200 1131 SNIPPET_NOT_RELEVANT 69989862
ACTION SNIPPET 1200 1134 SNIPPET_NOT_RELEVANT 122120234
ACTION SNIPPET 1200 1137 SNIPPET_NOT_RELEVANT 65337377
ACTION SNIPPET 1200 1140 SNIPPET_NOT_RELEVANT 162185692
ACTION SNIPPET 1200 1143 SNIPPET_NOT_RELEVANT 10712626
ACTION SNIPPET 1200 1146 SNIPPET_NOT_RELEVANT 156023009
ACTION SNIPPET 1200 1149 SNIPPET_NOT_RELEVANT 83880009
ACTION SNIPPET 1200 1152 SNIPPET_NOT_RELEVANT 140724254
ACTION SNIPPET 1200 1155 SNIPPET_NOT_RELEVANT 10127543
ACTION SNIPPET 1200 1158 SNIPPET_NOT_RELEVANT 127111147
ACTION SNIPPET 1200 1161 SNIPPET_NOT_RELEVANT 158380847
ACTION SNIPPET 1200 1164 SNIPPET_NOT_RELEVANT 267422
ACTION SNIPPET 1200 1167 SNIPPET_NOT_RELEVANT 26712407
ACTION SNIPPET 1200 1170 SNIPPET_NOT_RELEVANT 37264338
ACTION SNIPPET 1200 1173 SNIPPET_NOT_RELEVANT 58575322
ACTION SNIPPET 1200 1176 SNIPPET_NOT_RELEVANT 257503
ACTION SNIPPET 1200 1179 SNIPPET_NOT_RELEVANT 123447891
ACTION SNIPPET 1200 1182 SNIPPET_NOT_RELEVANT 3146822
ACTION SNIPPET 1200 1185 SNIPPET_NOT_RELEVANT 63286160
ACTION SNIPPET 1200 1188 SNIPPET_NOT_RELEVANT 41646900
ACTION SNIPPET 1200 1191 SNIPPET_NOT_RELEVANT 146000583
ACTION SNIPPET 1200 1194 SNIPPET_NOT_RELEVANT 68789848
ACTION SNIPPET 1200 1197 SNIPPET_NOT_RELEVANT 5692302
ACTION SNIPPET 1200 1200 SNIPPET_NOT_RELEVANT 121318224
INFO SUMMARY 
INFO TOTAL_QUERIES_ISSUED 11
INFO TOTAL_SNIPPETS_EXAMINED 345
INFO TOTAL_DOCUMENTS_EXAMINED 0
INFO TOTAL_DOCUMENTS_MARKED_RELEVANT 0
INFO TOTAL_ATTRACTIVE_SERP_IMPRESSIONS 11
INFO TOTAL_UNATTRACTIVE_SERP_IMPRESSIONS 0
