ACTION START 1200 0 START
ACTION QUERY 1200 10 celebrity gender variable
ACTION SERP 1200 15 EXAMINE_SERP
ACTION SNIPPET 1200 18 SNIPPET_NOT_RELEVANT 132847565
ACTION SNIPPET 1200 21 SNIPPET_NOT_RELEVANT 159481750
ACTION SNIPPET 1200 24 SNIPPET_NOT_RELEVANT 150463086
ACTION SNIPPET 1200 27 SNIPPET_NOT_RELEVANT 8319442
ACTION SNIPPET 1200 30 SNIPPET_NOT_RELEVANT 143760
ACTION SNIPPET 1200 33 SNIPPET_NOT_RELEVANT 70354955
ACTION SNIPPET 1200 36 SNIPPET_NOT_RELEVANT 159490054
ACTION SNIPPET 1200 39 SNIPPET_NOT_RELEVANT 10432206
ACTION SNIPPET 1200 42 SNIPPET_NOT_RELEVANT 54935615
ACTION SNIPPET 1200 45 SNIPPET_NOT_RELEVANT 150983853
ACTION SNIPPET 1200 48 SNIPPET_NOT_RELEVANT 145383599
ACTION SNIPPET 1200 51 SNIPPET_NOT_RELEVANT 126779937
ACTION SNIPPET 1200 54 SNIPPET_NOT_RELEVANT 63001654
ACTION SNIPPET 1200 57 SNIPPET_NOT_RELEVANT 122525854
ACTION SNIPPET 1200 60 SNIPPET_NOT_RELEVANT 19882742
ACTION SNIPPET 1200 63 SNIPPET_NOT_RELEVANT 15032218
ACTION SNIPPET 1200 66 SNIPPET_NOT_RELEVANT 70298271
ACTION SNIPPET 1200 69 SNIPPET_NOT_RELEVANT 8735400
ACTION SNIPPET 1200 72 SNIPPET_NOT_RELEVANT 154022657
ACTION SNIPPET 1200 75 SNIPPET_NOT_RELEVANT 78827710
ACTION SNIPPET 1200 78 SNIPPET_NOT_RELEVANT 160165264
ACTION SNIPPET 1200 81 SNIPPET_NOT_RELEVANT 18721247
ACTION SNIPPET 1200 84 SNIPPET_NOT_RELEVANT 128434732
ACTION SNIPPET 1200 87 SNIPPET_NOT_RELEVANT 126204693
ACTION SNIPPET 1200 90 SNIPPET_NOT_RELEVANT 157817550
ACTION SNIPPET 1200 93 SNIPPET_NOT_RELEVANT 144982514
ACTION SNIPPET 1200 96 SNIPPET_NOT_RELEVANT 160655955
ACTION SNIPPET 1200 99 SNIPPET_NOT_RELEVANT 145600181
ACTION SNIPPET 1200 102 SNIPPET_NOT_RELEVANT 138659417
ACTION SNIPPET 1200 105 SNIPPET_NOT_RELEVANT 140494193
ACTION SNIPPET 1200 108 SNIPPET_NOT_RELEVANT 67051992
ACTION SNIPPET 1200 111 SNIPPET_NOT_RELEVANT 4528406
ACTION QUERY 1200 121 The Effectiveness of Celebrity Endorsements in Decision Making of Customers
ACTION SERP 1200 126 EXAMINE_SERP
ACTION SNIPPET 1200 129 SNIPPET_NOT_RELEVANT 113694900
ACTION SNIPPET 1200 132 SNIPPET_NOT_RELEVANT 121214288
ACTION SNIPPET 1200 135 SNIPPET_NOT_RELEVANT 146349081
ACTION SNIPPET 1200 138 SNIPPET_NOT_RELEVANT 126204693
ACTION SNIPPET 1200 141 SNIPPET_NOT_RELEVANT 160712067
ACTION SNIPPET 1200 144 SNIPPET_NOT_RELEVANT 150245426
ACTION SNIPPET 1200 147 SNIPPET_NOT_RELEVANT 70298271
ACTION SNIPPET 1200 150 SNIPPET_NOT_RELEVANT 160193735
ACTION SNIPPET 1200 153 SNIPPET_NOT_RELEVANT 159298105
ACTION SNIPPET 1200 156 SNIPPET_NOT_RELEVANT 47798532
ACTION SNIPPET 1200 159 SNIPPET_NOT_RELEVANT 70354955
ACTION SNIPPET 1200 162 SNIPPET_NOT_RELEVANT 131426080
ACTION SNIPPET 1200 165 SNIPPET_NOT_RELEVANT 11926013
ACTION SNIPPET 1200 168 SNIPPET_NOT_RELEVANT 121315726
ACTION SNIPPET 1200 171 SNIPPET_NOT_RELEVANT 152348358
ACTION SNIPPET 1200 174 SNIPPET_NOT_RELEVANT 122525854
ACTION SNIPPET 1200 177 SNIPPET_NOT_RELEVANT 160935376
ACTION SNIPPET 1200 180 SNIPPET_NOT_RELEVANT 160815525
ACTION SNIPPET 1200 183 SNIPPET_NOT_RELEVANT 74631663
ACTION SNIPPET 1200 186 SNIPPET_NOT_RELEVANT 160713236
ACTION SNIPPET 1200 189 SNIPPET_NOT_RELEVANT 148552683
ACTION SNIPPET 1200 192 SNIPPET_NOT_RELEVANT 70299820
ACTION SNIPPET 1200 195 SNIPPET_NOT_RELEVANT 160138670
ACTION SNIPPET 1200 198 SNIPPET_NOT_RELEVANT 67464479
ACTION SNIPPET 1200 201 SNIPPET_NOT_RELEVANT 135625219
ACTION SNIPPET 1200 204 SNIPPET_NOT_RELEVANT 8319442
ACTION SNIPPET 1200 207 SNIPPET_NOT_RELEVANT 17806641
ACTION SNIPPET 1200 210 SNIPPET_NOT_RELEVANT 74758547
ACTION SNIPPET 1200 213 SNIPPET_NOT_RELEVANT 160138671
ACTION SNIPPET 1200 216 SNIPPET_NOT_RELEVANT 62532483
ACTION SNIPPET 1200 219 SNIPPET_NOT_RELEVANT 2468709
ACTION SNIPPET 1200 222 SNIPPET_NOT_RELEVANT 136009814
ACTION QUERY 1200 232 gender in celebrity culture
ACTION SERP 1200 237 EXAMINE_SERP
ACTION SNIPPET 1200 240 SNIPPET_NOT_RELEVANT 132847565
ACTION SNIPPET 1200 243 SNIPPET_NOT_RELEVANT 143760
ACTION SNIPPET 1200 246 SNIPPET_NOT_RELEVANT 63001654
ACTION SNIPPET 1200 249 SNIPPET_NOT_RELEVANT 159481750
ACTION SNIPPET 1200 252 SNIPPET_NOT_RELEVANT 124504548
ACTION SNIPPET 1200 255 SNIPPET_NOT_RELEVANT 150463086
ACTION SNIPPET 1200 258 SNIPPET_NOT_RELEVANT 50063490
ACTION SNIPPET 1200 261 SNIPPET_NOT_RELEVANT 2265524
ACTION SNIPPET 1200 264 SNIPPET_NOT_RELEVANT 9087200
ACTION SNIPPET 1200 267 SNIPPET_NOT_RELEVANT 158122868
ACTION SNIPPET 1200 270 SNIPPET_NOT_RELEVANT 8111238
ACTION SNIPPET 1200 273 SNIPPET_NOT_RELEVANT 61143791
ACTION SNIPPET 1200 276 SNIPPET_NOT_RELEVANT 24103964
ACTION SNIPPET 1200 279 SNIPPET_NOT_RELEVANT 163024689
ACTION SNIPPET 1200 282 SNIPPET_NOT_RELEVANT 95398481
ACTION SNIPPET 1200 285 SNIPPET_NOT_RELEVANT 148504978
ACTION SNIPPET 1200 288 SNIPPET_NOT_RELEVANT 70354955
ACTION SNIPPET 1200 291 SNIPPET_NOT_RELEVANT 84380906
ACTION SNIPPET 1200 294 SNIPPET_NOT_RELEVANT 137625983
ACTION SNIPPET 1200 297 SNIPPET_NOT_RELEVANT 43155447
ACTION SNIPPET 1200 300 SNIPPET_NOT_RELEVANT 10432206
ACTION SNIPPET 1200 303 SNIPPET_NOT_RELEVANT 120148435
ACTION SNIPPET 1200 306 SNIPPET_NOT_RELEVANT 150983853
ACTION SNIPPET 1200 309 SNIPPET_NOT_RELEVANT 145383599
ACTION SNIPPET 1200 312 SNIPPET_NOT_RELEVANT 163039536
ACTION SNIPPET 1200 315 SNIPPET_NOT_RELEVANT 33432747
ACTION SNIPPET 1200 318 SNIPPET_NOT_RELEVANT 131065709
ACTION SNIPPET 1200 321 SNIPPET_NOT_RELEVANT 146873679
ACTION SNIPPET 1200 324 SNIPPET_NOT_RELEVANT 132116639
ACTION SNIPPET 1200 327 SNIPPET_NOT_RELEVANT 87111736
ACTION SNIPPET 1200 330 SNIPPET_NOT_RELEVANT 108192457
ACTION SNIPPET 1200 333 SNIPPET_NOT_RELEVANT 132966972
ACTION QUERY 1200 343 How does gender in celebrity culture affect people in different regions?
ACTION SERP 1200 348 EXAMINE_SERP
ACTION SNIPPET 1200 351 SNIPPET_NOT_RELEVANT 143760
ACTION SNIPPET 1200 354 SNIPPET_NOT_RELEVANT 132847565
ACTION SNIPPET 1200 357 SNIPPET_NOT_RELEVANT 132966972
ACTION SNIPPET 1200 360 SNIPPET_NOT_RELEVANT 124504548
ACTION SNIPPET 1200 363 SNIPPET_NOT_RELEVANT 155036538
ACTION SNIPPET 1200 366 SNIPPET_NOT_RELEVANT 39764696
ACTION SNIPPET 1200 369 SNIPPET_NOT_RELEVANT 48120204
ACTION SNIPPET 1200 372 SNIPPET_NOT_RELEVANT 63001654
ACTION SNIPPET 1200 375 SNIPPET_NOT_RELEVANT 150893662
ACTION SNIPPET 1200 378 SNIPPET_NOT_RELEVANT 10426620
ACTION SNIPPET 1200 381 SNIPPET_NOT_RELEVANT 131065709
ACTION SNIPPET 1200 384 SNIPPET_NOT_RELEVANT 108192457
ACTION SNIPPET 1200 387 SNIPPET_NOT_RELEVANT 61143791
ACTION SNIPPET 1200 390 SNIPPET_NOT_RELEVANT 91821626
ACTION SNIPPET 1200 393 SNIPPET_NOT_RELEVANT 120148435
ACTION SNIPPET 1200 396 SNIPPET_NOT_RELEVANT 86826565
ACTION SNIPPET 1200 399 SNIPPET_NOT_RELEVANT 46608181
ACTION SNIPPET 1200 402 SNIPPET_NOT_RELEVANT 67051992
ACTION SNIPPET 1200 405 SNIPPET_NOT_RELEVANT 85799667
ACTION SNIPPET 1200 408 SNIPPET_NOT_RELEVANT 160115178
ACTION SNIPPET 1200 411 SNIPPET_NOT_RELEVANT 41660235
ACTION SNIPPET 1200 414 SNIPPET_NOT_RELEVANT 62528278
ACTION SNIPPET 1200 417 SNIPPET_NOT_RELEVANT 159481750
ACTION SNIPPET 1200 420 SNIPPET_NOT_RELEVANT 2515487
ACTION SNIPPET 1200 423 SNIPPET_NOT_RELEVANT 122621351
ACTION SNIPPET 1200 426 SNIPPET_NOT_RELEVANT 45480113
ACTION SNIPPET 1200 429 SNIPPET_NOT_RELEVANT 135551012
ACTION SNIPPET 1200 432 SNIPPET_NOT_RELEVANT 128434732
ACTION SNIPPET 1200 435 SNIPPET_NOT_RELEVANT 150463086
ACTION SNIPPET 1200 438 SNIPPET_NOT_RELEVANT 59145301
ACTION SNIPPET 1200 441 SNIPPET_NOT_RELEVANT 20362288
ACTION SNIPPET 1200 444 SNIPPET_NOT_RELEVANT 43121141
ACTION QUERY 1200 454 How is the cultural significance of gender in celebrity culture.
ACTION SERP 1200 459 EXAMINE_SERP
ACTION SNIPPET 1200 462 SNIPPET_NOT_RELEVANT 132847565
ACTION SNIPPET 1200 465 SNIPPET_NOT_RELEVANT 159481750
ACTION SNIPPET 1200 468 SNIPPET_NOT_RELEVANT 143760
ACTION SNIPPET 1200 471 SNIPPET_NOT_RELEVANT 124504548
ACTION SNIPPET 1200 474 SNIPPET_NOT_RELEVANT 63001654
ACTION SNIPPET 1200 477 SNIPPET_NOT_RELEVANT 148504978
ACTION SNIPPET 1200 480 SNIPPET_NOT_RELEVANT 61143791
ACTION SNIPPET 1200 483 SNIPPET_NOT_RELEVANT 145383599
ACTION SNIPPET 1200 486 SNIPPET_NOT_RELEVANT 150463086
ACTION SNIPPET 1200 489 SNIPPET_NOT_RELEVANT 150983853
ACTION SNIPPET 1200 492 SNIPPET_NOT_RELEVANT 50063490
ACTION SNIPPET 1200 495 SNIPPET_NOT_RELEVANT 2265524
ACTION SNIPPET 1200 498 SNIPPET_NOT_RELEVANT 9087200
ACTION SNIPPET 1200 501 SNIPPET_NOT_RELEVANT 18189440
ACTION SNIPPET 1200 504 SNIPPET_NOT_RELEVANT 158122868
ACTION SNIPPET 1200 507 SNIPPET_NOT_RELEVANT 8111238
ACTION SNIPPET 1200 510 SNIPPET_NOT_RELEVANT 163033568
ACTION SNIPPET 1200 513 SNIPPET_NOT_RELEVANT 24103964
ACTION SNIPPET 1200 516 SNIPPET_NOT_RELEVANT 153032318
ACTION SNIPPET 1200 519 SNIPPET_NOT_RELEVANT 163024689
ACTION SNIPPET 1200 522 SNIPPET_NOT_RELEVANT 84778942
ACTION SNIPPET 1200 525 SNIPPET_NOT_RELEVANT 148962123
ACTION SNIPPET 1200 528 SNIPPET_NOT_RELEVANT 95398481
ACTION SNIPPET 1200 531 SNIPPET_NOT_RELEVANT 70451406
ACTION SNIPPET 1200 534 SNIPPET_NOT_RELEVANT 70354955
ACTION SNIPPET 1200 537 SNIPPET_NOT_RELEVANT 84380906
ACTION SNIPPET 1200 540 SNIPPET_NOT_RELEVANT 137625983
ACTION SNIPPET 1200 543 SNIPPET_NOT_RELEVANT 43155447
ACTION SNIPPET 1200 546 SNIPPET_NOT_RELEVANT 10432206
ACTION SNIPPET 1200 549 SNIPPET_NOT_RELEVANT 70462205
ACTION SNIPPET 1200 552 SNIPPET_NOT_RELEVANT 70299368
ACTION SNIPPET 1200 555 SNIPPET_NOT_RELEVANT 120148435
ACTION QUERY 1200 565 Who is the cultural significance of gender in celebrity culture.
ACTION SERP 1200 570 EXAMINE_SERP
ACTION SNIPPET 1200 573 SNIPPET_NOT_RELEVANT 132847565
ACTION SNIPPET 1200 576 SNIPPET_NOT_RELEVANT 159481750
ACTION SNIPPET 1200 579 SNIPPET_NOT_RELEVANT 143760
ACTION SNIPPET 1200 582 SNIPPET_NOT_RELEVANT 124504548
ACTION SNIPPET 1200 585 SNIPPET_NOT_RELEVANT 10432206
ACTION SNIPPET 1200 588 SNIPPET_NOT_RELEVANT 2265524
ACTION SNIPPET 1200 591 SNIPPET_NOT_RELEVANT 18189440
ACTION SNIPPET 1200 594 SNIPPET_NOT_RELEVANT 63001654
ACTION SNIPPET 1200 597 SNIPPET_NOT_RELEVANT 84380906
ACTION SNIPPET 1200 600 SNIPPET_NOT_RELEVANT 148504978
ACTION SNIPPET 1200 603 SNIPPET_NOT_RELEVANT 152872345
ACTION SNIPPET 1200 606 SNIPPET_NOT_RELEVANT 132116639
ACTION SNIPPET 1200 609 SNIPPET_NOT_RELEVANT 131065709
ACTION SNIPPET 1200 612 SNIPPET_NOT_RELEVANT 160675774
ACTION SNIPPET 1200 615 SNIPPET_NOT_RELEVANT 61143791
ACTION SNIPPET 1200 618 SNIPPET_NOT_RELEVANT 120148435
ACTION SNIPPET 1200 621 SNIPPET_NOT_RELEVANT 145383599
ACTION SNIPPET 1200 624 SNIPPET_NOT_RELEVANT 18721247
ACTION SNIPPET 1200 627 SNIPPET_NOT_RELEVANT 108192457
ACTION SNIPPET 1200 630 SNIPPET_NOT_RELEVANT 8446175
ACTION SNIPPET 1200 633 SNIPPET_NOT_RELEVANT 146417654
ACTION SNIPPET 1200 636 SNIPPET_NOT_RELEVANT 149016934
ACTION SNIPPET 1200 639 SNIPPET_NOT_RELEVANT 67051992
ACTION SNIPPET 1200 642 SNIPPET_NOT_RELEVANT 8735400
ACTION SNIPPET 1200 645 SNIPPET_NOT_RELEVANT 150463086
ACTION SNIPPET 1200 648 SNIPPET_NOT_RELEVANT 4593997
ACTION SNIPPET 1200 651 SNIPPET_NOT_RELEVANT 10736749
ACTION SNIPPET 1200 654 SNIPPET_NOT_RELEVANT 5546417
ACTION SNIPPET 1200 657 SNIPPET_NOT_RELEVANT 150983853
ACTION SNIPPET 1200 660 SNIPPET_NOT_RELEVANT 152627270
ACTION SNIPPET 1200 663 SNIPPET_NOT_RELEVANT 160115178
ACTION SNIPPET 1200 666 SNIPPET_NOT_RELEVANT 46355770
ACTION QUERY 1200 676 Is role does media play in shaping views on gender in celebrity culture
ACTION SERP 1200 681 EXAMINE_SERP
ACTION SNIPPET 1200 684 SNIPPET_NOT_RELEVANT 132847565
ACTION SNIPPET 1200 687 SNIPPET_NOT_RELEVANT 126963248
ACTION SNIPPET 1200 690 SNIPPET_NOT_RELEVANT 75034772
ACTION SNIPPET 1200 693 SNIPPET_NOT_RELEVANT 47478581
ACTION SNIPPET 1200 696 SNIPPET_NOT_RELEVANT 159485385
ACTION SNIPPET 1200 699 SNIPPET_NOT_RELEVANT 50063490
ACTION SNIPPET 1200 702 SNIPPET_NOT_RELEVANT 9087200
ACTION SNIPPET 1200 705 SNIPPET_NOT_RELEVANT 2844089
ACTION SNIPPET 1200 708 SNIPPET_NOT_RELEVANT 4522412
ACTION SNIPPET 1200 711 SNIPPET_NOT_RELEVANT 130034212
ACTION SNIPPET 1200 714 SNIPPET_NOT_RELEVANT 132116639
ACTION SNIPPET 1200 717 SNIPPET_NOT_RELEVANT 149016934
ACTION SNIPPET 1200 720 SNIPPET_NOT_RELEVANT 70451406
ACTION SNIPPET 1200 723 SNIPPET_NOT_RELEVANT 8111238
ACTION SNIPPET 1200 726 SNIPPET_NOT_RELEVANT 4574669
ACTION SNIPPET 1200 729 SNIPPET_NOT_RELEVANT 59308188
ACTION SNIPPET 1200 732 SNIPPET_NOT_RELEVANT 38074895
ACTION SNIPPET 1200 735 SNIPPET_NOT_RELEVANT 150983853
ACTION SNIPPET 1200 738 SNIPPET_NOT_RELEVANT 84380906
ACTION SNIPPET 1200 741 SNIPPET_NOT_RELEVANT 124504548
ACTION SNIPPET 1200 744 SNIPPET_NOT_RELEVANT 159481750
ACTION SNIPPET 1200 747 SNIPPET_NOT_RELEVANT 10740672
ACTION SNIPPET 1200 750 SNIPPET_NOT_RELEVANT 63001654
ACTION SNIPPET 1200 753 SNIPPET_NOT_RELEVANT 39993264
ACTION SNIPPET 1200 756 SNIPPET_NOT_RELEVANT 149594964
ACTION SNIPPET 1200 759 SNIPPET_NOT_RELEVANT 63369545
ACTION SNIPPET 1200 762 SNIPPET_NOT_RELEVANT 54165377
ACTION SNIPPET 1200 765 SNIPPET_NOT_RELEVANT 6288239
ACTION SNIPPET 1200 768 SNIPPET_NOT_RELEVANT 126129193
ACTION SNIPPET 1200 771 SNIPPET_NOT_RELEVANT 154815977
ACTION SNIPPET 1200 774 SNIPPET_NOT_RELEVANT 69428300
ACTION SNIPPET 1200 777 SNIPPET_NOT_RELEVANT 120093964
ACTION QUERY 1200 787 How is public opinion on gender in celebrity culture?
ACTION SERP 1200 792 EXAMINE_SERP
ACTION SNIPPET 1200 795 SNIPPET_NOT_RELEVANT 132847565
ACTION SNIPPET 1200 798 SNIPPET_NOT_RELEVANT 2265524
ACTION SNIPPET 1200 801 SNIPPET_NOT_RELEVANT 85443178
ACTION SNIPPET 1200 804 SNIPPET_NOT_RELEVANT 10432206
ACTION SNIPPET 1200 807 SNIPPET_NOT_RELEVANT 143760
ACTION SNIPPET 1200 810 SNIPPET_NOT_RELEVANT 160115178
ACTION SNIPPET 1200 813 SNIPPET_NOT_RELEVANT 18858170
ACTION SNIPPET 1200 816 SNIPPET_NOT_RELEVANT 63001654
ACTION SNIPPET 1200 819 SNIPPET_NOT_RELEVANT 165087413
ACTION SNIPPET 1200 822 SNIPPET_NOT_RELEVANT 139896398
ACTION SNIPPET 1200 825 SNIPPET_NOT_RELEVANT 33432747
ACTION SNIPPET 1200 828 SNIPPET_NOT_RELEVANT 58950181
ACTION SNIPPET 1200 831 SNIPPET_NOT_RELEVANT 10740672
ACTION SNIPPET 1200 834 SNIPPET_NOT_RELEVANT 163030923
ACTION SNIPPET 1200 837 SNIPPET_NOT_RELEVANT 2505164
ACTION SNIPPET 1200 840 SNIPPET_NOT_RELEVANT 163242392
ACTION SNIPPET 1200 843 SNIPPET_NOT_RELEVANT 37001836
ACTION SNIPPET 1200 846 SNIPPET_NOT_RELEVANT 18189440
ACTION SNIPPET 1200 849 SNIPPET_NOT_RELEVANT 84380906
ACTION SNIPPET 1200 852 SNIPPET_NOT_RELEVANT 147855815
ACTION SNIPPET 1200 855 SNIPPET_NOT_RELEVANT 39993264
ACTION SNIPPET 1200 858 SNIPPET_NOT_RELEVANT 20767140
ACTION SNIPPET 1200 861 SNIPPET_NOT_RELEVANT 159481750
ACTION SNIPPET 1200 864 SNIPPET_NOT_RELEVANT 11350497
ACTION SNIPPET 1200 867 SNIPPET_NOT_RELEVANT 124504548
ACTION SNIPPET 1200 870 SNIPPET_NOT_RELEVANT 138440254
ACTION SNIPPET 1200 873 SNIPPET_NOT_RELEVANT 82727791
ACTION SNIPPET 1200 876 SNIPPET_NOT_RELEVANT 150463086
ACTION SNIPPET 1200 879 SNIPPET_NOT_RELEVANT 126354903
ACTION SNIPPET 1200 882 SNIPPET_NOT_RELEVANT 70462205
ACTION SNIPPET 1200 885 SNIPPET_NOT_RELEVANT 27045492
ACTION SNIPPET 1200 888 SNIPPET_NOT_RELEVANT 70299368
ACTION QUERY 1200 898 What can we raise awareness about gender in celebrity culture
ACTION SERP 1200 903 EXAMINE_SERP
ACTION SNIPPET 1200 906 SNIPPET_NOT_RELEVANT 132847565
ACTION SNIPPET 1200 909 SNIPPET_NOT_RELEVANT 122561933
ACTION SNIPPET 1200 912 SNIPPET_NOT_RELEVANT 155493622
ACTION SNIPPET 1200 915 SNIPPET_NOT_RELEVANT 10282019
ACTION SNIPPET 1200 918 SNIPPET_NOT_RELEVANT 8954130
ACTION SNIPPET 1200 921 SNIPPET_NOT_RELEVANT 150983853
ACTION SNIPPET 1200 924 SNIPPET_NOT_RELEVANT 70299820
ACTION SNIPPET 1200 927 SNIPPET_NOT_RELEVANT 64829289
ACTION SNIPPET 1200 930 SNIPPET_NOT_RELEVANT 143760
ACTION SNIPPET 1200 933 SNIPPET_NOT_RELEVANT 66765040
ACTION SNIPPET 1200 936 SNIPPET_NOT_RELEVANT 10559414
ACTION SNIPPET 1200 939 SNIPPET_NOT_RELEVANT 20362288
ACTION SNIPPET 1200 942 SNIPPET_NOT_RELEVANT 11350497
ACTION SNIPPET 1200 945 SNIPPET_NOT_RELEVANT 63001654
ACTION SNIPPET 1200 948 SNIPPET_NOT_RELEVANT 12191317
ACTION SNIPPET 1200 951 SNIPPET_NOT_RELEVANT 130759918
ACTION SNIPPET 1200 954 SNIPPET_NOT_RELEVANT 132116639
ACTION SNIPPET 1200 957 SNIPPET_NOT_RELEVANT 45375441
ACTION SNIPPET 1200 960 SNIPPET_NOT_RELEVANT 149016934
ACTION SNIPPET 1200 963 SNIPPET_NOT_RELEVANT 18577084
ACTION SNIPPET 1200 966 SNIPPET_NOT_RELEVANT 31420146
ACTION SNIPPET 1200 969 SNIPPET_NOT_RELEVANT 8111238
ACTION SNIPPET 1200 972 SNIPPET_NOT_RELEVANT 7235600
ACTION SNIPPET 1200 975 SNIPPET_NOT_RELEVANT 148720433
ACTION SNIPPET 1200 978 SNIPPET_NOT_RELEVANT 95398481
ACTION SNIPPET 1200 981 SNIPPET_NOT_RELEVANT 81955832
ACTION SNIPPET 1200 984 SNIPPET_NOT_RELEVANT 136009814
ACTION SNIPPET 1200 987 SNIPPET_NOT_RELEVANT 9082080
ACTION SNIPPET 1200 990 SNIPPET_NOT_RELEVANT 121943492
ACTION SNIPPET 1200 993 SNIPPET_NOT_RELEVANT 84220874
ACTION SNIPPET 1200 996 SNIPPET_NOT_RELEVANT 162415644
ACTION SNIPPET 1200 999 SNIPPET_NOT_RELEVANT 50151129
ACTION QUERY 1200 1009 What is public opinion on gender in celebrity culture.
ACTION SERP 1200 1014 EXAMINE_SERP
ACTION SNIPPET 1200 1017 SNIPPET_NOT_RELEVANT 10432206
ACTION SNIPPET 1200 1020 SNIPPET_NOT_RELEVANT 160115178
ACTION SNIPPET 1200 1023 SNIPPET_NOT_RELEVANT 139896398
ACTION SNIPPET 1200 1026 SNIPPET_NOT_RELEVANT 58950181
ACTION SNIPPET 1200 1029 SNIPPET_NOT_RELEVANT 132847565
ACTION SNIPPET 1200 1032 SNIPPET_NOT_RELEVANT 163030923
ACTION SNIPPET 1200 1035 SNIPPET_NOT_RELEVANT 163242392
ACTION SNIPPET 1200 1038 SNIPPET_NOT_RELEVANT 37001836
ACTION SNIPPET 1200 1041 SNIPPET_NOT_RELEVANT 85443178
ACTION SNIPPET 1200 1044 SNIPPET_NOT_RELEVANT 159481750
ACTION SNIPPET 1200 1047 SNIPPET_NOT_RELEVANT 150463086
ACTION SNIPPET 1200 1050 SNIPPET_NOT_RELEVANT 126354903
ACTION SNIPPET 1200 1053 SNIPPET_NOT_RELEVANT 143760
ACTION SNIPPET 1200 1056 SNIPPET_NOT_RELEVANT 160675774
ACTION SNIPPET 1200 1059 SNIPPET_NOT_RELEVANT 26183208
ACTION SNIPPET 1200 1062 SNIPPET_NOT_RELEVANT 34150267
ACTION SNIPPET 1200 1065 SNIPPET_NOT_RELEVANT 21016192
ACTION SNIPPET 1200 1068 SNIPPET_NOT_RELEVANT 10740672
ACTION SNIPPET 1200 1071 SNIPPET_NOT_RELEVANT 153535804
ACTION SNIPPET 1200 1074 SNIPPET_NOT_RELEVANT 2501660
ACTION SNIPPET 1200 1077 SNIPPET_NOT_RELEVANT 18858170
ACTION SNIPPET 1200 1080 SNIPPET_NOT_RELEVANT 70354955
ACTION SNIPPET 1200 1083 SNIPPET_NOT_RELEVANT 43215972
ACTION SNIPPET 1200 1086 SNIPPET_NOT_RELEVANT 127820532
ACTION SNIPPET 1200 1089 SNIPPET_NOT_RELEVANT 150983853
ACTION SNIPPET 1200 1092 SNIPPET_NOT_RELEVANT 74631663
ACTION SNIPPET 1200 1095 SNIPPET_NOT_RELEVANT 145383599
ACTION SNIPPET 1200 1098 SNIPPET_NOT_RELEVANT 2265524
ACTION SNIPPET 1200 1101 SNIPPET_NOT_RELEVANT 7715181
ACTION SNIPPET 1200 1104 SNIPPET_NOT_RELEVANT 8131516
ACTION SNIPPET 1200 1107 SNIPPET_NOT_RELEVANT 159579865
ACTION SNIPPET 1200 1110 SNIPPET_NOT_RELEVANT 63001654
ACTION QUERY 1200 1120 Why are common misconceptions about gender in celebrity culture?
ACTION SERP 1200 1125 EXAMINE_SERP
ACTION SNIPPET 1200 1128 SNIPPET_NOT_RELEVANT 132847565
ACTION SNIPPET 1200 1131 SNIPPET_NOT_RELEVANT 120155992
ACTION SNIPPET 1200 1134 SNIPPET_NOT_RELEVANT 143760
ACTION SNIPPET 1200 1137 SNIPPET_NOT_RELEVANT 9113602
ACTION SNIPPET 1200 1140 SNIPPET_NOT_RELEVANT 143804034
ACTION SNIPPET 1200 1143 SNIPPET_NOT_RELEVANT 63001654
ACTION SNIPPET 1200 1146 SNIPPET_NOT_RELEVANT 136642029
ACTION SNIPPET 1200 1149 SNIPPET_NOT_RELEVANT 131065709
ACTION SNIPPET 1200 1152 SNIPPET_NOT_RELEVANT 134952046
ACTION SNIPPET 1200 1155 SNIPPET_NOT_RELEVANT 42699574
ACTION SNIPPET 1200 1158 SNIPPET_NOT_RELEVANT 59268255
ACTION SNIPPET 1200 1161 SNIPPET_NOT_RELEVANT 83946183
ACTION SNIPPET 1200 1164 SNIPPET_NOT_RELEVANT 53979382
ACTION SNIPPET 1200 1167 SNIPPET_NOT_RELEVANT 132116639
ACTION SNIPPET 1200 1170 SNIPPET_NOT_RELEVANT 156789274
ACTION SNIPPET 1200 1173 SNIPPET_NOT_RELEVANT 159481750
ACTION SNIPPET 1200 1176 SNIPPET_NOT_RELEVANT 126332398
ACTION SNIPPET 1200 1179 SNIPPET_NOT_RELEVANT 43121141
ACTION SNIPPET 1200 1182 SNIPPET_NOT_RELEVANT 124504548
ACTION SNIPPET 1200 1185 SNIPPET_NOT_RELEVANT 150463086
ACTION SNIPPET 1200 1188 SNIPPET_NOT_RELEVANT 69793257
ACTION SNIPPET 1200 1191 SNIPPET_NOT_RELEVANT 153535804
ACTION SNIPPET 1200 1194 SNIPPET_NOT_RELEVANT 10486969
ACTION SNIPPET 1200 1197 SNIPPET_NOT_RELEVANT 50063490
ACTION SNIPPET 1200 1200 SNIPPET_NOT_RELEVANT 2265524
INFO SUMMARY 
INFO TOTAL_QUERIES_ISSUED 11
INFO TOTAL_SNIPPETS_EXAMINED 345
INFO TOTAL_DOCUMENTS_EXAMINED 0
INFO TOTAL_DOCUMENTS_MARKED_RELEVANT 0
INFO TOTAL_ATTRACTIVE_SERP_IMPRESSIONS 11
INFO TOTAL_UNATTRACTIVE_SERP_IMPRESSIONS 0
