ACTION START 1200 0 START
ACTION QUERY 1200 10  preferen in definition of terms
ACTION SERP 1200 15 EXAMINE_SERP
ACTION SNIPPET 1200 18 SNIPPET_NOT_RELEVANT 78138597
ACTION SNIPPET 1200 21 SNIPPET_NOT_RELEVANT 30110893
ACTION SNIPPET 1200 24 SNIPPET_NOT_RELEVANT 479671
ACTION SNIPPET 1200 27 SNIPPET_NOT_RELEVANT 126980077
ACTION SNIPPET 1200 30 SNIPPET_NOT_RELEVANT 70972352
ACTION SNIPPET 1200 33 SNIPPET_NOT_RELEVANT 158275115
ACTION SNIPPET 1200 36 SNIPPET_NOT_RELEVANT 108528571
ACTION SNIPPET 1200 39 SNIPPET_NOT_RELEVANT 42668505
ACTION SNIPPET 1200 42 SNIPPET_NOT_RELEVANT 18189755
ACTION SNIPPET 1200 45 SNIPPET_NOT_RELEVANT 142926037
ACTION SNIPPET 1200 48 SNIPPET_NOT_RELEVANT 28442408
ACTION SNIPPET 1200 51 SNIPPET_NOT_RELEVANT 121526029
ACTION SNIPPET 1200 54 SNIPPET_NOT_RELEVANT 125175978
ACTION SNIPPET 1200 57 SNIPPET_NOT_RELEVANT 162298252
ACTION SNIPPET 1200 60 SNIPPET_NOT_RELEVANT 19198165
ACTION SNIPPET 1200 63 SNIPPET_NOT_RELEVANT 1095454
ACTION SNIPPET 1200 66 SNIPPET_NOT_RELEVANT 19962325
ACTION SNIPPET 1200 69 SNIPPET_NOT_RELEVANT 45636073
ACTION SNIPPET 1200 72 SNIPPET_NOT_RELEVANT 147849944
ACTION SNIPPET 1200 75 SNIPPET_NOT_RELEVANT 6734665
ACTION SNIPPET 1200 78 SNIPPET_NOT_RELEVANT 136081789
ACTION SNIPPET 1200 81 SNIPPET_NOT_RELEVANT 29357870
ACTION SNIPPET 1200 84 SNIPPET_NOT_RELEVANT 134597301
ACTION SNIPPET 1200 87 SNIPPET_NOT_RELEVANT 2047632
ACTION SNIPPET 1200 90 SNIPPET_NOT_RELEVANT 8861583
ACTION SNIPPET 1200 93 SNIPPET_NOT_RELEVANT 98891346
ACTION SNIPPET 1200 96 SNIPPET_NOT_RELEVANT 3194043
ACTION SNIPPET 1200 99 SNIPPET_NOT_RELEVANT 138459211
ACTION SNIPPET 1200 102 SNIPPET_NOT_RELEVANT 8230784
ACTION SNIPPET 1200 105 SNIPPET_NOT_RELEVANT 8869291
ACTION SNIPPET 1200 108 SNIPPET_NOT_RELEVANT 155035613
ACTION SNIPPET 1200 111 SNIPPET_NOT_RELEVANT 36319403
ACTION QUERY 1200 121 ("scam" OR "fraud" OR "treachery" OR "trickery" OR "cheating" OR "phishing" OR "deception" OR "misrepresentation" OR "identity theft" OR "fraudulent" OR "fraudulence" OR "cybercrime" OR "cyber fraud" OR "data breach" OR "manipulation" OR "scamware" OR "fake" OR "fake news" OR "deepfake
ACTION SERP 1200 126 EXAMINE_SERP
ACTION SNIPPET 1200 129 SNIPPET_NOT_RELEVANT 135980500
ACTION SNIPPET 1200 132 SNIPPET_NOT_RELEVANT 89665599
ACTION SNIPPET 1200 135 SNIPPET_NOT_RELEVANT 46044556
ACTION SNIPPET 1200 138 SNIPPET_NOT_RELEVANT 160633739
ACTION SNIPPET 1200 141 SNIPPET_NOT_RELEVANT 157888044
ACTION SNIPPET 1200 144 SNIPPET_NOT_RELEVANT 448611
ACTION SNIPPET 1200 147 SNIPPET_NOT_RELEVANT 121702068
ACTION SNIPPET 1200 150 SNIPPET_NOT_RELEVANT 151564427
ACTION SNIPPET 1200 153 SNIPPET_NOT_RELEVANT 77947998
ACTION SNIPPET 1200 156 SNIPPET_NOT_RELEVANT 41652959
ACTION SNIPPET 1200 159 SNIPPET_NOT_RELEVANT 82159522
ACTION SNIPPET 1200 162 SNIPPET_NOT_RELEVANT 152398515
ACTION SNIPPET 1200 165 SNIPPET_NOT_RELEVANT 81983971
ACTION SNIPPET 1200 168 SNIPPET_NOT_RELEVANT 130762092
ACTION SNIPPET 1200 171 SNIPPET_NOT_RELEVANT 149758795
ACTION SNIPPET 1200 174 SNIPPET_NOT_RELEVANT 145007991
ACTION SNIPPET 1200 177 SNIPPET_NOT_RELEVANT 2900207
ACTION SNIPPET 1200 180 SNIPPET_NOT_RELEVANT 17797449
ACTION SNIPPET 1200 183 SNIPPET_NOT_RELEVANT 163345770
ACTION SNIPPET 1200 186 SNIPPET_NOT_RELEVANT 7075967
ACTION SNIPPET 1200 189 SNIPPET_NOT_RELEVANT 36368186
ACTION SNIPPET 1200 192 SNIPPET_NOT_RELEVANT 161207129
ACTION SNIPPET 1200 195 SNIPPET_NOT_RELEVANT 159769708
ACTION SNIPPET 1200 198 SNIPPET_NOT_RELEVANT 160447552
ACTION SNIPPET 1200 201 SNIPPET_NOT_RELEVANT 121068837
ACTION SNIPPET 1200 204 SNIPPET_NOT_RELEVANT 2550405
ACTION SNIPPET 1200 207 SNIPPET_NOT_RELEVANT 5859280
ACTION SNIPPET 1200 210 SNIPPET_NOT_RELEVANT 151291222
ACTION SNIPPET 1200 213 SNIPPET_NOT_RELEVANT 149411717
ACTION SNIPPET 1200 216 SNIPPET_NOT_RELEVANT 122665695
ACTION SNIPPET 1200 219 SNIPPET_NOT_RELEVANT 8137503
ACTION SNIPPET 1200 222 SNIPPET_NOT_RELEVANT 126289540
ACTION QUERY 1200 232  ("scam" OR "fraud" OR "treachery" OR "trickery" OR "cheating" OR "phishing" OR "deception" OR "misrepresentation" OR "identity theft" OR "fraudulent" OR "fraudulence" OR "cybercrime" OR "cyber fraud" OR "data breach" OR "manipulation" OR "scamware" OR "fake" OR "extortion" OR "deepfake
ACTION SERP 1200 237 EXAMINE_SERP
ACTION SNIPPET 1200 240 SNIPPET_NOT_RELEVANT 135980500
ACTION SNIPPET 1200 243 SNIPPET_NOT_RELEVANT 46044556
ACTION SNIPPET 1200 246 SNIPPET_NOT_RELEVANT 160633739
ACTION SNIPPET 1200 249 SNIPPET_NOT_RELEVANT 448611
ACTION SNIPPET 1200 252 SNIPPET_NOT_RELEVANT 151564427
ACTION SNIPPET 1200 255 SNIPPET_NOT_RELEVANT 77947998
ACTION SNIPPET 1200 258 SNIPPET_NOT_RELEVANT 89665599
ACTION SNIPPET 1200 261 SNIPPET_NOT_RELEVANT 41652959
ACTION SNIPPET 1200 264 SNIPPET_NOT_RELEVANT 82159522
ACTION SNIPPET 1200 267 SNIPPET_NOT_RELEVANT 130762092
ACTION SNIPPET 1200 270 SNIPPET_NOT_RELEVANT 133701607
ACTION SNIPPET 1200 273 SNIPPET_NOT_RELEVANT 157888044
ACTION SNIPPET 1200 276 SNIPPET_NOT_RELEVANT 149758795
ACTION SNIPPET 1200 279 SNIPPET_NOT_RELEVANT 145007991
ACTION SNIPPET 1200 282 SNIPPET_NOT_RELEVANT 2900207
ACTION SNIPPET 1200 285 SNIPPET_NOT_RELEVANT 17797449
ACTION SNIPPET 1200 288 SNIPPET_NOT_RELEVANT 121702068
ACTION SNIPPET 1200 291 SNIPPET_NOT_RELEVANT 7075967
ACTION SNIPPET 1200 294 SNIPPET_NOT_RELEVANT 160447552
ACTION SNIPPET 1200 297 SNIPPET_NOT_RELEVANT 5859280
ACTION SNIPPET 1200 300 SNIPPET_NOT_RELEVANT 151291222
ACTION SNIPPET 1200 303 SNIPPET_NOT_RELEVANT 149411717
ACTION SNIPPET 1200 306 SNIPPET_NOT_RELEVANT 122665695
ACTION SNIPPET 1200 309 SNIPPET_NOT_RELEVANT 8137503
ACTION SNIPPET 1200 312 SNIPPET_NOT_RELEVANT 126289540
ACTION SNIPPET 1200 315 SNIPPET_NOT_RELEVANT 159077618
ACTION SNIPPET 1200 318 SNIPPET_NOT_RELEVANT 2550405
ACTION SNIPPET 1200 321 SNIPPET_NOT_RELEVANT 152398515
ACTION SNIPPET 1200 324 SNIPPET_NOT_RELEVANT 36368186
ACTION SNIPPET 1200 327 SNIPPET_NOT_RELEVANT 89665962
ACTION SNIPPET 1200 330 SNIPPET_NOT_RELEVANT 154030019
ACTION SNIPPET 1200 333 SNIPPET_NOT_RELEVANT 51392854
ACTION QUERY 1200 343 ("Social networks" OR "Social media" OR "Online networks" OR "Digital platforms" OR "Peer networks" OR "Social influence" OR "Virtual communities" OR "Social connectivity") AND ("crime" OR "violence prevention" OR "criminal behavior" OR "criminal tendencies" OR "criminal networks" OR "cybercrime" OR "online fraud" OR "digital crime" OR "cyberbullying" OR "hacking" OR "identity theft" OR "ph
ACTION SERP 1200 348 EXAMINE_SERP
ACTION SNIPPET 1200 351 SNIPPET_NOT_RELEVANT 61705714
ACTION SNIPPET 1200 354 SNIPPET_NOT_RELEVANT 121068837
ACTION SNIPPET 1200 357 SNIPPET_NOT_RELEVANT 99238255
ACTION SNIPPET 1200 360 SNIPPET_NOT_RELEVANT 144650088
ACTION SNIPPET 1200 363 SNIPPET_NOT_RELEVANT 33169206
ACTION SNIPPET 1200 366 SNIPPET_NOT_RELEVANT 156554320
ACTION SNIPPET 1200 369 SNIPPET_NOT_RELEVANT 73042183
ACTION SNIPPET 1200 372 SNIPPET_NOT_RELEVANT 61007080
ACTION SNIPPET 1200 375 SNIPPET_NOT_RELEVANT 4591324
ACTION SNIPPET 1200 378 SNIPPET_NOT_RELEVANT 148840299
ACTION SNIPPET 1200 381 SNIPPET_NOT_RELEVANT 19299408
ACTION SNIPPET 1200 384 SNIPPET_NOT_RELEVANT 136309401
ACTION SNIPPET 1200 387 SNIPPET_NOT_RELEVANT 157888044
ACTION SNIPPET 1200 390 SNIPPET_NOT_RELEVANT 146281850
ACTION SNIPPET 1200 393 SNIPPET_NOT_RELEVANT 65778521
ACTION SNIPPET 1200 396 SNIPPET_NOT_RELEVANT 67566001
ACTION SNIPPET 1200 399 SNIPPET_NOT_RELEVANT 17809331
ACTION SNIPPET 1200 402 SNIPPET_NOT_RELEVANT 51869705
ACTION SNIPPET 1200 405 SNIPPET_NOT_RELEVANT 129278414
ACTION SNIPPET 1200 408 SNIPPET_NOT_RELEVANT 36999051
ACTION SNIPPET 1200 411 SNIPPET_NOT_RELEVANT 149180559
ACTION SNIPPET 1200 414 SNIPPET_NOT_RELEVANT 156076099
ACTION SNIPPET 1200 417 SNIPPET_NOT_RELEVANT 68905767
ACTION SNIPPET 1200 420 SNIPPET_NOT_RELEVANT 92568191
ACTION SNIPPET 1200 423 SNIPPET_NOT_RELEVANT 153890783
ACTION SNIPPET 1200 426 SNIPPET_NOT_RELEVANT 8054968
ACTION SNIPPET 1200 429 SNIPPET_NOT_RELEVANT 71457604
ACTION SNIPPET 1200 432 SNIPPET_NOT_RELEVANT 3108191
ACTION SNIPPET 1200 435 SNIPPET_NOT_RELEVANT 156956084
ACTION SNIPPET 1200 438 SNIPPET_NOT_RELEVANT 155488061
ACTION SNIPPET 1200 441 SNIPPET_NOT_RELEVANT 2900207
ACTION SNIPPET 1200 444 SNIPPET_NOT_RELEVANT 10894326
ACTION QUERY 1200 454   ("Social networks" OR "Social media" OR "Online networks" OR "Digital platforms" OR Peer networks OR "influence" OR "Virtual communities" OR "connectivity" OR Social platforms OR "Social sharing sites" OR "Online" OR Facebook OR "Twitter" OR  "Instagram" OR "TikTok" OR "Snapchat" OR "YouTube" OR Reddit OR "LinkedIn" OR "Discord" OR "WhatsApp" OR "Telegram") AND   ("crime
ACTION SERP 1200 459 EXAMINE_SERP
ACTION SNIPPET 1200 462 SNIPPET_NOT_RELEVANT 8362305
ACTION SNIPPET 1200 465 SNIPPET_NOT_RELEVANT 129371815
ACTION SNIPPET 1200 468 SNIPPET_NOT_RELEVANT 11474967
ACTION SNIPPET 1200 471 SNIPPET_NOT_RELEVANT 70356426
ACTION SNIPPET 1200 474 SNIPPET_NOT_RELEVANT 145592089
ACTION SNIPPET 1200 477 SNIPPET_NOT_RELEVANT 37006992
ACTION SNIPPET 1200 480 SNIPPET_NOT_RELEVANT 46352662
ACTION SNIPPET 1200 483 SNIPPET_NOT_RELEVANT 161094973
ACTION SNIPPET 1200 486 SNIPPET_NOT_RELEVANT 150643828
ACTION SNIPPET 1200 489 SNIPPET_NOT_RELEVANT 8867575
ACTION SNIPPET 1200 492 SNIPPET_NOT_RELEVANT 151614016
ACTION SNIPPET 1200 495 SNIPPET_NOT_RELEVANT 7079902
ACTION SNIPPET 1200 498 SNIPPET_NOT_RELEVANT 68589984
ACTION SNIPPET 1200 501 SNIPPET_NOT_RELEVANT 155487955
ACTION SNIPPET 1200 504 SNIPPET_NOT_RELEVANT 120178768
ACTION SNIPPET 1200 507 SNIPPET_NOT_RELEVANT 143246059
ACTION SNIPPET 1200 510 SNIPPET_NOT_RELEVANT 158075642
ACTION SNIPPET 1200 513 SNIPPET_NOT_RELEVANT 148955233
ACTION SNIPPET 1200 516 SNIPPET_NOT_RELEVANT 10970200
ACTION SNIPPET 1200 519 SNIPPET_NOT_RELEVANT 160792133
ACTION SNIPPET 1200 522 SNIPPET_NOT_RELEVANT 159481798
ACTION SNIPPET 1200 525 SNIPPET_NOT_RELEVANT 62173090
ACTION SNIPPET 1200 528 SNIPPET_NOT_RELEVANT 42537424
ACTION SNIPPET 1200 531 SNIPPET_NOT_RELEVANT 62528796
ACTION SNIPPET 1200 534 SNIPPET_NOT_RELEVANT 41811796
ACTION SNIPPET 1200 537 SNIPPET_NOT_RELEVANT 43453735
ACTION SNIPPET 1200 540 SNIPPET_NOT_RELEVANT 10559252
ACTION SNIPPET 1200 543 SNIPPET_NOT_RELEVANT 164652447
ACTION SNIPPET 1200 546 SNIPPET_NOT_RELEVANT 128964106
ACTION SNIPPET 1200 549 SNIPPET_NOT_RELEVANT 11352782
ACTION SNIPPET 1200 552 SNIPPET_NOT_RELEVANT 126146328
ACTION SNIPPET 1200 555 SNIPPET_NOT_RELEVANT 8054968
ACTION QUERY 1200 565  (preference OR prefer* OR priority OR importance OR importance factor* OR need* OR demand* OR choice OR opt* OR decide* OR decide upon OR determin* OR fix* OR select* OR specified requirements OR desired features OR wanted characteristics OR required properties OR necessary qualities OR requisite characteristics OR appropriate behavior OR acceptable performance OR adequate performance OR good performance OR superior performance OR excellent performance OR high-level performance OR specified requirements OR exact specifications OR exact match requirements OR implementation requirements OR deployment requirements OR operational requirements OR
ACTION SERP 1200 570 EXAMINE_SERP
ACTION SNIPPET 1200 573 SNIPPET_NOT_RELEVANT 138840793
ACTION SNIPPET 1200 576 SNIPPET_NOT_RELEVANT 139978529
ACTION SNIPPET 1200 579 SNIPPET_NOT_RELEVANT 145435077
ACTION SNIPPET 1200 582 SNIPPET_NOT_RELEVANT 88849680
ACTION SNIPPET 1200 585 SNIPPET_NOT_RELEVANT 59859520
ACTION SNIPPET 1200 588 SNIPPET_NOT_RELEVANT 163555575
ACTION SNIPPET 1200 591 SNIPPET_NOT_RELEVANT 2800346
ACTION SNIPPET 1200 594 SNIPPET_NOT_RELEVANT 78601111
ACTION SNIPPET 1200 597 SNIPPET_NOT_RELEVANT 140820133
ACTION SNIPPET 1200 600 SNIPPET_NOT_RELEVANT 7290783
ACTION SNIPPET 1200 603 SNIPPET_NOT_RELEVANT 7109241
ACTION SNIPPET 1200 606 SNIPPET_NOT_RELEVANT 48481861
ACTION SNIPPET 1200 609 SNIPPET_NOT_RELEVANT 136396781
ACTION SNIPPET 1200 612 SNIPPET_NOT_RELEVANT 59590269
ACTION SNIPPET 1200 615 SNIPPET_NOT_RELEVANT 135829784
ACTION SNIPPET 1200 618 SNIPPET_NOT_RELEVANT 68596935
ACTION SNIPPET 1200 621 SNIPPET_NOT_RELEVANT 150805419
ACTION SNIPPET 1200 624 SNIPPET_NOT_RELEVANT 144372291
ACTION SNIPPET 1200 627 SNIPPET_NOT_RELEVANT 28070222
ACTION SNIPPET 1200 630 SNIPPET_NOT_RELEVANT 23027191
ACTION SNIPPET 1200 633 SNIPPET_NOT_RELEVANT 46444575
ACTION SNIPPET 1200 636 SNIPPET_NOT_RELEVANT 41332037
ACTION SNIPPET 1200 639 SNIPPET_NOT_RELEVANT 59117539
ACTION SNIPPET 1200 642 SNIPPET_NOT_RELEVANT 83716301
ACTION SNIPPET 1200 645 SNIPPET_NOT_RELEVANT 19461636
ACTION SNIPPET 1200 648 SNIPPET_NOT_RELEVANT 45246534
ACTION SNIPPET 1200 651 SNIPPET_NOT_RELEVANT 3107041
ACTION SNIPPET 1200 654 SNIPPET_NOT_RELEVANT 66203074
ACTION SNIPPET 1200 657 SNIPPET_NOT_RELEVANT 41652464
ACTION SNIPPET 1200 660 SNIPPET_NOT_RELEVANT 16673468
ACTION SNIPPET 1200 663 SNIPPET_NOT_RELEVANT 124931034
ACTION SNIPPET 1200 666 SNIPPET_NOT_RELEVANT 145033390
ACTION QUERY 1200 676  (prefer* OR prefer* OR choose* OR decid*) AND (other terminology OR alternate term OR different term OR variant term OR vernacular term OR local term OR specific term OR distinct term OR identified term OR designated term OR labeled term OR selected term OR personal term OR individual term OR subjective term OR user-defined term) AND (medical imaging OR imaging OR X-ray OR computed tomography OR CT OR magnetic resonance imaging OR MRI OR nuclear medicine OR positron emission tomography OR PET OR ultrasound OR ech
ACTION SERP 1200 681 EXAMINE_SERP
ACTION SNIPPET 1200 684 SNIPPET_NOT_RELEVANT 139139605
ACTION SNIPPET 1200 687 SNIPPET_NOT_RELEVANT 315130
ACTION SNIPPET 1200 690 SNIPPET_NOT_RELEVANT 55095430
ACTION SNIPPET 1200 693 SNIPPET_NOT_RELEVANT 10949176
ACTION SNIPPET 1200 696 SNIPPET_NOT_RELEVANT 85859715
ACTION SNIPPET 1200 699 SNIPPET_NOT_RELEVANT 540386
ACTION SNIPPET 1200 702 SNIPPET_NOT_RELEVANT 9030478
ACTION SNIPPET 1200 705 SNIPPET_NOT_RELEVANT 7984901
ACTION SNIPPET 1200 708 SNIPPET_NOT_RELEVANT 8425034
ACTION SNIPPET 1200 711 SNIPPET_NOT_RELEVANT 6699422
ACTION SNIPPET 1200 714 SNIPPET_NOT_RELEVANT 75675647
ACTION SNIPPET 1200 717 SNIPPET_NOT_RELEVANT 58600608
ACTION SNIPPET 1200 720 SNIPPET_NOT_RELEVANT 151366244
ACTION SNIPPET 1200 723 SNIPPET_NOT_RELEVANT 122293034
ACTION SNIPPET 1200 726 SNIPPET_NOT_RELEVANT 40702986
ACTION SNIPPET 1200 729 SNIPPET_NOT_RELEVANT 125046715
ACTION SNIPPET 1200 732 SNIPPET_NOT_RELEVANT 29332716
ACTION SNIPPET 1200 735 SNIPPET_NOT_RELEVANT 38521112
ACTION SNIPPET 1200 738 SNIPPET_NOT_RELEVANT 115616628
ACTION SNIPPET 1200 741 SNIPPET_NOT_RELEVANT 4872761
ACTION SNIPPET 1200 744 SNIPPET_NOT_RELEVANT 138041171
ACTION SNIPPET 1200 747 SNIPPET_NOT_RELEVANT 7164263
ACTION SNIPPET 1200 750 SNIPPET_NOT_RELEVANT 107332985
ACTION SNIPPET 1200 753 SNIPPET_NOT_RELEVANT 46222506
ACTION SNIPPET 1200 756 SNIPPET_NOT_RELEVANT 14249955
ACTION SNIPPET 1200 759 SNIPPET_NOT_RELEVANT 3999592
ACTION SNIPPET 1200 762 SNIPPET_NOT_RELEVANT 10963807
ACTION SNIPPET 1200 765 SNIPPET_NOT_RELEVANT 128013979
ACTION SNIPPET 1200 768 SNIPPET_NOT_RELEVANT 24099606
ACTION SNIPPET 1200 771 SNIPPET_NOT_RELEVANT 107446195
ACTION SNIPPET 1200 774 SNIPPET_NOT_RELEVANT 108108024
ACTION SNIPPET 1200 777 SNIPPET_NOT_RELEVANT 3616811
ACTION QUERY 1200 787  ("Social networks" OR "Social media" OR "Online networks" OR "Digital platforms" OR "Peer networks"4 OR "Social influence" OR "Virtual communities" OR "Social connectivity") AND ("crime" OR "violence" OR "criminal behavior" OR "criminal tendencies" OR  "criminal networks" OR "cybercrime" OR "online fraud" OR "digital crime" OR "cyberbullying" OR  "hacking" OR "identity theft" OR
ACTION SERP 1200 792 EXAMINE_SERP
ACTION SNIPPET 1200 795 SNIPPET_NOT_RELEVANT 61705714
ACTION SNIPPET 1200 798 SNIPPET_NOT_RELEVANT 121068837
ACTION SNIPPET 1200 801 SNIPPET_NOT_RELEVANT 99238255
ACTION SNIPPET 1200 804 SNIPPET_NOT_RELEVANT 148840299
ACTION SNIPPET 1200 807 SNIPPET_NOT_RELEVANT 144650088
ACTION SNIPPET 1200 810 SNIPPET_NOT_RELEVANT 33169206
ACTION SNIPPET 1200 813 SNIPPET_NOT_RELEVANT 73042183
ACTION SNIPPET 1200 816 SNIPPET_NOT_RELEVANT 61007080
ACTION SNIPPET 1200 819 SNIPPET_NOT_RELEVANT 136309401
ACTION SNIPPET 1200 822 SNIPPET_NOT_RELEVANT 157888044
ACTION SNIPPET 1200 825 SNIPPET_NOT_RELEVANT 67566001
ACTION SNIPPET 1200 828 SNIPPET_NOT_RELEVANT 129278414
ACTION SNIPPET 1200 831 SNIPPET_NOT_RELEVANT 156554320
ACTION SNIPPET 1200 834 SNIPPET_NOT_RELEVANT 65778521
ACTION SNIPPET 1200 837 SNIPPET_NOT_RELEVANT 19299408
ACTION SNIPPET 1200 840 SNIPPET_NOT_RELEVANT 71457604
ACTION SNIPPET 1200 843 SNIPPET_NOT_RELEVANT 3108191
ACTION SNIPPET 1200 846 SNIPPET_NOT_RELEVANT 4591324
ACTION SNIPPET 1200 849 SNIPPET_NOT_RELEVANT 51869705
ACTION SNIPPET 1200 852 SNIPPET_NOT_RELEVANT 17809331
ACTION SNIPPET 1200 855 SNIPPET_NOT_RELEVANT 146281850
ACTION SNIPPET 1200 858 SNIPPET_NOT_RELEVANT 2900207
ACTION SNIPPET 1200 861 SNIPPET_NOT_RELEVANT 156076099
ACTION SNIPPET 1200 864 SNIPPET_NOT_RELEVANT 36999051
ACTION SNIPPET 1200 867 SNIPPET_NOT_RELEVANT 10894326
ACTION SNIPPET 1200 870 SNIPPET_NOT_RELEVANT 70337389
ACTION SNIPPET 1200 873 SNIPPET_NOT_RELEVANT 149758795
ACTION SNIPPET 1200 876 SNIPPET_NOT_RELEVANT 68511046
ACTION SNIPPET 1200 879 SNIPPET_NOT_RELEVANT 92568191
ACTION SNIPPET 1200 882 SNIPPET_NOT_RELEVANT 153890783
ACTION SNIPPET 1200 885 SNIPPET_NOT_RELEVANT 156956084
ACTION SNIPPET 1200 888 SNIPPET_NOT_RELEVANT 149180559
ACTION QUERY 1200 898  ("Social networks" OR "Social media" OR "Online networks" OR "Digital platforms" OR "Peer networks"4 OR "Social influence" OR "Virtual communities" OR "Social connectivity") AND ("crime" OR "violence" OR "criminal behavior" OR "criminal tendencies" OR  "criminal networks" OR "cybercrime" OR "online fraud" OR "digital crime" OR "cyberbullying" OR  "hacking" OR "identity theft" OR
ACTION SERP 1200 903 EXAMINE_SERP
ACTION SNIPPET 1200 906 SNIPPET_NOT_RELEVANT 61705714
ACTION SNIPPET 1200 909 SNIPPET_NOT_RELEVANT 121068837
ACTION SNIPPET 1200 912 SNIPPET_NOT_RELEVANT 99238255
ACTION SNIPPET 1200 915 SNIPPET_NOT_RELEVANT 148840299
ACTION SNIPPET 1200 918 SNIPPET_NOT_RELEVANT 144650088
ACTION SNIPPET 1200 921 SNIPPET_NOT_RELEVANT 33169206
ACTION SNIPPET 1200 924 SNIPPET_NOT_RELEVANT 73042183
ACTION SNIPPET 1200 927 SNIPPET_NOT_RELEVANT 61007080
ACTION SNIPPET 1200 930 SNIPPET_NOT_RELEVANT 136309401
ACTION SNIPPET 1200 933 SNIPPET_NOT_RELEVANT 157888044
ACTION SNIPPET 1200 936 SNIPPET_NOT_RELEVANT 67566001
ACTION SNIPPET 1200 939 SNIPPET_NOT_RELEVANT 129278414
ACTION SNIPPET 1200 942 SNIPPET_NOT_RELEVANT 156554320
ACTION SNIPPET 1200 945 SNIPPET_NOT_RELEVANT 65778521
ACTION SNIPPET 1200 948 SNIPPET_NOT_RELEVANT 19299408
ACTION SNIPPET 1200 951 SNIPPET_NOT_RELEVANT 71457604
ACTION SNIPPET 1200 954 SNIPPET_NOT_RELEVANT 3108191
ACTION SNIPPET 1200 957 SNIPPET_NOT_RELEVANT 4591324
ACTION SNIPPET 1200 960 SNIPPET_NOT_RELEVANT 51869705
ACTION SNIPPET 1200 963 SNIPPET_NOT_RELEVANT 17809331
ACTION SNIPPET 1200 966 SNIPPET_NOT_RELEVANT 146281850
ACTION SNIPPET 1200 969 SNIPPET_NOT_RELEVANT 2900207
ACTION SNIPPET 1200 972 SNIPPET_NOT_RELEVANT 156076099
ACTION SNIPPET 1200 975 SNIPPET_NOT_RELEVANT 36999051
ACTION SNIPPET 1200 978 SNIPPET_NOT_RELEVANT 10894326
ACTION SNIPPET 1200 981 SNIPPET_NOT_RELEVANT 70337389
ACTION SNIPPET 1200 984 SNIPPET_NOT_RELEVANT 149758795
ACTION SNIPPET 1200 987 SNIPPET_NOT_RELEVANT 68511046
ACTION SNIPPET 1200 990 SNIPPET_NOT_RELEVANT 92568191
ACTION SNIPPET 1200 993 SNIPPET_NOT_RELEVANT 153890783
ACTION SNIPPET 1200 996 SNIPPET_NOT_RELEVANT 156956084
ACTION SNIPPET 1200 999 SNIPPET_NOT_RELEVANT 149180559
ACTION QUERY 1200 1009  ("alcohol"  OR "alcohol impact"  OR "alcohol consumption"  OR "alcohol abuse"  OR "alcoholism"  OR "alcohol addiction"  OR "alcohol dependence"  OR "alcohol use disorder"  OR "problematic drinking"  OR "chronic alcohol abuse"  OR "alcohol dependency"  OR "drinking disorder"  OR "chronic drinking"  OR "excessive drinking"  OR "
ACTION SERP 1200 1014 EXAMINE_SERP
ACTION SNIPPET 1200 1017 SNIPPET_NOT_RELEVANT 138780506
ACTION SNIPPET 1200 1020 SNIPPET_NOT_RELEVANT 28319708
ACTION SNIPPET 1200 1023 SNIPPET_NOT_RELEVANT 34231202
ACTION SNIPPET 1200 1026 SNIPPET_NOT_RELEVANT 20358951
ACTION SNIPPET 1200 1029 SNIPPET_NOT_RELEVANT 4027580
ACTION SNIPPET 1200 1032 SNIPPET_NOT_RELEVANT 125181279
ACTION SNIPPET 1200 1035 SNIPPET_NOT_RELEVANT 7563120
ACTION SNIPPET 1200 1038 SNIPPET_NOT_RELEVANT 42751993
ACTION SNIPPET 1200 1041 SNIPPET_NOT_RELEVANT 41324482
ACTION SNIPPET 1200 1044 SNIPPET_NOT_RELEVANT 20266188
ACTION SNIPPET 1200 1047 SNIPPET_NOT_RELEVANT 78115179
ACTION SNIPPET 1200 1050 SNIPPET_NOT_RELEVANT 8339106
ACTION SNIPPET 1200 1053 SNIPPET_NOT_RELEVANT 138327258
ACTION SNIPPET 1200 1056 SNIPPET_NOT_RELEVANT 85858886
ACTION SNIPPET 1200 1059 SNIPPET_NOT_RELEVANT 3959384
ACTION SNIPPET 1200 1062 SNIPPET_NOT_RELEVANT 48124444
ACTION SNIPPET 1200 1065 SNIPPET_NOT_RELEVANT 85860730
ACTION SNIPPET 1200 1068 SNIPPET_NOT_RELEVANT 40913763
ACTION SNIPPET 1200 1071 SNIPPET_NOT_RELEVANT 8036114
ACTION SNIPPET 1200 1074 SNIPPET_NOT_RELEVANT 138306654
ACTION SNIPPET 1200 1077 SNIPPET_NOT_RELEVANT 25034748
ACTION SNIPPET 1200 1080 SNIPPET_NOT_RELEVANT 46696375
ACTION SNIPPET 1200 1083 SNIPPET_NOT_RELEVANT 128306621
ACTION SNIPPET 1200 1086 SNIPPET_NOT_RELEVANT 9146438
ACTION SNIPPET 1200 1089 SNIPPET_NOT_RELEVANT 19289767
ACTION SNIPPET 1200 1092 SNIPPET_NOT_RELEVANT 8762428
ACTION SNIPPET 1200 1095 SNIPPET_NOT_RELEVANT 36415760
ACTION SNIPPET 1200 1098 SNIPPET_NOT_RELEVANT 123242639
ACTION SNIPPET 1200 1101 SNIPPET_NOT_RELEVANT 40106127
ACTION SNIPPET 1200 1104 SNIPPET_NOT_RELEVANT 156109121
ACTION SNIPPET 1200 1107 SNIPPET_NOT_RELEVANT 20361264
ACTION SNIPPET 1200 1110 SNIPPET_NOT_RELEVANT 132426185
ACTION QUERY 1200 1120   ("scam" OR "fraud" OR "treachery" OR "trickery" OR "cheating" OR "phishing" OR "deception" OR "misrepresentation" OR "identity theft" OR "fraudulent" OR "fraudulence" OR "cybercrime" OR "cyber fraud" OR "data breach" OR "manipulation" OR "scamware" OR "fake" OR "fake news" OR "deep
ACTION SERP 1200 1125 EXAMINE_SERP
ACTION SNIPPET 1200 1128 SNIPPET_NOT_RELEVANT 135980500
ACTION SNIPPET 1200 1131 SNIPPET_NOT_RELEVANT 46044556
ACTION SNIPPET 1200 1134 SNIPPET_NOT_RELEVANT 157888044
ACTION SNIPPET 1200 1137 SNIPPET_NOT_RELEVANT 448611
ACTION SNIPPET 1200 1140 SNIPPET_NOT_RELEVANT 121702068
ACTION SNIPPET 1200 1143 SNIPPET_NOT_RELEVANT 151564427
ACTION SNIPPET 1200 1146 SNIPPET_NOT_RELEVANT 77947998
ACTION SNIPPET 1200 1149 SNIPPET_NOT_RELEVANT 36368186
ACTION SNIPPET 1200 1152 SNIPPET_NOT_RELEVANT 41652959
ACTION SNIPPET 1200 1155 SNIPPET_NOT_RELEVANT 82159522
ACTION SNIPPET 1200 1158 SNIPPET_NOT_RELEVANT 152398515
ACTION SNIPPET 1200 1161 SNIPPET_NOT_RELEVANT 161577783
ACTION SNIPPET 1200 1164 SNIPPET_NOT_RELEVANT 81983971
ACTION SNIPPET 1200 1167 SNIPPET_NOT_RELEVANT 130762092
ACTION SNIPPET 1200 1170 SNIPPET_NOT_RELEVANT 149758795
ACTION SNIPPET 1200 1173 SNIPPET_NOT_RELEVANT 150665666
ACTION SNIPPET 1200 1176 SNIPPET_NOT_RELEVANT 7998253
ACTION SNIPPET 1200 1179 SNIPPET_NOT_RELEVANT 145007991
ACTION SNIPPET 1200 1182 SNIPPET_NOT_RELEVANT 2900207
ACTION SNIPPET 1200 1185 SNIPPET_NOT_RELEVANT 17797449
ACTION SNIPPET 1200 1188 SNIPPET_NOT_RELEVANT 142129359
ACTION SNIPPET 1200 1191 SNIPPET_NOT_RELEVANT 163345770
ACTION SNIPPET 1200 1194 SNIPPET_NOT_RELEVANT 7075967
ACTION SNIPPET 1200 1197 SNIPPET_NOT_RELEVANT 159769708
ACTION SNIPPET 1200 1200 SNIPPET_NOT_RELEVANT 160447552
INFO SUMMARY 
INFO TOTAL_QUERIES_ISSUED 11
INFO TOTAL_SNIPPETS_EXAMINED 345
INFO TOTAL_DOCUMENTS_EXAMINED 0
INFO TOTAL_DOCUMENTS_MARKED_RELEVANT 0
INFO TOTAL_ATTRACTIVE_SERP_IMPRESSIONS 11
INFO TOTAL_UNATTRACTIVE_SERP_IMPRESSIONS 0
