ACTION START 1200 0 START
ACTION QUERY 1200 10 academic motivation of personal struggles 
ACTION SERP 1200 15 EXAMINE_SERP
ACTION SNIPPET 1200 18 SNIPPET_NOT_RELEVANT 162724306
ACTION SNIPPET 1200 21 SNIPPET_NOT_RELEVANT 130785999
ACTION SNIPPET 1200 24 SNIPPET_NOT_RELEVANT 18748820
ACTION SNIPPET 1200 27 SNIPPET_NOT_RELEVANT 135625217
ACTION SNIPPET 1200 30 SNIPPET_NOT_RELEVANT 36336232
ACTION SNIPPET 1200 33 SNIPPET_NOT_RELEVANT 95267501
ACTION SNIPPET 1200 36 SNIPPET_NOT_RELEVANT 126976202
ACTION SNIPPET 1200 39 SNIPPET_NOT_RELEVANT 160435273
ACTION SNIPPET 1200 42 SNIPPET_NOT_RELEVANT 52084050
ACTION SNIPPET 1200 45 SNIPPET_NOT_RELEVANT 86831536
ACTION SNIPPET 1200 48 SNIPPET_NOT_RELEVANT 63054892
ACTION SNIPPET 1200 51 SNIPPET_NOT_RELEVANT 11296062
ACTION SNIPPET 1200 54 SNIPPET_NOT_RELEVANT 48048896
ACTION SNIPPET 1200 57 SNIPPET_NOT_RELEVANT 156100982
ACTION SNIPPET 1200 60 SNIPPET_NOT_RELEVANT 152101447
ACTION SNIPPET 1200 63 SNIPPET_NOT_RELEVANT 85868069
ACTION SNIPPET 1200 66 SNIPPET_NOT_RELEVANT 48048776
ACTION SNIPPET 1200 69 SNIPPET_NOT_RELEVANT 70355563
ACTION SNIPPET 1200 72 SNIPPET_NOT_RELEVANT 20837472
ACTION SNIPPET 1200 75 SNIPPET_NOT_RELEVANT 44757823
ACTION SNIPPET 1200 78 SNIPPET_NOT_RELEVANT 86210080
ACTION SNIPPET 1200 81 SNIPPET_NOT_RELEVANT 68557836
ACTION SNIPPET 1200 84 SNIPPET_NOT_RELEVANT 61921813
ACTION SNIPPET 1200 87 SNIPPET_NOT_RELEVANT 107344663
ACTION SNIPPET 1200 90 SNIPPET_NOT_RELEVANT 63224810
ACTION SNIPPET 1200 93 SNIPPET_NOT_RELEVANT 129655510
ACTION SNIPPET 1200 96 SNIPPET_NOT_RELEVANT 150236630
ACTION SNIPPET 1200 99 SNIPPET_NOT_RELEVANT 154121297
ACTION SNIPPET 1200 102 SNIPPET_NOT_RELEVANT 159516337
ACTION SNIPPET 1200 105 SNIPPET_NOT_RELEVANT 161027448
ACTION SNIPPET 1200 108 SNIPPET_NOT_RELEVANT 45251843
ACTION SNIPPET 1200 111 SNIPPET_NOT_RELEVANT 8703706
ACTION QUERY 1200 121 ("academic motivation" OR "academic engagement" OR "study skills" OR "learning strategies" OR "student engagement") AND ("personal learning" OR "individual learning" OR "self-directed learning" OR "independent learning" OR "autonomous learning" OR "strategic learning") AND ("struggle" OR "difficulty" OR "challenge" OR "barrier" OR "obstacle" OR "frustration" OR "distress" OR "unhappiness" OR "
ACTION SERP 1200 126 EXAMINE_SERP
ACTION SNIPPET 1200 129 SNIPPET_NOT_RELEVANT 148244888
ACTION SNIPPET 1200 132 SNIPPET_NOT_RELEVANT 13998905
ACTION SNIPPET 1200 135 SNIPPET_NOT_RELEVANT 145143311
ACTION SNIPPET 1200 138 SNIPPET_NOT_RELEVANT 139488797
ACTION SNIPPET 1200 141 SNIPPET_NOT_RELEVANT 2265935
ACTION SNIPPET 1200 144 SNIPPET_NOT_RELEVANT 162375973
ACTION SNIPPET 1200 147 SNIPPET_NOT_RELEVANT 6848152
ACTION SNIPPET 1200 150 SNIPPET_NOT_RELEVANT 154077106
ACTION SNIPPET 1200 153 SNIPPET_NOT_RELEVANT 145611631
ACTION SNIPPET 1200 156 SNIPPET_NOT_RELEVANT 58291743
ACTION SNIPPET 1200 159 SNIPPET_NOT_RELEVANT 160946757
ACTION SNIPPET 1200 162 SNIPPET_NOT_RELEVANT 58915285
ACTION SNIPPET 1200 165 SNIPPET_NOT_RELEVANT 126837874
ACTION SNIPPET 1200 168 SNIPPET_NOT_RELEVANT 122984171
ACTION SNIPPET 1200 171 SNIPPET_NOT_RELEVANT 69793371
ACTION SNIPPET 1200 174 SNIPPET_NOT_RELEVANT 48214853
ACTION SNIPPET 1200 177 SNIPPET_NOT_RELEVANT 154121297
ACTION SNIPPET 1200 180 SNIPPET_NOT_RELEVANT 158056732
ACTION SNIPPET 1200 183 SNIPPET_NOT_RELEVANT 154798006
ACTION SNIPPET 1200 186 SNIPPET_NOT_RELEVANT 24988709
ACTION SNIPPET 1200 189 SNIPPET_NOT_RELEVANT 82242122
ACTION SNIPPET 1200 192 SNIPPET_NOT_RELEVANT 74344688
ACTION SNIPPET 1200 195 SNIPPET_NOT_RELEVANT 155486895
ACTION SNIPPET 1200 198 SNIPPET_NOT_RELEVANT 213815
ACTION SNIPPET 1200 201 SNIPPET_NOT_RELEVANT 85800160
ACTION SNIPPET 1200 204 SNIPPET_NOT_RELEVANT 147854399
ACTION SNIPPET 1200 207 SNIPPET_NOT_RELEVANT 70321432
ACTION SNIPPET 1200 210 SNIPPET_NOT_RELEVANT 63054892
ACTION SNIPPET 1200 213 SNIPPET_NOT_RELEVANT 81792769
ACTION SNIPPET 1200 216 SNIPPET_NOT_RELEVANT 18748820
ACTION SNIPPET 1200 219 SNIPPET_NOT_RELEVANT 154035174
ACTION SNIPPET 1200 222 SNIPPET_NOT_RELEVANT 162383729
ACTION QUERY 1200 232 ("academic motivation" OR "academic engagement" OR "academic performance") AND ("foster care" OR "foster youth" OR "fostered children" OR "homeless students" OR "high school dropouts" OR "dropped out of high school" OR "displaced students" OR "international students" OR "first-generation college students" OR "college students" OR "undergraduate students" OR "graduate students" OR "postdoctoral students" OR "adult students
ACTION SERP 1200 237 EXAMINE_SERP
ACTION SNIPPET 1200 240 SNIPPET_NOT_RELEVANT 128496101
ACTION SNIPPET 1200 243 SNIPPET_NOT_RELEVANT 71854808
ACTION SNIPPET 1200 246 SNIPPET_NOT_RELEVANT 9087978
ACTION SNIPPET 1200 249 SNIPPET_NOT_RELEVANT 10492502
ACTION SNIPPET 1200 252 SNIPPET_NOT_RELEVANT 9256580
ACTION SNIPPET 1200 255 SNIPPET_NOT_RELEVANT 135403637
ACTION SNIPPET 1200 258 SNIPPET_NOT_RELEVANT 154141691
ACTION SNIPPET 1200 261 SNIPPET_NOT_RELEVANT 62541668
ACTION SNIPPET 1200 264 SNIPPET_NOT_RELEVANT 40087371
ACTION SNIPPET 1200 267 SNIPPET_NOT_RELEVANT 126664155
ACTION SNIPPET 1200 270 SNIPPET_NOT_RELEVANT 83544962
ACTION SNIPPET 1200 273 SNIPPET_NOT_RELEVANT 160926290
ACTION SNIPPET 1200 276 SNIPPET_NOT_RELEVANT 9076340
ACTION SNIPPET 1200 279 SNIPPET_NOT_RELEVANT 40304258
ACTION SNIPPET 1200 282 SNIPPET_NOT_RELEVANT 80298519
ACTION SNIPPET 1200 285 SNIPPET_NOT_RELEVANT 165115143
ACTION SNIPPET 1200 288 SNIPPET_NOT_RELEVANT 50643736
ACTION SNIPPET 1200 291 SNIPPET_NOT_RELEVANT 37996403
ACTION SNIPPET 1200 294 SNIPPET_NOT_RELEVANT 135947226
ACTION SNIPPET 1200 297 SNIPPET_NOT_RELEVANT 47800246
ACTION SNIPPET 1200 300 SNIPPET_NOT_RELEVANT 45175161
ACTION SNIPPET 1200 303 SNIPPET_NOT_RELEVANT 80070080
ACTION SNIPPET 1200 306 SNIPPET_NOT_RELEVANT 151312269
ACTION SNIPPET 1200 309 SNIPPET_NOT_RELEVANT 69797318
ACTION SNIPPET 1200 312 SNIPPET_NOT_RELEVANT 128809310
ACTION SNIPPET 1200 315 SNIPPET_NOT_RELEVANT 87513510
ACTION SNIPPET 1200 318 SNIPPET_NOT_RELEVANT 9330872
ACTION SNIPPET 1200 321 SNIPPET_NOT_RELEVANT 10720272
ACTION SNIPPET 1200 324 SNIPPET_NOT_RELEVANT 40591698
ACTION SNIPPET 1200 327 SNIPPET_NOT_RELEVANT 155468551
ACTION SNIPPET 1200 330 SNIPPET_NOT_RELEVANT 2276756
ACTION SNIPPET 1200 333 SNIPPET_NOT_RELEVANT 63381194
ACTION QUERY 1200 343 "academic motivation" OR "academic engagement" OR "study skills" OR "learning strategies" OR "success skills" OR "study habits") AND ("personal development" OR "personal growth" OR "self-improvement" OR "self-confidence" OR "decision-making skills" OR "goal-setting" OR "stress management" OR "time management" OR "study skills" OR "learning strategies" OR "success skills" OR "habits of success") AND ("high school" OR
ACTION SERP 1200 348 EXAMINE_SERP
ACTION SNIPPET 1200 351 SNIPPET_NOT_RELEVANT 153517377
ACTION SNIPPET 1200 354 SNIPPET_NOT_RELEVANT 160926525
ACTION SNIPPET 1200 357 SNIPPET_NOT_RELEVANT 139384200
ACTION SNIPPET 1200 360 SNIPPET_NOT_RELEVANT 154735873
ACTION SNIPPET 1200 363 SNIPPET_NOT_RELEVANT 8363497
ACTION SNIPPET 1200 366 SNIPPET_NOT_RELEVANT 7563908
ACTION SNIPPET 1200 369 SNIPPET_NOT_RELEVANT 85800160
ACTION SNIPPET 1200 372 SNIPPET_NOT_RELEVANT 62082175
ACTION SNIPPET 1200 375 SNIPPET_NOT_RELEVANT 43759112
ACTION SNIPPET 1200 378 SNIPPET_NOT_RELEVANT 138476170
ACTION SNIPPET 1200 381 SNIPPET_NOT_RELEVANT 61635570
ACTION SNIPPET 1200 384 SNIPPET_NOT_RELEVANT 126306709
ACTION SNIPPET 1200 387 SNIPPET_NOT_RELEVANT 154697611
ACTION SNIPPET 1200 390 SNIPPET_NOT_RELEVANT 80298519
ACTION SNIPPET 1200 393 SNIPPET_NOT_RELEVANT 17593907
ACTION SNIPPET 1200 396 SNIPPET_NOT_RELEVANT 162724306
ACTION SNIPPET 1200 399 SNIPPET_NOT_RELEVANT 69291129
ACTION SNIPPET 1200 402 SNIPPET_NOT_RELEVANT 139488797
ACTION SNIPPET 1200 405 SNIPPET_NOT_RELEVANT 160091541
ACTION SNIPPET 1200 408 SNIPPET_NOT_RELEVANT 44668077
ACTION SNIPPET 1200 411 SNIPPET_NOT_RELEVANT 68526703
ACTION SNIPPET 1200 414 SNIPPET_NOT_RELEVANT 155486895
ACTION SNIPPET 1200 417 SNIPPET_NOT_RELEVANT 154121297
ACTION SNIPPET 1200 420 SNIPPET_NOT_RELEVANT 24101249
ACTION SNIPPET 1200 423 SNIPPET_NOT_RELEVANT 11971172
ACTION SNIPPET 1200 426 SNIPPET_NOT_RELEVANT 75577091
ACTION SNIPPET 1200 429 SNIPPET_NOT_RELEVANT 122576996
ACTION SNIPPET 1200 432 SNIPPET_NOT_RELEVANT 148173406
ACTION SNIPPET 1200 435 SNIPPET_NOT_RELEVANT 64634109
ACTION SNIPPET 1200 438 SNIPPET_NOT_RELEVANT 133257312
ACTION SNIPPET 1200 441 SNIPPET_NOT_RELEVANT 49627184
ACTION SNIPPET 1200 444 SNIPPET_NOT_RELEVANT 63240297
ACTION QUERY 1200 454 "academic motivation" OR "academic engagement" OR "study skills" OR "learning strategies" OR "success skills") AND ("personal growth" OR "personal development" OR "personal change" OR "personal effectiveness") AND ("high school" OR "senior high school" OR "high school students" OR "secondary school students" OR "high school learners" OR "formal education") AND ("Philippines" OR "Philippine" OR "RP" OR "Republic of the
ACTION SERP 1200 459 EXAMINE_SERP
ACTION SNIPPET 1200 462 SNIPPET_NOT_RELEVANT 126664155
ACTION SNIPPET 1200 465 SNIPPET_NOT_RELEVANT 157374287
ACTION SNIPPET 1200 468 SNIPPET_NOT_RELEVANT 147703199
ACTION SNIPPET 1200 471 SNIPPET_NOT_RELEVANT 158869038
ACTION SNIPPET 1200 474 SNIPPET_NOT_RELEVANT 149425919
ACTION SNIPPET 1200 477 SNIPPET_NOT_RELEVANT 121229878
ACTION SNIPPET 1200 480 SNIPPET_NOT_RELEVANT 62541668
ACTION SNIPPET 1200 483 SNIPPET_NOT_RELEVANT 160119078
ACTION SNIPPET 1200 486 SNIPPET_NOT_RELEVANT 160926290
ACTION SNIPPET 1200 489 SNIPPET_NOT_RELEVANT 70056616
ACTION SNIPPET 1200 492 SNIPPET_NOT_RELEVANT 139384200
ACTION SNIPPET 1200 495 SNIPPET_NOT_RELEVANT 67194611
ACTION SNIPPET 1200 498 SNIPPET_NOT_RELEVANT 63240297
ACTION SNIPPET 1200 501 SNIPPET_NOT_RELEVANT 80298519
ACTION SNIPPET 1200 504 SNIPPET_NOT_RELEVANT 148516582
ACTION SNIPPET 1200 507 SNIPPET_NOT_RELEVANT 147364523
ACTION SNIPPET 1200 510 SNIPPET_NOT_RELEVANT 70960358
ACTION SNIPPET 1200 513 SNIPPET_NOT_RELEVANT 165115143
ACTION SNIPPET 1200 516 SNIPPET_NOT_RELEVANT 10720272
ACTION SNIPPET 1200 519 SNIPPET_NOT_RELEVANT 43465477
ACTION SNIPPET 1200 522 SNIPPET_NOT_RELEVANT 62532444
ACTION SNIPPET 1200 525 SNIPPET_NOT_RELEVANT 9167808
ACTION SNIPPET 1200 528 SNIPPET_NOT_RELEVANT 146122730
ACTION SNIPPET 1200 531 SNIPPET_NOT_RELEVANT 154725473
ACTION SNIPPET 1200 534 SNIPPET_NOT_RELEVANT 70312761
ACTION SNIPPET 1200 537 SNIPPET_NOT_RELEVANT 135403637
ACTION SNIPPET 1200 540 SNIPPET_NOT_RELEVANT 152093074
ACTION SNIPPET 1200 543 SNIPPET_NOT_RELEVANT 107360805
ACTION SNIPPET 1200 546 SNIPPET_NOT_RELEVANT 128496989
ACTION SNIPPET 1200 549 SNIPPET_NOT_RELEVANT 122524522
ACTION SNIPPET 1200 552 SNIPPET_NOT_RELEVANT 108405733
ACTION SNIPPET 1200 555 SNIPPET_NOT_RELEVANT 60763854
ACTION QUERY 1200 565 "motivation" OR "incentive" OR "drive" OR "factor" OR "impetus") AND ("academic" OR "schooling" OR "educational" OR "college" OR "university" OR "higher education") AND ("success" OR "achievement" OR "goals" OR "expectations" OR "aspirations" OR "outcome") AND ("struggle" OR "difficulty" OR "barrier" OR "challenges" OR "ob
ACTION SERP 1200 570 EXAMINE_SERP
ACTION SNIPPET 1200 573 SNIPPET_NOT_RELEVANT 39549559
ACTION SNIPPET 1200 576 SNIPPET_NOT_RELEVANT 84860119
ACTION SNIPPET 1200 579 SNIPPET_NOT_RELEVANT 51750728
ACTION SNIPPET 1200 582 SNIPPET_NOT_RELEVANT 150351916
ACTION SNIPPET 1200 585 SNIPPET_NOT_RELEVANT 165115143
ACTION SNIPPET 1200 588 SNIPPET_NOT_RELEVANT 140746035
ACTION SNIPPET 1200 591 SNIPPET_NOT_RELEVANT 160435273
ACTION SNIPPET 1200 594 SNIPPET_NOT_RELEVANT 257045
ACTION SNIPPET 1200 597 SNIPPET_NOT_RELEVANT 159155794
ACTION SNIPPET 1200 600 SNIPPET_NOT_RELEVANT 78812340
ACTION SNIPPET 1200 603 SNIPPET_NOT_RELEVANT 69289890
ACTION SNIPPET 1200 606 SNIPPET_NOT_RELEVANT 145432863
ACTION SNIPPET 1200 609 SNIPPET_NOT_RELEVANT 85868069
ACTION SNIPPET 1200 612 SNIPPET_NOT_RELEVANT 69510083
ACTION SNIPPET 1200 615 SNIPPET_NOT_RELEVANT 9874789
ACTION SNIPPET 1200 618 SNIPPET_NOT_RELEVANT 65240354
ACTION SNIPPET 1200 621 SNIPPET_NOT_RELEVANT 49625401
ACTION SNIPPET 1200 624 SNIPPET_NOT_RELEVANT 84858091
ACTION SNIPPET 1200 627 SNIPPET_NOT_RELEVANT 164933048
ACTION SNIPPET 1200 630 SNIPPET_NOT_RELEVANT 70309835
ACTION SNIPPET 1200 633 SNIPPET_NOT_RELEVANT 70309892
ACTION SNIPPET 1200 636 SNIPPET_NOT_RELEVANT 24697866
ACTION SNIPPET 1200 639 SNIPPET_NOT_RELEVANT 154933126
ACTION SNIPPET 1200 642 SNIPPET_NOT_RELEVANT 65255260
ACTION SNIPPET 1200 645 SNIPPET_NOT_RELEVANT 36985138
ACTION SNIPPET 1200 648 SNIPPET_NOT_RELEVANT 69509842
ACTION SNIPPET 1200 651 SNIPPET_NOT_RELEVANT 86823854
ACTION SNIPPET 1200 654 SNIPPET_NOT_RELEVANT 74918612
ACTION SNIPPET 1200 657 SNIPPET_NOT_RELEVANT 37002189
ACTION SNIPPET 1200 660 SNIPPET_NOT_RELEVANT 128018992
ACTION SNIPPET 1200 663 SNIPPET_NOT_RELEVANT 146476394
ACTION SNIPPET 1200 666 SNIPPET_NOT_RELEVANT 155069233
ACTION QUERY 1200 676 ("academic motivation" OR "academic engagement" OR "student engagement" OR "study skills" OR "learning strategies" OR "classroom behavior") AND ("college students" OR "higher education students" OR "undergraduate students" OR "freshman students" OR "sophomore students" OR "junior students" OR "senior students" OR "graduate students") AND ("personal information" OR "demographics" OR "background information" OR "student characteristics") AND ("college
ACTION SERP 1200 681 EXAMINE_SERP
ACTION SNIPPET 1200 684 SNIPPET_NOT_RELEVANT 96683692
ACTION SNIPPET 1200 687 SNIPPET_NOT_RELEVANT 67411751
ACTION SNIPPET 1200 690 SNIPPET_NOT_RELEVANT 50038994
ACTION SNIPPET 1200 693 SNIPPET_NOT_RELEVANT 34229551
ACTION SNIPPET 1200 696 SNIPPET_NOT_RELEVANT 135403637
ACTION SNIPPET 1200 699 SNIPPET_NOT_RELEVANT 26680277
ACTION SNIPPET 1200 702 SNIPPET_NOT_RELEVANT 123801197
ACTION SNIPPET 1200 705 SNIPPET_NOT_RELEVANT 43836844
ACTION SNIPPET 1200 708 SNIPPET_NOT_RELEVANT 62541668
ACTION SNIPPET 1200 711 SNIPPET_NOT_RELEVANT 77442149
ACTION SNIPPET 1200 714 SNIPPET_NOT_RELEVANT 59140124
ACTION SNIPPET 1200 717 SNIPPET_NOT_RELEVANT 42895905
ACTION SNIPPET 1200 720 SNIPPET_NOT_RELEVANT 126664155
ACTION SNIPPET 1200 723 SNIPPET_NOT_RELEVANT 9087978
ACTION SNIPPET 1200 726 SNIPPET_NOT_RELEVANT 71854808
ACTION SNIPPET 1200 729 SNIPPET_NOT_RELEVANT 123405986
ACTION SNIPPET 1200 732 SNIPPET_NOT_RELEVANT 69365671
ACTION SNIPPET 1200 735 SNIPPET_NOT_RELEVANT 82869943
ACTION SNIPPET 1200 738 SNIPPET_NOT_RELEVANT 68444203
ACTION SNIPPET 1200 741 SNIPPET_NOT_RELEVANT 69628642
ACTION SNIPPET 1200 744 SNIPPET_NOT_RELEVANT 47800954
ACTION SNIPPET 1200 747 SNIPPET_NOT_RELEVANT 86791863
ACTION SNIPPET 1200 750 SNIPPET_NOT_RELEVANT 63224810
ACTION SNIPPET 1200 753 SNIPPET_NOT_RELEVANT 150831672
ACTION SNIPPET 1200 756 SNIPPET_NOT_RELEVANT 65255260
ACTION SNIPPET 1200 759 SNIPPET_NOT_RELEVANT 156771848
ACTION SNIPPET 1200 762 SNIPPET_NOT_RELEVANT 124916866
ACTION SNIPPET 1200 765 SNIPPET_NOT_RELEVANT 154141691
ACTION SNIPPET 1200 768 SNIPPET_NOT_RELEVANT 62800737
ACTION SNIPPET 1200 771 SNIPPET_NOT_RELEVANT 27697467
ACTION SNIPPET 1200 774 SNIPPET_NOT_RELEVANT 74631242
ACTION SNIPPET 1200 777 SNIPPET_NOT_RELEVANT 156078666
ACTION QUERY 1200 787 "academic motivation" OR "academic engagement" OR "study skills" OR "learning strategies" OR "success skills") AND ("personal growth" OR "personal development" OR "character strengths" OR "identity" OR "risk factors" OR "mental health" OR "depression" OR "anxiety" OR "stress" OR "fatigue" OR "overwhelm" OR "frustration" OR "lack of confidence" OR "self-esteem" OR "compar
ACTION SERP 1200 792 EXAMINE_SERP
ACTION SNIPPET 1200 795 SNIPPET_NOT_RELEVANT 155486895
ACTION SNIPPET 1200 798 SNIPPET_NOT_RELEVANT 130785999
ACTION SNIPPET 1200 801 SNIPPET_NOT_RELEVANT 8037475
ACTION SNIPPET 1200 804 SNIPPET_NOT_RELEVANT 164399700
ACTION SNIPPET 1200 807 SNIPPET_NOT_RELEVANT 41638550
ACTION SNIPPET 1200 810 SNIPPET_NOT_RELEVANT 153517377
ACTION SNIPPET 1200 813 SNIPPET_NOT_RELEVANT 160419885
ACTION SNIPPET 1200 816 SNIPPET_NOT_RELEVANT 68376894
ACTION SNIPPET 1200 819 SNIPPET_NOT_RELEVANT 83922837
ACTION SNIPPET 1200 822 SNIPPET_NOT_RELEVANT 143381592
ACTION SNIPPET 1200 825 SNIPPET_NOT_RELEVANT 149923465
ACTION SNIPPET 1200 828 SNIPPET_NOT_RELEVANT 123485405
ACTION SNIPPET 1200 831 SNIPPET_NOT_RELEVANT 17606030
ACTION SNIPPET 1200 834 SNIPPET_NOT_RELEVANT 71742013
ACTION SNIPPET 1200 837 SNIPPET_NOT_RELEVANT 86629753
ACTION SNIPPET 1200 840 SNIPPET_NOT_RELEVANT 63410675
ACTION SNIPPET 1200 843 SNIPPET_NOT_RELEVANT 141781355
ACTION SNIPPET 1200 846 SNIPPET_NOT_RELEVANT 126963825
ACTION SNIPPET 1200 849 SNIPPET_NOT_RELEVANT 162724306
ACTION SNIPPET 1200 852 SNIPPET_NOT_RELEVANT 31616290
ACTION SNIPPET 1200 855 SNIPPET_NOT_RELEVANT 69794294
ACTION SNIPPET 1200 858 SNIPPET_NOT_RELEVANT 109439741
ACTION SNIPPET 1200 861 SNIPPET_NOT_RELEVANT 132529637
ACTION SNIPPET 1200 864 SNIPPET_NOT_RELEVANT 154121297
ACTION SNIPPET 1200 867 SNIPPET_NOT_RELEVANT 36996104
ACTION SNIPPET 1200 870 SNIPPET_NOT_RELEVANT 152819127
ACTION SNIPPET 1200 873 SNIPPET_NOT_RELEVANT 84261576
ACTION SNIPPET 1200 876 SNIPPET_NOT_RELEVANT 234105
ACTION SNIPPET 1200 879 SNIPPET_NOT_RELEVANT 160435273
ACTION SNIPPET 1200 882 SNIPPET_NOT_RELEVANT 59338657
ACTION SNIPPET 1200 885 SNIPPET_NOT_RELEVANT 162378766
ACTION SNIPPET 1200 888 SNIPPET_NOT_RELEVANT 13976031
ACTION QUERY 1200 898 ("academic motivation" OR "academic engagement" OR "study skills" OR "learning strategies" OR "learning style" OR "study habits" OR "academic performance" OR "school success") AND ("fostering academic success" OR "supporting student learning" OR "promoting school achievement" OR "enhancing student success" OR "overcoming academic barriers" OR "addressing student challenges" OR "navigating academic struggles" OR "helping students overcome difficulties" OR "
ACTION SERP 1200 903 EXAMINE_SERP
ACTION SNIPPET 1200 906 SNIPPET_NOT_RELEVANT 165115143
ACTION SNIPPET 1200 909 SNIPPET_NOT_RELEVANT 162984256
ACTION SNIPPET 1200 912 SNIPPET_NOT_RELEVANT 45244532
ACTION SNIPPET 1200 915 SNIPPET_NOT_RELEVANT 158056732
ACTION SNIPPET 1200 918 SNIPPET_NOT_RELEVANT 154121297
ACTION SNIPPET 1200 921 SNIPPET_NOT_RELEVANT 125776057
ACTION SNIPPET 1200 924 SNIPPET_NOT_RELEVANT 41334996
ACTION SNIPPET 1200 927 SNIPPET_NOT_RELEVANT 70050292
ACTION SNIPPET 1200 930 SNIPPET_NOT_RELEVANT 71155711
ACTION SNIPPET 1200 933 SNIPPET_NOT_RELEVANT 69455299
ACTION SNIPPET 1200 936 SNIPPET_NOT_RELEVANT 13998905
ACTION SNIPPET 1200 939 SNIPPET_NOT_RELEVANT 162724306
ACTION SNIPPET 1200 942 SNIPPET_NOT_RELEVANT 122713874
ACTION SNIPPET 1200 945 SNIPPET_NOT_RELEVANT 158869038
ACTION SNIPPET 1200 948 SNIPPET_NOT_RELEVANT 148389143
ACTION SNIPPET 1200 951 SNIPPET_NOT_RELEVANT 148422800
ACTION SNIPPET 1200 954 SNIPPET_NOT_RELEVANT 58527261
ACTION SNIPPET 1200 957 SNIPPET_NOT_RELEVANT 160926290
ACTION SNIPPET 1200 960 SNIPPET_NOT_RELEVANT 139384200
ACTION SNIPPET 1200 963 SNIPPET_NOT_RELEVANT 67196064
ACTION SNIPPET 1200 966 SNIPPET_NOT_RELEVANT 69792448
ACTION SNIPPET 1200 969 SNIPPET_NOT_RELEVANT 69510083
ACTION SNIPPET 1200 972 SNIPPET_NOT_RELEVANT 36980249
ACTION SNIPPET 1200 975 SNIPPET_NOT_RELEVANT 154725473
ACTION SNIPPET 1200 978 SNIPPET_NOT_RELEVANT 156078666
ACTION SNIPPET 1200 981 SNIPPET_NOT_RELEVANT 152059041
ACTION SNIPPET 1200 984 SNIPPET_NOT_RELEVANT 40468727
ACTION SNIPPET 1200 987 SNIPPET_NOT_RELEVANT 121270979
ACTION SNIPPET 1200 990 SNIPPET_NOT_RELEVANT 80298519
ACTION SNIPPET 1200 993 SNIPPET_NOT_RELEVANT 159316758
ACTION SNIPPET 1200 996 SNIPPET_NOT_RELEVANT 31608019
ACTION SNIPPET 1200 999 SNIPPET_NOT_RELEVANT 142602147
ACTION QUERY 1200 1009 "academic motivation" OR "academic engagement" OR "study skills" OR "learning strategies" OR "learning success" OR "study habits") AND ("personal learning style" OR "personal learning preferences" OR "personal study style" OR "learning style" OR "preferred learning style" OR "style of learning") AND ("personal barriers to learning" OR "personal factors impacting learning" OR "personal challenges in learning" OR "learning difficulties" OR "disability**" OR "special needs
ACTION SERP 1200 1014 EXAMINE_SERP
ACTION SNIPPET 1200 1017 SNIPPET_NOT_RELEVANT 71401795
ACTION SNIPPET 1200 1020 SNIPPET_NOT_RELEVANT 147889073
ACTION SNIPPET 1200 1023 SNIPPET_NOT_RELEVANT 148368270
ACTION SNIPPET 1200 1026 SNIPPET_NOT_RELEVANT 47666983
ACTION SNIPPET 1200 1029 SNIPPET_NOT_RELEVANT 5180680
ACTION SNIPPET 1200 1032 SNIPPET_NOT_RELEVANT 160091541
ACTION SNIPPET 1200 1035 SNIPPET_NOT_RELEVANT 152409986
ACTION SNIPPET 1200 1038 SNIPPET_NOT_RELEVANT 74706821
ACTION SNIPPET 1200 1041 SNIPPET_NOT_RELEVANT 48048776
ACTION SNIPPET 1200 1044 SNIPPET_NOT_RELEVANT 6941926
ACTION SNIPPET 1200 1047 SNIPPET_NOT_RELEVANT 152448678
ACTION SNIPPET 1200 1050 SNIPPET_NOT_RELEVANT 122510360
ACTION SNIPPET 1200 1053 SNIPPET_NOT_RELEVANT 147348538
ACTION SNIPPET 1200 1056 SNIPPET_NOT_RELEVANT 62140832
ACTION SNIPPET 1200 1059 SNIPPET_NOT_RELEVANT 44761662
ACTION SNIPPET 1200 1062 SNIPPET_NOT_RELEVANT 62333844
ACTION SNIPPET 1200 1065 SNIPPET_NOT_RELEVANT 146140399
ACTION SNIPPET 1200 1068 SNIPPET_NOT_RELEVANT 148422800
ACTION SNIPPET 1200 1071 SNIPPET_NOT_RELEVANT 24072955
ACTION SNIPPET 1200 1074 SNIPPET_NOT_RELEVANT 4866113
ACTION SNIPPET 1200 1077 SNIPPET_NOT_RELEVANT 124931114
ACTION SNIPPET 1200 1080 SNIPPET_NOT_RELEVANT 70312657
ACTION SNIPPET 1200 1083 SNIPPET_NOT_RELEVANT 160948376
ACTION SNIPPET 1200 1086 SNIPPET_NOT_RELEVANT 131054363
ACTION SNIPPET 1200 1089 SNIPPET_NOT_RELEVANT 13975857
ACTION SNIPPET 1200 1092 SNIPPET_NOT_RELEVANT 155911125
ACTION SNIPPET 1200 1095 SNIPPET_NOT_RELEVANT 149967402
ACTION SNIPPET 1200 1098 SNIPPET_NOT_RELEVANT 160239324
ACTION SNIPPET 1200 1101 SNIPPET_NOT_RELEVANT 24717718
ACTION SNIPPET 1200 1104 SNIPPET_NOT_RELEVANT 147702519
ACTION SNIPPET 1200 1107 SNIPPET_NOT_RELEVANT 74217172
ACTION SNIPPET 1200 1110 SNIPPET_NOT_RELEVANT 74724707
ACTION QUERY 1200 1120 ("academic motivation" OR "academic engagement" OR "study skills" OR "learning strategies" OR "learning style" OR "classroom culture" OR "school climate" OR "educational environment") AND ("cultural adaptation" OR "cultural engagement" OR "cultural access" OR "service delivery" OR "college and university studies") AND ("South Asian students" OR "South Asian immigrants" OR "international students" OR "BAME students" OR "underrepresented minority students
ACTION SERP 1200 1125 EXAMINE_SERP
ACTION SNIPPET 1200 1128 SNIPPET_NOT_RELEVANT 87513510
ACTION SNIPPET 1200 1131 SNIPPET_NOT_RELEVANT 156636087
ACTION SNIPPET 1200 1134 SNIPPET_NOT_RELEVANT 33152857
ACTION SNIPPET 1200 1137 SNIPPET_NOT_RELEVANT 81792769
ACTION SNIPPET 1200 1140 SNIPPET_NOT_RELEVANT 43156093
ACTION SNIPPET 1200 1143 SNIPPET_NOT_RELEVANT 121752593
ACTION SNIPPET 1200 1146 SNIPPET_NOT_RELEVANT 49625395
ACTION SNIPPET 1200 1149 SNIPPET_NOT_RELEVANT 160435021
ACTION SNIPPET 1200 1152 SNIPPET_NOT_RELEVANT 74586694
ACTION SNIPPET 1200 1155 SNIPPET_NOT_RELEVANT 148089386
ACTION SNIPPET 1200 1158 SNIPPET_NOT_RELEVANT 2265730
ACTION SNIPPET 1200 1161 SNIPPET_NOT_RELEVANT 58915209
ACTION SNIPPET 1200 1164 SNIPPET_NOT_RELEVANT 44701229
ACTION SNIPPET 1200 1167 SNIPPET_NOT_RELEVANT 162984256
ACTION SNIPPET 1200 1170 SNIPPET_NOT_RELEVANT 156688382
ACTION SNIPPET 1200 1173 SNIPPET_NOT_RELEVANT 11610598
ACTION SNIPPET 1200 1176 SNIPPET_NOT_RELEVANT 84400185
ACTION SNIPPET 1200 1179 SNIPPET_NOT_RELEVANT 18818400
ACTION SNIPPET 1200 1182 SNIPPET_NOT_RELEVANT 24988709
ACTION SNIPPET 1200 1185 SNIPPET_NOT_RELEVANT 7566127
ACTION SNIPPET 1200 1188 SNIPPET_NOT_RELEVANT 113266689
ACTION SNIPPET 1200 1191 SNIPPET_NOT_RELEVANT 152448678
ACTION SNIPPET 1200 1194 SNIPPET_NOT_RELEVANT 69398910
ACTION SNIPPET 1200 1197 SNIPPET_NOT_RELEVANT 32859564
ACTION SNIPPET 1200 1200 SNIPPET_NOT_RELEVANT 63051604
INFO SUMMARY 
INFO TOTAL_QUERIES_ISSUED 11
INFO TOTAL_SNIPPETS_EXAMINED 345
INFO TOTAL_DOCUMENTS_EXAMINED 0
INFO TOTAL_DOCUMENTS_MARKED_RELEVANT 0
INFO TOTAL_ATTRACTIVE_SERP_IMPRESSIONS 11
INFO TOTAL_UNATTRACTIVE_SERP_IMPRESSIONS 0
