ACTION START 1200 0 START
ACTION QUERY 1200 10 TRUCKS AND TYRES
ACTION SERP 1200 15 EXAMINE_SERP
ACTION SNIPPET 1200 18 SNIPPET_NOT_RELEVANT 47482505
ACTION SNIPPET 1200 21 SNIPPET_NOT_RELEVANT 10998020
ACTION SNIPPET 1200 24 SNIPPET_NOT_RELEVANT 70341223
ACTION SNIPPET 1200 27 SNIPPET_NOT_RELEVANT 127573546
ACTION SNIPPET 1200 30 SNIPPET_NOT_RELEVANT 85728012
ACTION SNIPPET 1200 33 SNIPPET_NOT_RELEVANT 83079025
ACTION SNIPPET 1200 36 SNIPPET_NOT_RELEVANT 156087326
ACTION SNIPPET 1200 39 SNIPPET_NOT_RELEVANT 123213138
ACTION SNIPPET 1200 42 SNIPPET_NOT_RELEVANT 6507716
ACTION SNIPPET 1200 45 SNIPPET_NOT_RELEVANT 132136439
ACTION SNIPPET 1200 48 SNIPPET_NOT_RELEVANT 39946523
ACTION SNIPPET 1200 51 SNIPPET_NOT_RELEVANT 7302013
ACTION SNIPPET 1200 54 SNIPPET_NOT_RELEVANT 23901879
ACTION SNIPPET 1200 57 SNIPPET_NOT_RELEVANT 156694413
ACTION SNIPPET 1200 60 SNIPPET_NOT_RELEVANT 21474542
ACTION SNIPPET 1200 63 SNIPPET_NOT_RELEVANT 129421414
ACTION SNIPPET 1200 66 SNIPPET_NOT_RELEVANT 14147838
ACTION SNIPPET 1200 69 SNIPPET_NOT_RELEVANT 8616175
ACTION SNIPPET 1200 72 SNIPPET_NOT_RELEVANT 139986976
ACTION SNIPPET 1200 75 SNIPPET_NOT_RELEVANT 65891732
ACTION SNIPPET 1200 78 SNIPPET_NOT_RELEVANT 18611381
ACTION SNIPPET 1200 81 SNIPPET_NOT_RELEVANT 107262685
ACTION SNIPPET 1200 84 SNIPPET_NOT_RELEVANT 131768451
ACTION SNIPPET 1200 87 SNIPPET_NOT_RELEVANT 140275720
ACTION SNIPPET 1200 90 SNIPPET_NOT_RELEVANT 164395628
ACTION SNIPPET 1200 93 SNIPPET_NOT_RELEVANT 78435704
ACTION SNIPPET 1200 96 SNIPPET_NOT_RELEVANT 47644972
ACTION SNIPPET 1200 99 SNIPPET_NOT_RELEVANT 51617526
ACTION SNIPPET 1200 102 SNIPPET_NOT_RELEVANT 51224764
ACTION SNIPPET 1200 105 SNIPPET_NOT_RELEVANT 61025696
ACTION SNIPPET 1200 108 SNIPPET_NOT_RELEVANT 4854932
ACTION SNIPPET 1200 111 SNIPPET_NOT_RELEVANT 37002465
ACTION QUERY 1200 121 ("trucks" OR "commercial vehicles" OR "heavy vehicles" OR "HGVs" OR "large trucks" OR "18-wheelers" OR "transporters" OR "delivery vehicles" OR "service vehicles" OR "construction equipment") AND ("tyres" OR "tires" OR "vehicle tyres" OR "automobile tires" OR "passenger car tires" OR "light truck tires" OR "commercial truck tires" OR "bus tires" OR "railway
ACTION SERP 1200 126 EXAMINE_SERP
ACTION SNIPPET 1200 129 SNIPPET_NOT_RELEVANT 61131606
ACTION SNIPPET 1200 132 SNIPPET_NOT_RELEVANT 70724398
ACTION SNIPPET 1200 135 SNIPPET_NOT_RELEVANT 163560473
ACTION SNIPPET 1200 138 SNIPPET_NOT_RELEVANT 25897227
ACTION SNIPPET 1200 141 SNIPPET_NOT_RELEVANT 51413008
ACTION SNIPPET 1200 144 SNIPPET_NOT_RELEVANT 47482505
ACTION SNIPPET 1200 147 SNIPPET_NOT_RELEVANT 46469565
ACTION SNIPPET 1200 150 SNIPPET_NOT_RELEVANT 69226168
ACTION SNIPPET 1200 153 SNIPPET_NOT_RELEVANT 142596345
ACTION SNIPPET 1200 156 SNIPPET_NOT_RELEVANT 71414034
ACTION SNIPPET 1200 159 SNIPPET_NOT_RELEVANT 163245922
ACTION SNIPPET 1200 162 SNIPPET_NOT_RELEVANT 12457502
ACTION SNIPPET 1200 165 SNIPPET_NOT_RELEVANT 126985544
ACTION SNIPPET 1200 168 SNIPPET_NOT_RELEVANT 143279519
ACTION SNIPPET 1200 171 SNIPPET_NOT_RELEVANT 24722766
ACTION SNIPPET 1200 174 SNIPPET_NOT_RELEVANT 163108523
ACTION SNIPPET 1200 177 SNIPPET_NOT_RELEVANT 69234583
ACTION SNIPPET 1200 180 SNIPPET_NOT_RELEVANT 40531853
ACTION SNIPPET 1200 183 SNIPPET_NOT_RELEVANT 64607467
ACTION SNIPPET 1200 186 SNIPPET_NOT_RELEVANT 46615760
ACTION SNIPPET 1200 189 SNIPPET_NOT_RELEVANT 163360967
ACTION SNIPPET 1200 192 SNIPPET_NOT_RELEVANT 121485098
ACTION SNIPPET 1200 195 SNIPPET_NOT_RELEVANT 2349221
ACTION SNIPPET 1200 198 SNIPPET_NOT_RELEVANT 97412785
ACTION SNIPPET 1200 201 SNIPPET_NOT_RELEVANT 21000234
ACTION SNIPPET 1200 204 SNIPPET_NOT_RELEVANT 149533460
ACTION SNIPPET 1200 207 SNIPPET_NOT_RELEVANT 42801322
ACTION SNIPPET 1200 210 SNIPPET_NOT_RELEVANT 123585718
ACTION SNIPPET 1200 213 SNIPPET_NOT_RELEVANT 140661345
ACTION SNIPPET 1200 216 SNIPPET_NOT_RELEVANT 135736346
ACTION SNIPPET 1200 219 SNIPPET_NOT_RELEVANT 104466289
ACTION SNIPPET 1200 222 SNIPPET_NOT_RELEVANT 41699322
ACTION QUERY 1200 232 ("trucks" OR "commercial vehicles" OR "heavy vehicles" OR "HGVs") AND ("tyres" OR "tires" OR "vehicle tyres" OR "automobile tires" OR "passenger car tyres" OR "personal transportation" OR "HGV tyres" OR "truck tyres" OR "commercial vehicle tyres") AND ("impact" OR "effect" OR "consequence" OR "influence" OR "aftermath" OR "repercussion") AND
ACTION SERP 1200 237 EXAMINE_SERP
ACTION SNIPPET 1200 240 SNIPPET_NOT_RELEVANT 47482505
ACTION SNIPPET 1200 243 SNIPPET_NOT_RELEVANT 78435704
ACTION SNIPPET 1200 246 SNIPPET_NOT_RELEVANT 70341223
ACTION SNIPPET 1200 249 SNIPPET_NOT_RELEVANT 85728012
ACTION SNIPPET 1200 252 SNIPPET_NOT_RELEVANT 156087326
ACTION SNIPPET 1200 255 SNIPPET_NOT_RELEVANT 10998020
ACTION SNIPPET 1200 258 SNIPPET_NOT_RELEVANT 30887585
ACTION SNIPPET 1200 261 SNIPPET_NOT_RELEVANT 131327997
ACTION SNIPPET 1200 264 SNIPPET_NOT_RELEVANT 156694413
ACTION SNIPPET 1200 267 SNIPPET_NOT_RELEVANT 47644972
ACTION SNIPPET 1200 270 SNIPPET_NOT_RELEVANT 159342294
ACTION SNIPPET 1200 273 SNIPPET_NOT_RELEVANT 23901879
ACTION SNIPPET 1200 276 SNIPPET_NOT_RELEVANT 8616175
ACTION SNIPPET 1200 279 SNIPPET_NOT_RELEVANT 14147838
ACTION SNIPPET 1200 282 SNIPPET_NOT_RELEVANT 39946523
ACTION SNIPPET 1200 285 SNIPPET_NOT_RELEVANT 128971872
ACTION SNIPPET 1200 288 SNIPPET_NOT_RELEVANT 7302013
ACTION SNIPPET 1200 291 SNIPPET_NOT_RELEVANT 83079025
ACTION SNIPPET 1200 294 SNIPPET_NOT_RELEVANT 132136439
ACTION SNIPPET 1200 297 SNIPPET_NOT_RELEVANT 6507716
ACTION SNIPPET 1200 300 SNIPPET_NOT_RELEVANT 123213138
ACTION SNIPPET 1200 303 SNIPPET_NOT_RELEVANT 127573546
ACTION SNIPPET 1200 306 SNIPPET_NOT_RELEVANT 95307390
ACTION SNIPPET 1200 309 SNIPPET_NOT_RELEVANT 140275720
ACTION SNIPPET 1200 312 SNIPPET_NOT_RELEVANT 151439137
ACTION SNIPPET 1200 315 SNIPPET_NOT_RELEVANT 21474542
ACTION SNIPPET 1200 318 SNIPPET_NOT_RELEVANT 139986976
ACTION SNIPPET 1200 321 SNIPPET_NOT_RELEVANT 131768451
ACTION SNIPPET 1200 324 SNIPPET_NOT_RELEVANT 129421414
ACTION SNIPPET 1200 327 SNIPPET_NOT_RELEVANT 129047889
ACTION SNIPPET 1200 330 SNIPPET_NOT_RELEVANT 51224764
ACTION SNIPPET 1200 333 SNIPPET_NOT_RELEVANT 164395628
ACTION QUERY 1200 343 ("trucks" OR "commercial vehicles" OR "heavy vehicles" OR "HGVs") AND ("Tyre*" OR "tyre* pressure" OR "tyre condition" OR "tyre wear" OR "tyre damage" OR "tyre theft" OR "tyre vandalism" OR " tyre fire" OR "tyre explosion" OR "air freight" OR "rail freight" OR "sea freight" OR "multi-modal transport" OR "supply chain resilience
ACTION SERP 1200 348 EXAMINE_SERP
ACTION SNIPPET 1200 351 SNIPPET_NOT_RELEVANT 156087326
ACTION SNIPPET 1200 354 SNIPPET_NOT_RELEVANT 85728012
ACTION SNIPPET 1200 357 SNIPPET_NOT_RELEVANT 70341223
ACTION SNIPPET 1200 360 SNIPPET_NOT_RELEVANT 156694413
ACTION SNIPPET 1200 363 SNIPPET_NOT_RELEVANT 83079025
ACTION SNIPPET 1200 366 SNIPPET_NOT_RELEVANT 7302013
ACTION SNIPPET 1200 369 SNIPPET_NOT_RELEVANT 6507716
ACTION SNIPPET 1200 372 SNIPPET_NOT_RELEVANT 127573546
ACTION SNIPPET 1200 375 SNIPPET_NOT_RELEVANT 23901879
ACTION SNIPPET 1200 378 SNIPPET_NOT_RELEVANT 78435704
ACTION SNIPPET 1200 381 SNIPPET_NOT_RELEVANT 139986976
ACTION SNIPPET 1200 384 SNIPPET_NOT_RELEVANT 123213138
ACTION SNIPPET 1200 387 SNIPPET_NOT_RELEVANT 132136439
ACTION SNIPPET 1200 390 SNIPPET_NOT_RELEVANT 140275720
ACTION SNIPPET 1200 393 SNIPPET_NOT_RELEVANT 39946523
ACTION SNIPPET 1200 396 SNIPPET_NOT_RELEVANT 8616175
ACTION SNIPPET 1200 399 SNIPPET_NOT_RELEVANT 131327997
ACTION SNIPPET 1200 402 SNIPPET_NOT_RELEVANT 47644972
ACTION SNIPPET 1200 405 SNIPPET_NOT_RELEVANT 30887585
ACTION SNIPPET 1200 408 SNIPPET_NOT_RELEVANT 21474542
ACTION SNIPPET 1200 411 SNIPPET_NOT_RELEVANT 159342294
ACTION SNIPPET 1200 414 SNIPPET_NOT_RELEVANT 129421414
ACTION SNIPPET 1200 417 SNIPPET_NOT_RELEVANT 65891732
ACTION SNIPPET 1200 420 SNIPPET_NOT_RELEVANT 18611381
ACTION SNIPPET 1200 423 SNIPPET_NOT_RELEVANT 107262685
ACTION SNIPPET 1200 426 SNIPPET_NOT_RELEVANT 131768451
ACTION SNIPPET 1200 429 SNIPPET_NOT_RELEVANT 164395628
ACTION SNIPPET 1200 432 SNIPPET_NOT_RELEVANT 47482505
ACTION SNIPPET 1200 435 SNIPPET_NOT_RELEVANT 10998020
ACTION SNIPPET 1200 438 SNIPPET_NOT_RELEVANT 159084294
ACTION SNIPPET 1200 441 SNIPPET_NOT_RELEVANT 4854932
ACTION SNIPPET 1200 444 SNIPPET_NOT_RELEVANT 51617526
ACTION QUERY 1200 454 ("trucks" OR "heavy vehicles" OR "commercial vehicles" OR "delivery vehicles" OR "service vehicles" OR "construction" OR "mining" OR "agriculture" OR "forestry" OR "logistics" OR "transport") AND ("tyres" OR "tires" OR "pneumatic tires" OR "rubber tires" OR "passenger" OR "car" OR "light trucks" OR "SUVs" OR "pick-up
ACTION SERP 1200 459 EXAMINE_SERP
ACTION SNIPPET 1200 462 SNIPPET_NOT_RELEVANT 42801322
ACTION SNIPPET 1200 465 SNIPPET_NOT_RELEVANT 162218163
ACTION SNIPPET 1200 468 SNIPPET_NOT_RELEVANT 143279519
ACTION SNIPPET 1200 471 SNIPPET_NOT_RELEVANT 61131606
ACTION SNIPPET 1200 474 SNIPPET_NOT_RELEVANT 163560473
ACTION SNIPPET 1200 477 SNIPPET_NOT_RELEVANT 25430836
ACTION SNIPPET 1200 480 SNIPPET_NOT_RELEVANT 129798387
ACTION SNIPPET 1200 483 SNIPPET_NOT_RELEVANT 51413008
ACTION SNIPPET 1200 486 SNIPPET_NOT_RELEVANT 149533460
ACTION SNIPPET 1200 489 SNIPPET_NOT_RELEVANT 47482505
ACTION SNIPPET 1200 492 SNIPPET_NOT_RELEVANT 24722766
ACTION SNIPPET 1200 495 SNIPPET_NOT_RELEVANT 2349221
ACTION SNIPPET 1200 498 SNIPPET_NOT_RELEVANT 126985544
ACTION SNIPPET 1200 501 SNIPPET_NOT_RELEVANT 69234583
ACTION SNIPPET 1200 504 SNIPPET_NOT_RELEVANT 70724398
ACTION SNIPPET 1200 507 SNIPPET_NOT_RELEVANT 12457502
ACTION SNIPPET 1200 510 SNIPPET_NOT_RELEVANT 66318680
ACTION SNIPPET 1200 513 SNIPPET_NOT_RELEVANT 121485098
ACTION SNIPPET 1200 516 SNIPPET_NOT_RELEVANT 135736346
ACTION SNIPPET 1200 519 SNIPPET_NOT_RELEVANT 140661345
ACTION SNIPPET 1200 522 SNIPPET_NOT_RELEVANT 64607467
ACTION SNIPPET 1200 525 SNIPPET_NOT_RELEVANT 69227185
ACTION SNIPPET 1200 528 SNIPPET_NOT_RELEVANT 1246670
ACTION SNIPPET 1200 531 SNIPPET_NOT_RELEVANT 69306401
ACTION SNIPPET 1200 534 SNIPPET_NOT_RELEVANT 163360967
ACTION SNIPPET 1200 537 SNIPPET_NOT_RELEVANT 46469565
ACTION SNIPPET 1200 540 SNIPPET_NOT_RELEVANT 40531853
ACTION SNIPPET 1200 543 SNIPPET_NOT_RELEVANT 69226168
ACTION SNIPPET 1200 546 SNIPPET_NOT_RELEVANT 104466289
ACTION SNIPPET 1200 549 SNIPPET_NOT_RELEVANT 155422291
ACTION SNIPPET 1200 552 SNIPPET_NOT_RELEVANT 163245922
ACTION SNIPPET 1200 555 SNIPPET_NOT_RELEVANT 46615760
ACTION QUERY 1200 565 ("trucks" OR "commercial vehicles" OR "heavy vehicles" OR "HGVs") AND ("tyres" OR "tires" OR "vehicle tyres" OR "automobile tires" OR "passenger car tyres" OR "personal transport vehicles" OR "PTVs" OR "delivery vehicles" OR "service vehicles" OR "construction" OR "mining" OR "agriculture" OR "food" OR "distribution" OR "retail" OR "urban
ACTION SERP 1200 570 EXAMINE_SERP
ACTION SNIPPET 1200 573 SNIPPET_NOT_RELEVANT 78435704
ACTION SNIPPET 1200 576 SNIPPET_NOT_RELEVANT 47482505
ACTION SNIPPET 1200 579 SNIPPET_NOT_RELEVANT 30887585
ACTION SNIPPET 1200 582 SNIPPET_NOT_RELEVANT 85728012
ACTION SNIPPET 1200 585 SNIPPET_NOT_RELEVANT 70341223
ACTION SNIPPET 1200 588 SNIPPET_NOT_RELEVANT 14147838
ACTION SNIPPET 1200 591 SNIPPET_NOT_RELEVANT 42801322
ACTION SNIPPET 1200 594 SNIPPET_NOT_RELEVANT 163560473
ACTION SNIPPET 1200 597 SNIPPET_NOT_RELEVANT 131327997
ACTION SNIPPET 1200 600 SNIPPET_NOT_RELEVANT 10998020
ACTION SNIPPET 1200 603 SNIPPET_NOT_RELEVANT 135736346
ACTION SNIPPET 1200 606 SNIPPET_NOT_RELEVANT 156087326
ACTION SNIPPET 1200 609 SNIPPET_NOT_RELEVANT 100872708
ACTION SNIPPET 1200 612 SNIPPET_NOT_RELEVANT 128971872
ACTION SNIPPET 1200 615 SNIPPET_NOT_RELEVANT 31408864
ACTION SNIPPET 1200 618 SNIPPET_NOT_RELEVANT 61131606
ACTION SNIPPET 1200 621 SNIPPET_NOT_RELEVANT 126985544
ACTION SNIPPET 1200 624 SNIPPET_NOT_RELEVANT 46615760
ACTION SNIPPET 1200 627 SNIPPET_NOT_RELEVANT 95307390
ACTION SNIPPET 1200 630 SNIPPET_NOT_RELEVANT 68448792
ACTION SNIPPET 1200 633 SNIPPET_NOT_RELEVANT 140661345
ACTION SNIPPET 1200 636 SNIPPET_NOT_RELEVANT 163108523
ACTION SNIPPET 1200 639 SNIPPET_NOT_RELEVANT 18534780
ACTION SNIPPET 1200 642 SNIPPET_NOT_RELEVANT 69234583
ACTION SNIPPET 1200 645 SNIPPET_NOT_RELEVANT 162218163
ACTION SNIPPET 1200 648 SNIPPET_NOT_RELEVANT 121485098
ACTION SNIPPET 1200 651 SNIPPET_NOT_RELEVANT 143279519
ACTION SNIPPET 1200 654 SNIPPET_NOT_RELEVANT 6786127
ACTION SNIPPET 1200 657 SNIPPET_NOT_RELEVANT 83504366
ACTION SNIPPET 1200 660 SNIPPET_NOT_RELEVANT 159342294
ACTION SNIPPET 1200 663 SNIPPET_NOT_RELEVANT 139892766
ACTION SNIPPET 1200 666 SNIPPET_NOT_RELEVANT 66318680
ACTION QUERY 1200 676 ("trucks" OR "commercial vehicles" OR "heavy vehicles" OR "HGVs") AND ("tyres" OR "tires" OR "vehicle tyres" OR "automobile tires" OR "passenger vehicle tyres" OR "PIR tyres" OR "truck tyres" OR "HGV tyres" OR "bus tyres" OR "coach tyres" OR "railway tyres" OR "railway wheels" OR "automotive tyres")
ACTION SERP 1200 681 EXAMINE_SERP
ACTION SNIPPET 1200 684 SNIPPET_NOT_RELEVANT 70341223
ACTION SNIPPET 1200 687 SNIPPET_NOT_RELEVANT 85728012
ACTION SNIPPET 1200 690 SNIPPET_NOT_RELEVANT 78435704
ACTION SNIPPET 1200 693 SNIPPET_NOT_RELEVANT 156087326
ACTION SNIPPET 1200 696 SNIPPET_NOT_RELEVANT 131327997
ACTION SNIPPET 1200 699 SNIPPET_NOT_RELEVANT 156694413
ACTION SNIPPET 1200 702 SNIPPET_NOT_RELEVANT 127573546
ACTION SNIPPET 1200 705 SNIPPET_NOT_RELEVANT 6507716
ACTION SNIPPET 1200 708 SNIPPET_NOT_RELEVANT 30887585
ACTION SNIPPET 1200 711 SNIPPET_NOT_RELEVANT 39946523
ACTION SNIPPET 1200 714 SNIPPET_NOT_RELEVANT 23901879
ACTION SNIPPET 1200 717 SNIPPET_NOT_RELEVANT 47482505
ACTION SNIPPET 1200 720 SNIPPET_NOT_RELEVANT 47644972
ACTION SNIPPET 1200 723 SNIPPET_NOT_RELEVANT 129421414
ACTION SNIPPET 1200 726 SNIPPET_NOT_RELEVANT 83079025
ACTION SNIPPET 1200 729 SNIPPET_NOT_RELEVANT 10998020
ACTION SNIPPET 1200 732 SNIPPET_NOT_RELEVANT 123213138
ACTION SNIPPET 1200 735 SNIPPET_NOT_RELEVANT 132136439
ACTION SNIPPET 1200 738 SNIPPET_NOT_RELEVANT 159342294
ACTION SNIPPET 1200 741 SNIPPET_NOT_RELEVANT 7302013
ACTION SNIPPET 1200 744 SNIPPET_NOT_RELEVANT 18611381
ACTION SNIPPET 1200 747 SNIPPET_NOT_RELEVANT 8616175
ACTION SNIPPET 1200 750 SNIPPET_NOT_RELEVANT 21474542
ACTION SNIPPET 1200 753 SNIPPET_NOT_RELEVANT 140275720
ACTION SNIPPET 1200 756 SNIPPET_NOT_RELEVANT 139986976
ACTION SNIPPET 1200 759 SNIPPET_NOT_RELEVANT 65891732
ACTION SNIPPET 1200 762 SNIPPET_NOT_RELEVANT 107262685
ACTION SNIPPET 1200 765 SNIPPET_NOT_RELEVANT 151439137
ACTION SNIPPET 1200 768 SNIPPET_NOT_RELEVANT 131768451
ACTION SNIPPET 1200 771 SNIPPET_NOT_RELEVANT 164395628
ACTION SNIPPET 1200 774 SNIPPET_NOT_RELEVANT 51617526
ACTION SNIPPET 1200 777 SNIPPET_NOT_RELEVANT 51224764
ACTION QUERY 1200 787 ("trucks" OR "commercial vehicles" OR "heavy vehicles" OR "HGVs" OR "large commercial vehicles" OR "LCVs" OR "medium commercial vehicles" OR "MCVs" OR "small commercial vehicles" OR "SCVs" OR "vans" OR "delivery vehicles" OR "cargo trucks" OR "transporters" OR "freight trucks" OR "intermodal transport" OR "container trucks" OR "tankers" OR "fuel trucks"
ACTION SERP 1200 792 EXAMINE_SERP
ACTION SNIPPET 1200 795 SNIPPET_NOT_RELEVANT 140661345
ACTION SNIPPET 1200 798 SNIPPET_NOT_RELEVANT 24722766
ACTION SNIPPET 1200 801 SNIPPET_NOT_RELEVANT 42801322
ACTION SNIPPET 1200 804 SNIPPET_NOT_RELEVANT 128971872
ACTION SNIPPET 1200 807 SNIPPET_NOT_RELEVANT 61642531
ACTION SNIPPET 1200 810 SNIPPET_NOT_RELEVANT 144918605
ACTION SNIPPET 1200 813 SNIPPET_NOT_RELEVANT 135736346
ACTION SNIPPET 1200 816 SNIPPET_NOT_RELEVANT 89641786
ACTION SNIPPET 1200 819 SNIPPET_NOT_RELEVANT 16248389
ACTION SNIPPET 1200 822 SNIPPET_NOT_RELEVANT 132354472
ACTION SNIPPET 1200 825 SNIPPET_NOT_RELEVANT 68448792
ACTION SNIPPET 1200 828 SNIPPET_NOT_RELEVANT 33397744
ACTION SNIPPET 1200 831 SNIPPET_NOT_RELEVANT 40531853
ACTION SNIPPET 1200 834 SNIPPET_NOT_RELEVANT 8332759
ACTION SNIPPET 1200 837 SNIPPET_NOT_RELEVANT 123842489
ACTION SNIPPET 1200 840 SNIPPET_NOT_RELEVANT 63582434
ACTION SNIPPET 1200 843 SNIPPET_NOT_RELEVANT 64607467
ACTION SNIPPET 1200 846 SNIPPET_NOT_RELEVANT 24058866
ACTION SNIPPET 1200 849 SNIPPET_NOT_RELEVANT 69234583
ACTION SNIPPET 1200 852 SNIPPET_NOT_RELEVANT 16973441
ACTION SNIPPET 1200 855 SNIPPET_NOT_RELEVANT 36967317
ACTION SNIPPET 1200 858 SNIPPET_NOT_RELEVANT 11081041
ACTION SNIPPET 1200 861 SNIPPET_NOT_RELEVANT 134753147
ACTION SNIPPET 1200 864 SNIPPET_NOT_RELEVANT 163507189
ACTION SNIPPET 1200 867 SNIPPET_NOT_RELEVANT 99143654
ACTION SNIPPET 1200 870 SNIPPET_NOT_RELEVANT 159664686
ACTION SNIPPET 1200 873 SNIPPET_NOT_RELEVANT 155621253
ACTION SNIPPET 1200 876 SNIPPET_NOT_RELEVANT 47482505
ACTION SNIPPET 1200 879 SNIPPET_NOT_RELEVANT 54004982
ACTION SNIPPET 1200 882 SNIPPET_NOT_RELEVANT 66318680
ACTION SNIPPET 1200 885 SNIPPET_NOT_RELEVANT 121485098
ACTION SNIPPET 1200 888 SNIPPET_NOT_RELEVANT 40195014
ACTION QUERY 1200 898 ("trucks" OR "commercial vehicles" OR "heavy vehicles" OR "transporters" OR "delivery vehicles" OR "service vehicles" OR "construction vehicles" OR "mining vehicles" OR "farm vehicles" OR "agricultural machinery") AND ("tyres" OR "tires" OR "vehicle tires" OR "passenger car tires" OR "truck tires" OR "bus tires" OR "commercial vehicle tires" OR "off-road tires" OR "construction tires
ACTION SERP 1200 903 EXAMINE_SERP
ACTION SNIPPET 1200 906 SNIPPET_NOT_RELEVANT 163560473
ACTION SNIPPET 1200 909 SNIPPET_NOT_RELEVANT 61131606
ACTION SNIPPET 1200 912 SNIPPET_NOT_RELEVANT 163360967
ACTION SNIPPET 1200 915 SNIPPET_NOT_RELEVANT 143279519
ACTION SNIPPET 1200 918 SNIPPET_NOT_RELEVANT 46615760
ACTION SNIPPET 1200 921 SNIPPET_NOT_RELEVANT 97412785
ACTION SNIPPET 1200 924 SNIPPET_NOT_RELEVANT 163108523
ACTION SNIPPET 1200 927 SNIPPET_NOT_RELEVANT 75060120
ACTION SNIPPET 1200 930 SNIPPET_NOT_RELEVANT 46469565
ACTION SNIPPET 1200 933 SNIPPET_NOT_RELEVANT 57871997
ACTION SNIPPET 1200 936 SNIPPET_NOT_RELEVANT 123164393
ACTION SNIPPET 1200 939 SNIPPET_NOT_RELEVANT 24899855
ACTION SNIPPET 1200 942 SNIPPET_NOT_RELEVANT 42106572
ACTION SNIPPET 1200 945 SNIPPET_NOT_RELEVANT 163245922
ACTION SNIPPET 1200 948 SNIPPET_NOT_RELEVANT 126985544
ACTION SNIPPET 1200 951 SNIPPET_NOT_RELEVANT 104466289
ACTION SNIPPET 1200 954 SNIPPET_NOT_RELEVANT 149800329
ACTION SNIPPET 1200 957 SNIPPET_NOT_RELEVANT 83061731
ACTION SNIPPET 1200 960 SNIPPET_NOT_RELEVANT 163437941
ACTION SNIPPET 1200 963 SNIPPET_NOT_RELEVANT 70724398
ACTION SNIPPET 1200 966 SNIPPET_NOT_RELEVANT 2288616
ACTION SNIPPET 1200 969 SNIPPET_NOT_RELEVANT 69035720
ACTION SNIPPET 1200 972 SNIPPET_NOT_RELEVANT 60624226
ACTION SNIPPET 1200 975 SNIPPET_NOT_RELEVANT 84135466
ACTION SNIPPET 1200 978 SNIPPET_NOT_RELEVANT 42992320
ACTION SNIPPET 1200 981 SNIPPET_NOT_RELEVANT 51543316
ACTION SNIPPET 1200 984 SNIPPET_NOT_RELEVANT 126082925
ACTION SNIPPET 1200 987 SNIPPET_NOT_RELEVANT 164421082
ACTION SNIPPET 1200 990 SNIPPET_NOT_RELEVANT 12457502
ACTION SNIPPET 1200 993 SNIPPET_NOT_RELEVANT 46435441
ACTION SNIPPET 1200 996 SNIPPET_NOT_RELEVANT 69306401
ACTION SNIPPET 1200 999 SNIPPET_NOT_RELEVANT 138199067
ACTION QUERY 1200 1009 ("Trucks" OR "Commercial vehicles" OR "Heavy vehicles" OR "Large vehicles" OR "Transporters" OR "18-wheelers" OR "Long-haul trucks" OR "Heavy-duty trucks" OR "Large cargo vehicles" OR "Commercial trucks" OR "Service vehicles" OR "Delivery trucks" OR "Distribution trucks" OR "Garbage trucks" OR "Concrete mixers" OR "Fire trucks" OR "Ambulances" OR "Police cars" OR "Military
ACTION SERP 1200 1014 EXAMINE_SERP
ACTION SNIPPET 1200 1017 SNIPPET_NOT_RELEVANT 89641786
ACTION SNIPPET 1200 1020 SNIPPET_NOT_RELEVANT 24722766
ACTION SNIPPET 1200 1023 SNIPPET_NOT_RELEVANT 69234583
ACTION SNIPPET 1200 1026 SNIPPET_NOT_RELEVANT 40531853
ACTION SNIPPET 1200 1029 SNIPPET_NOT_RELEVANT 144918605
ACTION SNIPPET 1200 1032 SNIPPET_NOT_RELEVANT 64607467
ACTION SNIPPET 1200 1035 SNIPPET_NOT_RELEVANT 121485098
ACTION SNIPPET 1200 1038 SNIPPET_NOT_RELEVANT 7370636
ACTION SNIPPET 1200 1041 SNIPPET_NOT_RELEVANT 16248389
ACTION SNIPPET 1200 1044 SNIPPET_NOT_RELEVANT 123842489
ACTION SNIPPET 1200 1047 SNIPPET_NOT_RELEVANT 8332759
ACTION SNIPPET 1200 1050 SNIPPET_NOT_RELEVANT 16973441
ACTION SNIPPET 1200 1053 SNIPPET_NOT_RELEVANT 47482505
ACTION SNIPPET 1200 1056 SNIPPET_NOT_RELEVANT 40195014
ACTION SNIPPET 1200 1059 SNIPPET_NOT_RELEVANT 33397744
ACTION SNIPPET 1200 1062 SNIPPET_NOT_RELEVANT 42982613
ACTION SNIPPET 1200 1065 SNIPPET_NOT_RELEVANT 3028917
ACTION SNIPPET 1200 1068 SNIPPET_NOT_RELEVANT 24058866
ACTION SNIPPET 1200 1071 SNIPPET_NOT_RELEVANT 54004982
ACTION SNIPPET 1200 1074 SNIPPET_NOT_RELEVANT 99143654
ACTION SNIPPET 1200 1077 SNIPPET_NOT_RELEVANT 61642531
ACTION SNIPPET 1200 1080 SNIPPET_NOT_RELEVANT 51908908
ACTION SNIPPET 1200 1083 SNIPPET_NOT_RELEVANT 46628516
ACTION SNIPPET 1200 1086 SNIPPET_NOT_RELEVANT 137465625
ACTION SNIPPET 1200 1089 SNIPPET_NOT_RELEVANT 163507189
ACTION SNIPPET 1200 1092 SNIPPET_NOT_RELEVANT 2349221
ACTION SNIPPET 1200 1095 SNIPPET_NOT_RELEVANT 143687362
ACTION SNIPPET 1200 1098 SNIPPET_NOT_RELEVANT 43110328
ACTION SNIPPET 1200 1101 SNIPPET_NOT_RELEVANT 132354472
ACTION SNIPPET 1200 1104 SNIPPET_NOT_RELEVANT 68448792
ACTION SNIPPET 1200 1107 SNIPPET_NOT_RELEVANT 135736346
ACTION SNIPPET 1200 1110 SNIPPET_NOT_RELEVANT 17759538
ACTION QUERY 1200 1120 ("trucks" OR "commercial vehicles" OR "heavy vehicles" OR "HGVs") AND ("tyres" OR "tires" OR "vehicle tyres" OR "auto tires" OR "commercial vehicle tyres" OR "HGV tyres" OR "passenger vehicle tyres" OR "car tyres") AND ("impact" OR "effect" OR "consequence" OR "influence" OR "aftermath" OR "repercussion" OR "reaction" OR "outcome
ACTION SERP 1200 1125 EXAMINE_SERP
ACTION SNIPPET 1200 1128 SNIPPET_NOT_RELEVANT 78435704
ACTION SNIPPET 1200 1131 SNIPPET_NOT_RELEVANT 70341223
ACTION SNIPPET 1200 1134 SNIPPET_NOT_RELEVANT 85728012
ACTION SNIPPET 1200 1137 SNIPPET_NOT_RELEVANT 30887585
ACTION SNIPPET 1200 1140 SNIPPET_NOT_RELEVANT 131327997
ACTION SNIPPET 1200 1143 SNIPPET_NOT_RELEVANT 156087326
ACTION SNIPPET 1200 1146 SNIPPET_NOT_RELEVANT 47482505
ACTION SNIPPET 1200 1149 SNIPPET_NOT_RELEVANT 10998020
ACTION SNIPPET 1200 1152 SNIPPET_NOT_RELEVANT 156694413
ACTION SNIPPET 1200 1155 SNIPPET_NOT_RELEVANT 47644972
ACTION SNIPPET 1200 1158 SNIPPET_NOT_RELEVANT 159342294
ACTION SNIPPET 1200 1161 SNIPPET_NOT_RELEVANT 8616175
ACTION SNIPPET 1200 1164 SNIPPET_NOT_RELEVANT 95307390
ACTION SNIPPET 1200 1167 SNIPPET_NOT_RELEVANT 14147838
ACTION SNIPPET 1200 1170 SNIPPET_NOT_RELEVANT 39946523
ACTION SNIPPET 1200 1173 SNIPPET_NOT_RELEVANT 7302013
ACTION SNIPPET 1200 1176 SNIPPET_NOT_RELEVANT 83079025
ACTION SNIPPET 1200 1179 SNIPPET_NOT_RELEVANT 132136439
ACTION SNIPPET 1200 1182 SNIPPET_NOT_RELEVANT 151439137
ACTION SNIPPET 1200 1185 SNIPPET_NOT_RELEVANT 6507716
ACTION SNIPPET 1200 1188 SNIPPET_NOT_RELEVANT 123213138
ACTION SNIPPET 1200 1191 SNIPPET_NOT_RELEVANT 127573546
ACTION SNIPPET 1200 1194 SNIPPET_NOT_RELEVANT 6786127
ACTION SNIPPET 1200 1197 SNIPPET_NOT_RELEVANT 129047889
ACTION SNIPPET 1200 1200 SNIPPET_NOT_RELEVANT 23901879
INFO SUMMARY 
INFO TOTAL_QUERIES_ISSUED 11
INFO TOTAL_SNIPPETS_EXAMINED 345
INFO TOTAL_DOCUMENTS_EXAMINED 0
INFO TOTAL_DOCUMENTS_MARKED_RELEVANT 0
INFO TOTAL_ATTRACTIVE_SERP_IMPRESSIONS 11
INFO TOTAL_UNATTRACTIVE_SERP_IMPRESSIONS 0
